[0.408s] Invoking command in '/home/euntaek/ws_mobile/build/mobile_robot': CMAKE_PREFIX_PATH=${CMAKE_PREFIX_PATH}:/home/euntaek/ws_mobile/install/decision_making_pkg:/home/euntaek/ws_mobile/install/debug_pkg:/opt/ros/humble /usr/bin/cmake /home/euntaek/ws_mobile/src/mobile_robot -DAMENT_CMAKE_SYMLINK_INSTALL=1 -DCMAKE_INSTALL_PREFIX=/home/euntaek/ws_mobile/install/mobile_robot
[0.559s] -- The C compiler identification is GNU 11.4.0
[0.559s] -- The CXX compiler identification is GNU 11.4.0
[0.559s] -- Detecting C compiler ABI info
[0.559s] -- Detecting C compiler ABI info - done
[0.559s] -- Check for working C compiler: /usr/bin/cc - skipped
[0.559s] -- Detecting C compile features
[0.559s] -- Detecting C compile features - done
[0.559s] -- Detecting CXX compiler ABI info
[0.582s] -- Detecting CXX compiler ABI info - done
[0.586s] -- Check for working CXX compiler: /usr/bin/c++ - skipped
[0.586s] -- Detecting CXX compile features
[0.586s] -- Detecting CXX compile features - done
[0.588s] -- Found ament_cmake: 1.3.12 (/opt/ros/humble/share/ament_cmake/cmake)
[0.670s] -- Found Python3: /usr/bin/python3 (found version "3.10.12") found components: Interpreter 
[0.706s] -- Override CMake install command with custom implementation using symlinks instead of copying resources
[0.719s] -- Found ament_lint_auto: 0.12.14 (/opt/ros/humble/share/ament_lint_auto/cmake)
[0.763s] -- Added test 'flake8' to check Python code syntax and style conventions
[0.764s] -- Added test 'lint_cmake' to check CMake code style
[0.764s] -- Added test 'pep257' to check Python code against some of the docstring style conventions in PEP 257
[0.765s] -- Added test 'xmllint' to check XML markup files
[0.766s] -- Configuring done
[0.768s] -- Generating done
[0.769s] -- Build files have been written to: /home/euntaek/ws_mobile/build/mobile_robot
[0.775s] Invoked command in '/home/euntaek/ws_mobile/build/mobile_robot' returned '0': CMAKE_PREFIX_PATH=${CMAKE_PREFIX_PATH}:/home/euntaek/ws_mobile/install/decision_making_pkg:/home/euntaek/ws_mobile/install/debug_pkg:/opt/ros/humble /usr/bin/cmake /home/euntaek/ws_mobile/src/mobile_robot -DAMENT_CMAKE_SYMLINK_INSTALL=1 -DCMAKE_INSTALL_PREFIX=/home/euntaek/ws_mobile/install/mobile_robot
[0.776s] Invoking command in '/home/euntaek/ws_mobile/build/mobile_robot': CMAKE_PREFIX_PATH=${CMAKE_PREFIX_PATH}:/home/euntaek/ws_mobile/install/decision_making_pkg:/home/euntaek/ws_mobile/install/debug_pkg:/opt/ros/humble /usr/bin/cmake --build /home/euntaek/ws_mobile/build/mobile_robot -- -j24 -l24
[0.797s] Invoked command in '/home/euntaek/ws_mobile/build/mobile_robot' returned '0': CMAKE_PREFIX_PATH=${CMAKE_PREFIX_PATH}:/home/euntaek/ws_mobile/install/decision_making_pkg:/home/euntaek/ws_mobile/install/debug_pkg:/opt/ros/humble /usr/bin/cmake --build /home/euntaek/ws_mobile/build/mobile_robot -- -j24 -l24
[0.805s] Invoking command in '/home/euntaek/ws_mobile/build/mobile_robot': CMAKE_PREFIX_PATH=${CMAKE_PREFIX_PATH}:/home/euntaek/ws_mobile/install/decision_making_pkg:/home/euntaek/ws_mobile/install/debug_pkg:/opt/ros/humble /usr/bin/cmake --install /home/euntaek/ws_mobile/build/mobile_robot
[0.808s] -- Install configuration: ""
[0.809s] -- Execute custom install script
[0.809s] -- Symlinking: /home/euntaek/ws_mobile/install/mobile_robot/share/mobile_robot/launch/__pycache__/gazebo_model.launch.cpython-310.pyc
[0.814s] -- Symlinking: /home/euntaek/ws_mobile/install/mobile_robot/share/mobile_robot/launch/gazebo_model.launch.py
[0.819s] -- Symlinking: /home/euntaek/ws_mobile/install/mobile_robot/share/mobile_robot/model/robot.gazebo
[0.826s] -- Symlinking: /home/euntaek/ws_mobile/install/mobile_robot/share/mobile_robot/model/robot.xacro
[0.831s] -- Symlinking: /home/euntaek/ws_mobile/install/mobile_robot/share/mobile_robot/parameters/bridge_parameters.yaml
[0.836s] -- Symlinking: /home/euntaek/ws_mobile/install/mobile_robot/share/mobile_robot/parameters/ekf_global.yaml
[0.842s] -- Symlinking: /home/euntaek/ws_mobile/install/mobile_robot/share/mobile_robot/parameters/ekf_local.yaml
[0.848s] -- Symlinking: /home/euntaek/ws_mobile/install/mobile_robot/share/mobile_robot/parameters/frames_2025-09-05_16.20.59.gv
[0.853s] -- Symlinking: /home/euntaek/ws_mobile/install/mobile_robot/share/mobile_robot/parameters/frames_2025-09-05_16.20.59.pdf
[0.859s] -- Symlinking: /home/euntaek/ws_mobile/install/mobile_robot/share/mobile_robot/parameters/navsat.yaml
[0.866s] -- Symlinking: /home/euntaek/ws_mobile/install/mobile_robot/share/mobile_robot/worlds/lane_markers.sdf
[0.872s] -- Symlinking: /home/euntaek/ws_mobile/install/mobile_robot/share/mobile_robot/worlds/my_world.sdf
[0.878s] -- Symlinking: /home/euntaek/ws_mobile/install/mobile_robot/share/mobile_robot/scripts/imu_cov_injector.py
[0.883s] -- Symlinking: /home/euntaek/ws_mobile/install/mobile_robot/share/mobile_robot/scripts/odom_to_navsat.py
[0.888s] -- Symlinking: /home/euntaek/ws_mobile/install/mobile_robot/share/mobile_robot/scripts/posev_to_model_pose.py
[0.893s] -- Symlinking: /home/euntaek/ws_mobile/install/mobile_robot/share/mobile_robot/scripts/steering_pot_emulator.py
[0.899s] -- Symlinking: /home/euntaek/ws_mobile/install/mobile_robot/share/mobile_robot/scripts/twist_to_ackermann_fixed.py
[0.908s] -- Symlinking: /home/euntaek/ws_mobile/install/mobile_robot/share/mobile_robot/scripts/vehicle_interface.py
[0.914s] -- Symlinking: /home/euntaek/ws_mobile/install/mobile_robot/share/mobile_robot/scripts/worldpose_to_navsat.py
[0.918s] -- Symlinking: /home/euntaek/ws_mobile/install/mobile_robot/lib/mobile_robot/vehicle_interface.py
[0.923s] -- Symlinking: /home/euntaek/ws_mobile/install/mobile_robot/lib/mobile_robot/steering_pot_emulator.py
[0.928s] -- Symlinking: /home/euntaek/ws_mobile/install/mobile_robot/lib/mobile_robot/twist_to_ackermann_fixed.py
[0.935s] -- Symlinking: /home/euntaek/ws_mobile/install/mobile_robot/lib/mobile_robot/posev_to_model_pose.py
[0.940s] -- Symlinking: /home/euntaek/ws_mobile/install/mobile_robot/lib/mobile_robot/worldpose_to_navsat.py
[0.945s] -- Symlinking: /home/euntaek/ws_mobile/install/mobile_robot/lib/mobile_robot/imu_cov_injector.py
[0.950s] -- Symlinking: /home/euntaek/ws_mobile/install/mobile_robot/share/ament_index/resource_index/package_run_dependencies/mobile_robot
[0.955s] -- Symlinking: /home/euntaek/ws_mobile/install/mobile_robot/share/ament_index/resource_index/parent_prefix_path/mobile_robot
[0.962s] -- Symlinking: /home/euntaek/ws_mobile/install/mobile_robot/share/mobile_robot/environment/ament_prefix_path.sh
[0.968s] -- Symlinking: /home/euntaek/ws_mobile/install/mobile_robot/share/mobile_robot/environment/ament_prefix_path.dsv
[0.974s] -- Symlinking: /home/euntaek/ws_mobile/install/mobile_robot/share/mobile_robot/environment/path.sh
[0.981s] -- Symlinking: /home/euntaek/ws_mobile/install/mobile_robot/share/mobile_robot/environment/path.dsv
[0.987s] -- Symlinking: /home/euntaek/ws_mobile/install/mobile_robot/share/mobile_robot/local_setup.bash
[0.992s] -- Symlinking: /home/euntaek/ws_mobile/install/mobile_robot/share/mobile_robot/local_setup.sh
[0.998s] -- Symlinking: /home/euntaek/ws_mobile/install/mobile_robot/share/mobile_robot/local_setup.zsh
[1.003s] -- Symlinking: /home/euntaek/ws_mobile/install/mobile_robot/share/mobile_robot/local_setup.dsv
[1.009s] -- Symlinking: /home/euntaek/ws_mobile/install/mobile_robot/share/mobile_robot/package.dsv
[1.014s] -- Symlinking: /home/euntaek/ws_mobile/install/mobile_robot/share/ament_index/resource_index/packages/mobile_robot
[1.020s] -- Symlinking: /home/euntaek/ws_mobile/install/mobile_robot/share/mobile_robot/cmake/mobile_robotConfig.cmake
[1.025s] -- Symlinking: /home/euntaek/ws_mobile/install/mobile_robot/share/mobile_robot/cmake/mobile_robotConfig-version.cmake
[1.030s] -- Symlinking: /home/euntaek/ws_mobile/install/mobile_robot/share/mobile_robot/package.xml
[1.036s] Invoked command in '/home/euntaek/ws_mobile/build/mobile_robot' returned '0': CMAKE_PREFIX_PATH=${CMAKE_PREFIX_PATH}:/home/euntaek/ws_mobile/install/decision_making_pkg:/home/euntaek/ws_mobile/install/debug_pkg:/opt/ros/humble /usr/bin/cmake --install /home/euntaek/ws_mobile/build/mobile_robot
