[0.962s] Invoking command in '/home/euntaek/ws_mobile/src/lidar_perception_pkg': PYTHONPATH=/home/euntaek/ws_mobile/build/lidar_perception_pkg/prefix_override:/usr/lib/python3/dist-packages/colcon_core/task/python/colcon_distutils_commands:/home/euntaek/ws_mobile/install/lidar_perception_pkg/lib/python3.10/site-packages:${PYTHONPATH} /usr/bin/python3 -W ignore:setup.py install is deprecated -W ignore:easy_install command is deprecated setup.py egg_info --egg-base ../../build/lidar_perception_pkg build --build-base /home/euntaek/ws_mobile/build/lidar_perception_pkg/build install --record /home/euntaek/ws_mobile/build/lidar_perception_pkg/install.log --single-version-externally-managed install_data
[1.091s] running egg_info
[1.091s] writing ../../build/lidar_perception_pkg/lidar_perception_pkg.egg-info/PKG-INFO
[1.091s] writing dependency_links to ../../build/lidar_perception_pkg/lidar_perception_pkg.egg-info/dependency_links.txt
[1.091s] writing entry points to ../../build/lidar_perception_pkg/lidar_perception_pkg.egg-info/entry_points.txt
[1.091s] writing requirements to ../../build/lidar_perception_pkg/lidar_perception_pkg.egg-info/requires.txt
[1.091s] writing top-level names to ../../build/lidar_perception_pkg/lidar_perception_pkg.egg-info/top_level.txt
[1.092s] reading manifest file '../../build/lidar_perception_pkg/lidar_perception_pkg.egg-info/SOURCES.txt'
[1.092s] writing manifest file '../../build/lidar_perception_pkg/lidar_perception_pkg.egg-info/SOURCES.txt'
[1.093s] running build
[1.093s] running build_py
[1.093s] running install
[1.093s] running install_lib
[1.094s] running install_data
[1.094s] running install_egg_info
[1.095s] removing '/home/euntaek/ws_mobile/install/lidar_perception_pkg/lib/python3.10/site-packages/lidar_perception_pkg-0.0.0-py3.10.egg-info' (and everything under it)
[1.095s] Copying ../../build/lidar_perception_pkg/lidar_perception_pkg.egg-info to /home/euntaek/ws_mobile/install/lidar_perception_pkg/lib/python3.10/site-packages/lidar_perception_pkg-0.0.0-py3.10.egg-info
[1.095s] running install_scripts
[1.106s] Installing lidar_obstacle_detector_node script to /home/euntaek/ws_mobile/install/lidar_perception_pkg/lib/lidar_perception_pkg
[1.106s] Installing lidar_processor_node script to /home/euntaek/ws_mobile/install/lidar_perception_pkg/lib/lidar_perception_pkg
[1.107s] Installing lidar_publisher_node script to /home/euntaek/ws_mobile/install/lidar_perception_pkg/lib/lidar_perception_pkg
[1.107s] writing list of installed files to '/home/euntaek/ws_mobile/build/lidar_perception_pkg/install.log'
[1.133s] Invoked command in '/home/euntaek/ws_mobile/src/lidar_perception_pkg' returned '0': PYTHONPATH=/home/euntaek/ws_mobile/build/lidar_perception_pkg/prefix_override:/usr/lib/python3/dist-packages/colcon_core/task/python/colcon_distutils_commands:/home/euntaek/ws_mobile/install/lidar_perception_pkg/lib/python3.10/site-packages:${PYTHONPATH} /usr/bin/python3 -W ignore:setup.py install is deprecated -W ignore:easy_install command is deprecated setup.py egg_info --egg-base ../../build/lidar_perception_pkg build --build-base /home/euntaek/ws_mobile/build/lidar_perception_pkg/build install --record /home/euntaek/ws_mobile/build/lidar_perception_pkg/install.log --single-version-externally-managed install_data
