running develop
Removing /home/euntaek/ws_mobile/install/serial_communication_pkg/lib/python3.10/site-packages/serial-communication-pkg.egg-link (link to .)
running egg_info
writing ../../build/serial_communication_pkg/serial_communication_pkg.egg-info/PKG-INFO
writing dependency_links to ../../build/serial_communication_pkg/serial_communication_pkg.egg-info/dependency_links.txt
writing entry points to ../../build/serial_communication_pkg/serial_communication_pkg.egg-info/entry_points.txt
writing requirements to ../../build/serial_communication_pkg/serial_communication_pkg.egg-info/requires.txt
writing top-level names to ../../build/serial_communication_pkg/serial_communication_pkg.egg-info/top_level.txt
reading manifest file '../../build/serial_communication_pkg/serial_communication_pkg.egg-info/SOURCES.txt'
writing manifest file '../../build/serial_communication_pkg/serial_communication_pkg.egg-info/SOURCES.txt'
running build
running build_py
creating /home/euntaek/ws_mobile/build/serial_communication_pkg/build
creating /home/euntaek/ws_mobile/build/serial_communication_pkg/build/lib
creating /home/euntaek/ws_mobile/build/serial_communication_pkg/build/lib/serial_communication_pkg
copying serial_communication_pkg/__init__.py -> /home/euntaek/ws_mobile/build/serial_communication_pkg/build/lib/serial_communication_pkg
copying serial_communication_pkg/serial_sender_node.py -> /home/euntaek/ws_mobile/build/serial_communication_pkg/build/lib/serial_communication_pkg
creating /home/euntaek/ws_mobile/build/serial_communication_pkg/build/lib/serial_communication_pkg/lib
copying serial_communication_pkg/lib/protocol_convert_func_lib.py -> /home/euntaek/ws_mobile/build/serial_communication_pkg/build/lib/serial_communication_pkg/lib
copying serial_communication_pkg/lib/__init__.py -> /home/euntaek/ws_mobile/build/serial_communication_pkg/build/lib/serial_communication_pkg/lib
running install
running install_lib
creating /home/euntaek/ws_mobile/install/serial_communication_pkg/lib/python3.10/site-packages/serial_communication_pkg
copying /home/euntaek/ws_mobile/build/serial_communication_pkg/build/lib/serial_communication_pkg/__init__.py -> /home/euntaek/ws_mobile/install/serial_communication_pkg/lib/python3.10/site-packages/serial_communication_pkg
copying /home/euntaek/ws_mobile/build/serial_communication_pkg/build/lib/serial_communication_pkg/serial_sender_node.py -> /home/euntaek/ws_mobile/install/serial_communication_pkg/lib/python3.10/site-packages/serial_communication_pkg
creating /home/euntaek/ws_mobile/install/serial_communication_pkg/lib/python3.10/site-packages/serial_communication_pkg/lib
copying /home/euntaek/ws_mobile/build/serial_communication_pkg/build/lib/serial_communication_pkg/lib/protocol_convert_func_lib.py -> /home/euntaek/ws_mobile/install/serial_communication_pkg/lib/python3.10/site-packages/serial_communication_pkg/lib
copying /home/euntaek/ws_mobile/build/serial_communication_pkg/build/lib/serial_communication_pkg/lib/__init__.py -> /home/euntaek/ws_mobile/install/serial_communication_pkg/lib/python3.10/site-packages/serial_communication_pkg/lib
byte-compiling /home/euntaek/ws_mobile/install/serial_communication_pkg/lib/python3.10/site-packages/serial_communication_pkg/__init__.py to __init__.cpython-310.pyc
byte-compiling /home/euntaek/ws_mobile/install/serial_communication_pkg/lib/python3.10/site-packages/serial_communication_pkg/serial_sender_node.py to serial_sender_node.cpython-310.pyc
byte-compiling /home/euntaek/ws_mobile/install/serial_communication_pkg/lib/python3.10/site-packages/serial_communication_pkg/lib/protocol_convert_func_lib.py to protocol_convert_func_lib.cpython-310.pyc
byte-compiling /home/euntaek/ws_mobile/install/serial_communication_pkg/lib/python3.10/site-packages/serial_communication_pkg/lib/__init__.py to __init__.cpython-310.pyc
running install_data
copying resource/serial_communication_pkg -> /home/euntaek/ws_mobile/install/serial_communication_pkg/share/ament_index/resource_index/packages
copying package.xml -> /home/euntaek/ws_mobile/install/serial_communication_pkg/share/serial_communication_pkg
running install_egg_info
Copying ../../build/serial_communication_pkg/serial_communication_pkg.egg-info to /home/euntaek/ws_mobile/install/serial_communication_pkg/lib/python3.10/site-packages/serial_communication_pkg-0.0.0-py3.10.egg-info
running install_scripts
Installing serial_sender_node script to /home/euntaek/ws_mobile/install/serial_communication_pkg/lib/serial_communication_pkg
writing list of installed files to '/home/euntaek/ws_mobile/build/serial_communication_pkg/install.log'
