[0.763s] Invoking command in '/home/euntaek/ws_mobile/build/serial_communication_pkg': PYTHONPATH=/home/euntaek/ws_mobile/build/serial_communication_pkg/prefix_override:/usr/lib/python3/dist-packages/colcon_core/task/python/colcon_distutils_commands:/home/euntaek/ws_mobile/install/serial_communication_pkg/lib/python3.10/site-packages:${PYTHONPATH} /usr/bin/python3 -W ignore:setup.py install is deprecated -W ignore:easy_install command is deprecated setup.py develop --uninstall --editable --build-directory /home/euntaek/ws_mobile/build/serial_communication_pkg/build
[0.904s] running develop
[0.988s] Removing /home/euntaek/ws_mobile/install/serial_communication_pkg/lib/python3.10/site-packages/serial-communication-pkg.egg-link (link to .)
[1.012s] Invoked command in '/home/euntaek/ws_mobile/build/serial_communication_pkg' returned '0': PYTHONPATH=/home/euntaek/ws_mobile/build/serial_communication_pkg/prefix_override:/usr/lib/python3/dist-packages/colcon_core/task/python/colcon_distutils_commands:/home/euntaek/ws_mobile/install/serial_communication_pkg/lib/python3.10/site-packages:${PYTHONPATH} /usr/bin/python3 -W ignore:setup.py install is deprecated -W ignore:easy_install command is deprecated setup.py develop --uninstall --editable --build-directory /home/euntaek/ws_mobile/build/serial_communication_pkg/build
[1.013s] Invoking command in '/home/euntaek/ws_mobile/src/serial_communication_pkg': PYTHONPATH=/home/euntaek/ws_mobile/build/serial_communication_pkg/prefix_override:/usr/lib/python3/dist-packages/colcon_core/task/python/colcon_distutils_commands:/home/euntaek/ws_mobile/install/serial_communication_pkg/lib/python3.10/site-packages:${PYTHONPATH} /usr/bin/python3 -W ignore:setup.py install is deprecated -W ignore:easy_install command is deprecated setup.py egg_info --egg-base ../../build/serial_communication_pkg build --build-base /home/euntaek/ws_mobile/build/serial_communication_pkg/build install --record /home/euntaek/ws_mobile/build/serial_communication_pkg/install.log --single-version-externally-managed install_data --force
[1.143s] running egg_info
[1.143s] writing ../../build/serial_communication_pkg/serial_communication_pkg.egg-info/PKG-INFO
[1.143s] writing dependency_links to ../../build/serial_communication_pkg/serial_communication_pkg.egg-info/dependency_links.txt
[1.143s] writing entry points to ../../build/serial_communication_pkg/serial_communication_pkg.egg-info/entry_points.txt
[1.143s] writing requirements to ../../build/serial_communication_pkg/serial_communication_pkg.egg-info/requires.txt
[1.143s] writing top-level names to ../../build/serial_communication_pkg/serial_communication_pkg.egg-info/top_level.txt
[1.144s] reading manifest file '../../build/serial_communication_pkg/serial_communication_pkg.egg-info/SOURCES.txt'
[1.145s] writing manifest file '../../build/serial_communication_pkg/serial_communication_pkg.egg-info/SOURCES.txt'
[1.145s] running build
[1.145s] running build_py
[1.145s] creating /home/euntaek/ws_mobile/build/serial_communication_pkg/build
[1.145s] creating /home/euntaek/ws_mobile/build/serial_communication_pkg/build/lib
[1.145s] creating /home/euntaek/ws_mobile/build/serial_communication_pkg/build/lib/serial_communication_pkg
[1.145s] copying serial_communication_pkg/__init__.py -> /home/euntaek/ws_mobile/build/serial_communication_pkg/build/lib/serial_communication_pkg
[1.145s] copying serial_communication_pkg/serial_sender_node.py -> /home/euntaek/ws_mobile/build/serial_communication_pkg/build/lib/serial_communication_pkg
[1.145s] creating /home/euntaek/ws_mobile/build/serial_communication_pkg/build/lib/serial_communication_pkg/lib
[1.145s] copying serial_communication_pkg/lib/protocol_convert_func_lib.py -> /home/euntaek/ws_mobile/build/serial_communication_pkg/build/lib/serial_communication_pkg/lib
[1.145s] copying serial_communication_pkg/lib/__init__.py -> /home/euntaek/ws_mobile/build/serial_communication_pkg/build/lib/serial_communication_pkg/lib
[1.146s] running install
[1.146s] running install_lib
[1.146s] creating /home/euntaek/ws_mobile/install/serial_communication_pkg/lib/python3.10/site-packages/serial_communication_pkg
[1.146s] copying /home/euntaek/ws_mobile/build/serial_communication_pkg/build/lib/serial_communication_pkg/__init__.py -> /home/euntaek/ws_mobile/install/serial_communication_pkg/lib/python3.10/site-packages/serial_communication_pkg
[1.146s] copying /home/euntaek/ws_mobile/build/serial_communication_pkg/build/lib/serial_communication_pkg/serial_sender_node.py -> /home/euntaek/ws_mobile/install/serial_communication_pkg/lib/python3.10/site-packages/serial_communication_pkg
[1.146s] creating /home/euntaek/ws_mobile/install/serial_communication_pkg/lib/python3.10/site-packages/serial_communication_pkg/lib
[1.146s] copying /home/euntaek/ws_mobile/build/serial_communication_pkg/build/lib/serial_communication_pkg/lib/protocol_convert_func_lib.py -> /home/euntaek/ws_mobile/install/serial_communication_pkg/lib/python3.10/site-packages/serial_communication_pkg/lib
[1.146s] copying /home/euntaek/ws_mobile/build/serial_communication_pkg/build/lib/serial_communication_pkg/lib/__init__.py -> /home/euntaek/ws_mobile/install/serial_communication_pkg/lib/python3.10/site-packages/serial_communication_pkg/lib
[1.146s] byte-compiling /home/euntaek/ws_mobile/install/serial_communication_pkg/lib/python3.10/site-packages/serial_communication_pkg/__init__.py to __init__.cpython-310.pyc
[1.147s] byte-compiling /home/euntaek/ws_mobile/install/serial_communication_pkg/lib/python3.10/site-packages/serial_communication_pkg/serial_sender_node.py to serial_sender_node.cpython-310.pyc
[1.147s] byte-compiling /home/euntaek/ws_mobile/install/serial_communication_pkg/lib/python3.10/site-packages/serial_communication_pkg/lib/protocol_convert_func_lib.py to protocol_convert_func_lib.cpython-310.pyc
[1.147s] byte-compiling /home/euntaek/ws_mobile/install/serial_communication_pkg/lib/python3.10/site-packages/serial_communication_pkg/lib/__init__.py to __init__.cpython-310.pyc
[1.147s] running install_data
[1.147s] copying resource/serial_communication_pkg -> /home/euntaek/ws_mobile/install/serial_communication_pkg/share/ament_index/resource_index/packages
[1.148s] copying package.xml -> /home/euntaek/ws_mobile/install/serial_communication_pkg/share/serial_communication_pkg
[1.148s] running install_egg_info
[1.148s] Copying ../../build/serial_communication_pkg/serial_communication_pkg.egg-info to /home/euntaek/ws_mobile/install/serial_communication_pkg/lib/python3.10/site-packages/serial_communication_pkg-0.0.0-py3.10.egg-info
[1.149s] running install_scripts
[1.160s] Installing serial_sender_node script to /home/euntaek/ws_mobile/install/serial_communication_pkg/lib/serial_communication_pkg
[1.160s] writing list of installed files to '/home/euntaek/ws_mobile/build/serial_communication_pkg/install.log'
[1.377s] Invoked command in '/home/euntaek/ws_mobile/src/serial_communication_pkg' returned '0': PYTHONPATH=/home/euntaek/ws_mobile/build/serial_communication_pkg/prefix_override:/usr/lib/python3/dist-packages/colcon_core/task/python/colcon_distutils_commands:/home/euntaek/ws_mobile/install/serial_communication_pkg/lib/python3.10/site-packages:${PYTHONPATH} /usr/bin/python3 -W ignore:setup.py install is deprecated -W ignore:easy_install command is deprecated setup.py egg_info --egg-base ../../build/serial_communication_pkg build --build-base /home/euntaek/ws_mobile/build/serial_communication_pkg/build install --record /home/euntaek/ws_mobile/build/serial_communication_pkg/install.log --single-version-externally-managed install_data --force
