running egg_info
writing ../../build/lidar_perception_pkg/lidar_perception_pkg.egg-info/PKG-INFO
writing dependency_links to ../../build/lidar_perception_pkg/lidar_perception_pkg.egg-info/dependency_links.txt
writing entry points to ../../build/lidar_perception_pkg/lidar_perception_pkg.egg-info/entry_points.txt
writing requirements to ../../build/lidar_perception_pkg/lidar_perception_pkg.egg-info/requires.txt
writing top-level names to ../../build/lidar_perception_pkg/lidar_perception_pkg.egg-info/top_level.txt
reading manifest file '../../build/lidar_perception_pkg/lidar_perception_pkg.egg-info/SOURCES.txt'
writing manifest file '../../build/lidar_perception_pkg/lidar_perception_pkg.egg-info/SOURCES.txt'
running build
running build_py
running install
running install_lib
running install_data
running install_egg_info
removing '/home/euntaek/ws_mobile/install/lidar_perception_pkg/lib/python3.10/site-packages/lidar_perception_pkg-0.0.0-py3.10.egg-info' (and everything under it)
Copying ../../build/lidar_perception_pkg/lidar_perception_pkg.egg-info to /home/euntaek/ws_mobile/install/lidar_perception_pkg/lib/python3.10/site-packages/lidar_perception_pkg-0.0.0-py3.10.egg-info
running install_scripts
Installing lidar_obstacle_detector_node script to /home/euntaek/ws_mobile/install/lidar_perception_pkg/lib/lidar_perception_pkg
Installing lidar_processor_node script to /home/euntaek/ws_mobile/install/lidar_perception_pkg/lib/lidar_perception_pkg
Installing lidar_publisher_node script to /home/euntaek/ws_mobile/install/lidar_perception_pkg/lib/lidar_perception_pkg
writing list of installed files to '/home/euntaek/ws_mobile/build/lidar_perception_pkg/install.log'
