[0.740s] Invoking command in '/home/euntaek/ws_mobile/build/serial_communication_pkg': PYTHONPATH=/home/euntaek/ws_mobile/build/serial_communication_pkg/prefix_override:/usr/lib/python3/dist-packages/colcon_core/task/python/colcon_distutils_commands:/home/euntaek/ws_mobile/install/serial_communication_pkg/lib/python3.10/site-packages:${PYTHONPATH} /usr/bin/python3 -W ignore:setup.py install is deprecated -W ignore:easy_install command is deprecated setup.py develop --editable --build-directory /home/euntaek/ws_mobile/build/serial_communication_pkg/build --no-deps symlink_data
[0.882s] running develop
[0.961s] running egg_info
[0.961s] creating serial_communication_pkg.egg-info
[0.961s] writing serial_communication_pkg.egg-info/PKG-INFO
[0.962s] writing dependency_links to serial_communication_pkg.egg-info/dependency_links.txt
[0.962s] writing entry points to serial_communication_pkg.egg-info/entry_points.txt
[0.962s] writing requirements to serial_communication_pkg.egg-info/requires.txt
[0.962s] writing top-level names to serial_communication_pkg.egg-info/top_level.txt
[0.962s] writing manifest file 'serial_communication_pkg.egg-info/SOURCES.txt'
[0.963s] reading manifest file 'serial_communication_pkg.egg-info/SOURCES.txt'
[0.963s] writing manifest file 'serial_communication_pkg.egg-info/SOURCES.txt'
[0.964s] running build_ext
[0.964s] Creating /home/euntaek/ws_mobile/install/serial_communication_pkg/lib/python3.10/site-packages/serial-communication-pkg.egg-link (link to .)
[0.965s] Installing serial_sender_node script to /home/euntaek/ws_mobile/install/serial_communication_pkg/lib/serial_communication_pkg
[0.965s] 
[0.965s] Installed /home/euntaek/ws_mobile/build/serial_communication_pkg
[0.965s] running symlink_data
[0.965s] creating /home/euntaek/ws_mobile/install/serial_communication_pkg/share/ament_index
[0.965s] creating /home/euntaek/ws_mobile/install/serial_communication_pkg/share/ament_index/resource_index
[0.965s] creating /home/euntaek/ws_mobile/install/serial_communication_pkg/share/ament_index/resource_index/packages
[0.965s] symbolically linking /home/euntaek/ws_mobile/build/serial_communication_pkg/resource/serial_communication_pkg -> /home/euntaek/ws_mobile/install/serial_communication_pkg/share/ament_index/resource_index/packages
[0.965s] symbolically linking /home/euntaek/ws_mobile/build/serial_communication_pkg/package.xml -> /home/euntaek/ws_mobile/install/serial_communication_pkg/share/serial_communication_pkg
[0.985s] Invoked command in '/home/euntaek/ws_mobile/build/serial_communication_pkg' returned '0': PYTHONPATH=/home/euntaek/ws_mobile/build/serial_communication_pkg/prefix_override:/usr/lib/python3/dist-packages/colcon_core/task/python/colcon_distutils_commands:/home/euntaek/ws_mobile/install/serial_communication_pkg/lib/python3.10/site-packages:${PYTHONPATH} /usr/bin/python3 -W ignore:setup.py install is deprecated -W ignore:easy_install command is deprecated setup.py develop --editable --build-directory /home/euntaek/ws_mobile/build/serial_communication_pkg/build --no-deps symlink_data
