[0.963s] Invoking command in '/home/euntaek/ws_mobile/src/gps_path': PYTHONPATH=/home/euntaek/ws_mobile/build/gps_path/prefix_override:/usr/lib/python3/dist-packages/colcon_core/task/python/colcon_distutils_commands:/home/euntaek/ws_mobile/install/gps_path/lib/python3.10/site-packages:${PYTHONPATH} /usr/bin/python3 -W ignore:setup.py install is deprecated -W ignore:easy_install command is deprecated setup.py egg_info --egg-base ../../build/gps_path build --build-base /home/euntaek/ws_mobile/build/gps_path/build install --record /home/euntaek/ws_mobile/build/gps_path/install.log --single-version-externally-managed install_data
[1.092s] running egg_info
[1.092s] writing ../../build/gps_path/gps_path.egg-info/PKG-INFO
[1.092s] writing dependency_links to ../../build/gps_path/gps_path.egg-info/dependency_links.txt
[1.093s] writing entry points to ../../build/gps_path/gps_path.egg-info/entry_points.txt
[1.093s] writing requirements to ../../build/gps_path/gps_path.egg-info/requires.txt
[1.093s] writing top-level names to ../../build/gps_path/gps_path.egg-info/top_level.txt
[1.094s] reading manifest file '../../build/gps_path/gps_path.egg-info/SOURCES.txt'
[1.094s] writing manifest file '../../build/gps_path/gps_path.egg-info/SOURCES.txt'
[1.094s] running build
[1.094s] running build_py
[1.094s] running install
[1.095s] running install_lib
[1.095s] running install_data
[1.095s] running install_egg_info
[1.096s] removing '/home/euntaek/ws_mobile/install/gps_path/lib/python3.10/site-packages/gps_path-0.0.1-py3.10.egg-info' (and everything under it)
[1.097s] Copying ../../build/gps_path/gps_path.egg-info to /home/euntaek/ws_mobile/install/gps_path/lib/python3.10/site-packages/gps_path-0.0.1-py3.10.egg-info
[1.097s] running install_scripts
[1.108s] Installing gps_centerline_node script to /home/euntaek/ws_mobile/install/gps_path/lib/gps_path
[1.108s] writing list of installed files to '/home/euntaek/ws_mobile/build/gps_path/install.log'
[1.122s] Invoked command in '/home/euntaek/ws_mobile/src/gps_path' returned '0': PYTHONPATH=/home/euntaek/ws_mobile/build/gps_path/prefix_override:/usr/lib/python3/dist-packages/colcon_core/task/python/colcon_distutils_commands:/home/euntaek/ws_mobile/install/gps_path/lib/python3.10/site-packages:${PYTHONPATH} /usr/bin/python3 -W ignore:setup.py install is deprecated -W ignore:easy_install command is deprecated setup.py egg_info --egg-base ../../build/gps_path build --build-base /home/euntaek/ws_mobile/build/gps_path/build install --record /home/euntaek/ws_mobile/build/gps_path/install.log --single-version-externally-managed install_data
