[0.749s] Invoking command in '/home/euntaek/ws_mobile/build/camera_perception_pkg': PYTHONPATH=/home/euntaek/ws_mobile/build/camera_perception_pkg/prefix_override:/usr/lib/python3/dist-packages/colcon_core/task/python/colcon_distutils_commands:/home/euntaek/ws_mobile/install/camera_perception_pkg/lib/python3.10/site-packages:${PYTHONPATH} /usr/bin/python3 -W ignore:setup.py install is deprecated -W ignore:easy_install command is deprecated setup.py develop --editable --build-directory /home/euntaek/ws_mobile/build/camera_perception_pkg/build --no-deps symlink_data
[0.884s] running develop
[0.960s] running egg_info
[0.960s] creating camera_perception_pkg.egg-info
[0.960s] writing camera_perception_pkg.egg-info/PKG-INFO
[0.960s] writing dependency_links to camera_perception_pkg.egg-info/dependency_links.txt
[0.960s] writing entry points to camera_perception_pkg.egg-info/entry_points.txt
[0.960s] writing requirements to camera_perception_pkg.egg-info/requires.txt
[0.960s] writing top-level names to camera_perception_pkg.egg-info/top_level.txt
[0.960s] writing manifest file 'camera_perception_pkg.egg-info/SOURCES.txt'
[0.961s] reading manifest file 'camera_perception_pkg.egg-info/SOURCES.txt'
[0.962s] writing manifest file 'camera_perception_pkg.egg-info/SOURCES.txt'
[0.962s] running build_ext
[0.962s] Creating /home/euntaek/ws_mobile/install/camera_perception_pkg/lib/python3.10/site-packages/camera-perception-pkg.egg-link (link to .)
[0.963s] Installing image_publisher_node script to /home/euntaek/ws_mobile/install/camera_perception_pkg/lib/camera_perception_pkg
[0.963s] Installing lane_info_extractor_node script to /home/euntaek/ws_mobile/install/camera_perception_pkg/lib/camera_perception_pkg
[0.963s] Installing traffic_light_detector_node script to /home/euntaek/ws_mobile/install/camera_perception_pkg/lib/camera_perception_pkg
[0.963s] Installing yolov8_node script to /home/euntaek/ws_mobile/install/camera_perception_pkg/lib/camera_perception_pkg
[0.963s] 
[0.963s] Installed /home/euntaek/ws_mobile/build/camera_perception_pkg
[0.963s] running symlink_data
[0.963s] creating /home/euntaek/ws_mobile/install/camera_perception_pkg/share/ament_index
[0.963s] creating /home/euntaek/ws_mobile/install/camera_perception_pkg/share/ament_index/resource_index
[0.963s] creating /home/euntaek/ws_mobile/install/camera_perception_pkg/share/ament_index/resource_index/packages
[0.963s] symbolically linking /home/euntaek/ws_mobile/build/camera_perception_pkg/resource/camera_perception_pkg -> /home/euntaek/ws_mobile/install/camera_perception_pkg/share/ament_index/resource_index/packages
[0.964s] symbolically linking /home/euntaek/ws_mobile/build/camera_perception_pkg/package.xml -> /home/euntaek/ws_mobile/install/camera_perception_pkg/share/camera_perception_pkg
[0.982s] Invoked command in '/home/euntaek/ws_mobile/build/camera_perception_pkg' returned '0': PYTHONPATH=/home/euntaek/ws_mobile/build/camera_perception_pkg/prefix_override:/usr/lib/python3/dist-packages/colcon_core/task/python/colcon_distutils_commands:/home/euntaek/ws_mobile/install/camera_perception_pkg/lib/python3.10/site-packages:${PYTHONPATH} /usr/bin/python3 -W ignore:setup.py install is deprecated -W ignore:easy_install command is deprecated setup.py develop --editable --build-directory /home/euntaek/ws_mobile/build/camera_perception_pkg/build --no-deps symlink_data
