[0.428s] Invoking command in '/home/euntaek/ws_mobile/build/my_robot_description': CMAKE_PREFIX_PATH=${CMAKE_PREFIX_PATH}:/home/euntaek/ws_mobile/install/serial_communication_pkg:/home/euntaek/ws_mobile/install/lidar_perception_pkg:/home/euntaek/ws_mobile/install/decision_making_pkg:/home/euntaek/ws_mobile/install/debug_pkg:/home/euntaek/ws_mobile/install/gps_path:/home/euntaek/ws_mobile/install/camera_perception_pkg:/opt/ros/humble /usr/bin/cmake --build /home/euntaek/ws_mobile/build/my_robot_description -- -j24 -l24
[0.587s] Invoked command in '/home/euntaek/ws_mobile/build/my_robot_description' returned '0': CMAKE_PREFIX_PATH=${CMAKE_PREFIX_PATH}:/home/euntaek/ws_mobile/install/serial_communication_pkg:/home/euntaek/ws_mobile/install/lidar_perception_pkg:/home/euntaek/ws_mobile/install/decision_making_pkg:/home/euntaek/ws_mobile/install/debug_pkg:/home/euntaek/ws_mobile/install/gps_path:/home/euntaek/ws_mobile/install/camera_perception_pkg:/opt/ros/humble /usr/bin/cmake --build /home/euntaek/ws_mobile/build/my_robot_description -- -j24 -l24
[0.588s] Invoking command in '/home/euntaek/ws_mobile/build/my_robot_description': CMAKE_PREFIX_PATH=${CMAKE_PREFIX_PATH}:/home/euntaek/ws_mobile/install/serial_communication_pkg:/home/euntaek/ws_mobile/install/lidar_perception_pkg:/home/euntaek/ws_mobile/install/decision_making_pkg:/home/euntaek/ws_mobile/install/debug_pkg:/home/euntaek/ws_mobile/install/gps_path:/home/euntaek/ws_mobile/install/camera_perception_pkg:/opt/ros/humble /usr/bin/cmake --install /home/euntaek/ws_mobile/build/my_robot_description
[0.597s] -- Install configuration: ""
[0.597s] -- Execute custom install script
[0.597s] -- Up-to-date symlink: /home/euntaek/ws_mobile/install/my_robot_description/share/ament_index/resource_index/package_run_dependencies/my_robot_description
[0.597s] -- Up-to-date symlink: /home/euntaek/ws_mobile/install/my_robot_description/share/ament_index/resource_index/parent_prefix_path/my_robot_description
[0.597s] -- Up-to-date symlink: /home/euntaek/ws_mobile/install/my_robot_description/share/my_robot_description/environment/ament_prefix_path.sh
[0.597s] -- Up-to-date symlink: /home/euntaek/ws_mobile/install/my_robot_description/share/my_robot_description/environment/ament_prefix_path.dsv
[0.597s] -- Up-to-date symlink: /home/euntaek/ws_mobile/install/my_robot_description/share/my_robot_description/environment/path.sh
[0.597s] -- Up-to-date symlink: /home/euntaek/ws_mobile/install/my_robot_description/share/my_robot_description/environment/path.dsv
[0.598s] -- Up-to-date symlink: /home/euntaek/ws_mobile/install/my_robot_description/share/my_robot_description/local_setup.bash
[0.598s] -- Up-to-date symlink: /home/euntaek/ws_mobile/install/my_robot_description/share/my_robot_description/local_setup.sh
[0.598s] -- Up-to-date symlink: /home/euntaek/ws_mobile/install/my_robot_description/share/my_robot_description/local_setup.zsh
[0.598s] -- Up-to-date symlink: /home/euntaek/ws_mobile/install/my_robot_description/share/my_robot_description/local_setup.dsv
[0.598s] -- Symlinking: /home/euntaek/ws_mobile/install/my_robot_description/share/my_robot_description/package.dsv
[0.613s] -- Up-to-date symlink: /home/euntaek/ws_mobile/install/my_robot_description/share/ament_index/resource_index/packages/my_robot_description
[0.613s] -- Up-to-date symlink: /home/euntaek/ws_mobile/install/my_robot_description/share/my_robot_description/cmake/my_robot_descriptionConfig.cmake
[0.613s] -- Up-to-date symlink: /home/euntaek/ws_mobile/install/my_robot_description/share/my_robot_description/cmake/my_robot_descriptionConfig-version.cmake
[0.613s] -- Up-to-date symlink: /home/euntaek/ws_mobile/install/my_robot_description/share/my_robot_description/package.xml
[0.614s] -- Up-to-date symlink: /home/euntaek/ws_mobile/install/my_robot_description/share/my_robot_description/launch/display.launch.py
[0.614s] -- Up-to-date symlink: /home/euntaek/ws_mobile/install/my_robot_description/share/my_robot_description/urdf/my_car.urdf
[0.617s] Invoked command in '/home/euntaek/ws_mobile/build/my_robot_description' returned '0': CMAKE_PREFIX_PATH=${CMAKE_PREFIX_PATH}:/home/euntaek/ws_mobile/install/serial_communication_pkg:/home/euntaek/ws_mobile/install/lidar_perception_pkg:/home/euntaek/ws_mobile/install/decision_making_pkg:/home/euntaek/ws_mobile/install/debug_pkg:/home/euntaek/ws_mobile/install/gps_path:/home/euntaek/ws_mobile/install/camera_perception_pkg:/opt/ros/humble /usr/bin/cmake --install /home/euntaek/ws_mobile/build/my_robot_description
