[0.758s] Invoking command in '/home/euntaek/ws_mobile/src/gps_path': PYTHONPATH=/home/euntaek/ws_mobile/build/gps_path/prefix_override:/usr/lib/python3/dist-packages/colcon_core/task/python/colcon_distutils_commands:/home/euntaek/ws_mobile/install/gps_path/lib/python3.10/site-packages:${PYTHONPATH} /usr/bin/python3 -W ignore:setup.py install is deprecated -W ignore:easy_install command is deprecated setup.py egg_info --egg-base ../../build/gps_path build --build-base /home/euntaek/ws_mobile/build/gps_path/build install --record /home/euntaek/ws_mobile/build/gps_path/install.log --single-version-externally-managed install_data
[0.917s] running egg_info
[0.918s] writing ../../build/gps_path/gps_path.egg-info/PKG-INFO
[0.918s] writing dependency_links to ../../build/gps_path/gps_path.egg-info/dependency_links.txt
[0.918s] writing entry points to ../../build/gps_path/gps_path.egg-info/entry_points.txt
[0.921s] writing requirements to ../../build/gps_path/gps_path.egg-info/requires.txt
[0.921s] writing top-level names to ../../build/gps_path/gps_path.egg-info/top_level.txt
[0.921s] reading manifest file '../../build/gps_path/gps_path.egg-info/SOURCES.txt'
[0.924s] writing manifest file '../../build/gps_path/gps_path.egg-info/SOURCES.txt'
[0.924s] running build
[0.924s] running build_py
[0.924s] running install
[0.924s] running install_lib
[0.924s] running install_data
[0.924s] running install_egg_info
[0.927s] removing '/home/euntaek/ws_mobile/install/gps_path/lib/python3.10/site-packages/gps_path-0.0.1-py3.10.egg-info' (and everything under it)
[0.927s] Copying ../../build/gps_path/gps_path.egg-info to /home/euntaek/ws_mobile/install/gps_path/lib/python3.10/site-packages/gps_path-0.0.1-py3.10.egg-info
[0.927s] running install_scripts
[0.942s] Installing gps_centerline_node script to /home/euntaek/ws_mobile/install/gps_path/lib/gps_path
[0.942s] writing list of installed files to '/home/euntaek/ws_mobile/build/gps_path/install.log'
[0.978s] Invoked command in '/home/euntaek/ws_mobile/src/gps_path' returned '0': PYTHONPATH=/home/euntaek/ws_mobile/build/gps_path/prefix_override:/usr/lib/python3/dist-packages/colcon_core/task/python/colcon_distutils_commands:/home/euntaek/ws_mobile/install/gps_path/lib/python3.10/site-packages:${PYTHONPATH} /usr/bin/python3 -W ignore:setup.py install is deprecated -W ignore:easy_install command is deprecated setup.py egg_info --egg-base ../../build/gps_path build --build-base /home/euntaek/ws_mobile/build/gps_path/build install --record /home/euntaek/ws_mobile/build/gps_path/install.log --single-version-externally-managed install_data
