running develop
Removing /home/euntaek/ws_mobile/install/lidar_perception_pkg/lib/python3.10/site-packages/lidar-perception-pkg.egg-link (link to .)
running egg_info
writing ../../build/lidar_perception_pkg/lidar_perception_pkg.egg-info/PKG-INFO
writing dependency_links to ../../build/lidar_perception_pkg/lidar_perception_pkg.egg-info/dependency_links.txt
writing entry points to ../../build/lidar_perception_pkg/lidar_perception_pkg.egg-info/entry_points.txt
writing requirements to ../../build/lidar_perception_pkg/lidar_perception_pkg.egg-info/requires.txt
writing top-level names to ../../build/lidar_perception_pkg/lidar_perception_pkg.egg-info/top_level.txt
reading manifest file '../../build/lidar_perception_pkg/lidar_perception_pkg.egg-info/SOURCES.txt'
writing manifest file '../../build/lidar_perception_pkg/lidar_perception_pkg.egg-info/SOURCES.txt'
running build
running build_py
creating /home/euntaek/ws_mobile/build/lidar_perception_pkg/build
creating /home/euntaek/ws_mobile/build/lidar_perception_pkg/build/lib
creating /home/euntaek/ws_mobile/build/lidar_perception_pkg/build/lib/lidar_perception_pkg
copying lidar_perception_pkg/__init__.py -> /home/euntaek/ws_mobile/build/lidar_perception_pkg/build/lib/lidar_perception_pkg
copying lidar_perception_pkg/lidar_processor_node.py -> /home/euntaek/ws_mobile/build/lidar_perception_pkg/build/lib/lidar_perception_pkg
copying lidar_perception_pkg/lidar_publisher_node.py -> /home/euntaek/ws_mobile/build/lidar_perception_pkg/build/lib/lidar_perception_pkg
copying lidar_perception_pkg/lidar_obstacle_detector_node.py -> /home/euntaek/ws_mobile/build/lidar_perception_pkg/build/lib/lidar_perception_pkg
creating /home/euntaek/ws_mobile/build/lidar_perception_pkg/build/lib/lidar_perception_pkg/lib
copying lidar_perception_pkg/lib/__init__.py -> /home/euntaek/ws_mobile/build/lidar_perception_pkg/build/lib/lidar_perception_pkg/lib
copying lidar_perception_pkg/lib/lidar_perception_func_lib.py -> /home/euntaek/ws_mobile/build/lidar_perception_pkg/build/lib/lidar_perception_pkg/lib
running install
running install_lib
creating /home/euntaek/ws_mobile/install/lidar_perception_pkg/lib/python3.10/site-packages/lidar_perception_pkg
copying /home/euntaek/ws_mobile/build/lidar_perception_pkg/build/lib/lidar_perception_pkg/__init__.py -> /home/euntaek/ws_mobile/install/lidar_perception_pkg/lib/python3.10/site-packages/lidar_perception_pkg
copying /home/euntaek/ws_mobile/build/lidar_perception_pkg/build/lib/lidar_perception_pkg/lidar_processor_node.py -> /home/euntaek/ws_mobile/install/lidar_perception_pkg/lib/python3.10/site-packages/lidar_perception_pkg
creating /home/euntaek/ws_mobile/install/lidar_perception_pkg/lib/python3.10/site-packages/lidar_perception_pkg/lib
copying /home/euntaek/ws_mobile/build/lidar_perception_pkg/build/lib/lidar_perception_pkg/lib/__init__.py -> /home/euntaek/ws_mobile/install/lidar_perception_pkg/lib/python3.10/site-packages/lidar_perception_pkg/lib
copying /home/euntaek/ws_mobile/build/lidar_perception_pkg/build/lib/lidar_perception_pkg/lib/lidar_perception_func_lib.py -> /home/euntaek/ws_mobile/install/lidar_perception_pkg/lib/python3.10/site-packages/lidar_perception_pkg/lib
copying /home/euntaek/ws_mobile/build/lidar_perception_pkg/build/lib/lidar_perception_pkg/lidar_publisher_node.py -> /home/euntaek/ws_mobile/install/lidar_perception_pkg/lib/python3.10/site-packages/lidar_perception_pkg
copying /home/euntaek/ws_mobile/build/lidar_perception_pkg/build/lib/lidar_perception_pkg/lidar_obstacle_detector_node.py -> /home/euntaek/ws_mobile/install/lidar_perception_pkg/lib/python3.10/site-packages/lidar_perception_pkg
byte-compiling /home/euntaek/ws_mobile/install/lidar_perception_pkg/lib/python3.10/site-packages/lidar_perception_pkg/__init__.py to __init__.cpython-310.pyc
byte-compiling /home/euntaek/ws_mobile/install/lidar_perception_pkg/lib/python3.10/site-packages/lidar_perception_pkg/lidar_processor_node.py to lidar_processor_node.cpython-310.pyc
byte-compiling /home/euntaek/ws_mobile/install/lidar_perception_pkg/lib/python3.10/site-packages/lidar_perception_pkg/lib/__init__.py to __init__.cpython-310.pyc
byte-compiling /home/euntaek/ws_mobile/install/lidar_perception_pkg/lib/python3.10/site-packages/lidar_perception_pkg/lib/lidar_perception_func_lib.py to lidar_perception_func_lib.cpython-310.pyc
byte-compiling /home/euntaek/ws_mobile/install/lidar_perception_pkg/lib/python3.10/site-packages/lidar_perception_pkg/lidar_publisher_node.py to lidar_publisher_node.cpython-310.pyc
byte-compiling /home/euntaek/ws_mobile/install/lidar_perception_pkg/lib/python3.10/site-packages/lidar_perception_pkg/lidar_obstacle_detector_node.py to lidar_obstacle_detector_node.cpython-310.pyc
running install_data
copying resource/lidar_perception_pkg -> /home/euntaek/ws_mobile/install/lidar_perception_pkg/share/ament_index/resource_index/packages
copying package.xml -> /home/euntaek/ws_mobile/install/lidar_perception_pkg/share/lidar_perception_pkg
running install_egg_info
Copying ../../build/lidar_perception_pkg/lidar_perception_pkg.egg-info to /home/euntaek/ws_mobile/install/lidar_perception_pkg/lib/python3.10/site-packages/lidar_perception_pkg-0.0.0-py3.10.egg-info
running install_scripts
Installing lidar_obstacle_detector_node script to /home/euntaek/ws_mobile/install/lidar_perception_pkg/lib/lidar_perception_pkg
Installing lidar_processor_node script to /home/euntaek/ws_mobile/install/lidar_perception_pkg/lib/lidar_perception_pkg
Installing lidar_publisher_node script to /home/euntaek/ws_mobile/install/lidar_perception_pkg/lib/lidar_perception_pkg
writing list of installed files to '/home/euntaek/ws_mobile/build/lidar_perception_pkg/install.log'
