[0.774s] Invoking command in '/home/euntaek/ws_mobile/build/lidar_perception_pkg': PYTHONPATH=/home/euntaek/ws_mobile/build/lidar_perception_pkg/prefix_override:/usr/lib/python3/dist-packages/colcon_core/task/python/colcon_distutils_commands:/home/euntaek/ws_mobile/install/lidar_perception_pkg/lib/python3.10/site-packages:${PYTHONPATH} /usr/bin/python3 -W ignore:setup.py install is deprecated -W ignore:easy_install command is deprecated setup.py develop --uninstall --editable --build-directory /home/euntaek/ws_mobile/build/lidar_perception_pkg/build
[0.915s] running develop
[0.997s] Removing /home/euntaek/ws_mobile/install/lidar_perception_pkg/lib/python3.10/site-packages/lidar-perception-pkg.egg-link (link to .)
[1.020s] Invoked command in '/home/euntaek/ws_mobile/build/lidar_perception_pkg' returned '0': PYTHONPATH=/home/euntaek/ws_mobile/build/lidar_perception_pkg/prefix_override:/usr/lib/python3/dist-packages/colcon_core/task/python/colcon_distutils_commands:/home/euntaek/ws_mobile/install/lidar_perception_pkg/lib/python3.10/site-packages:${PYTHONPATH} /usr/bin/python3 -W ignore:setup.py install is deprecated -W ignore:easy_install command is deprecated setup.py develop --uninstall --editable --build-directory /home/euntaek/ws_mobile/build/lidar_perception_pkg/build
[1.022s] Invoking command in '/home/euntaek/ws_mobile/src/lidar_perception_pkg': PYTHONPATH=/home/euntaek/ws_mobile/build/lidar_perception_pkg/prefix_override:/usr/lib/python3/dist-packages/colcon_core/task/python/colcon_distutils_commands:/home/euntaek/ws_mobile/install/lidar_perception_pkg/lib/python3.10/site-packages:${PYTHONPATH} /usr/bin/python3 -W ignore:setup.py install is deprecated -W ignore:easy_install command is deprecated setup.py egg_info --egg-base ../../build/lidar_perception_pkg build --build-base /home/euntaek/ws_mobile/build/lidar_perception_pkg/build install --record /home/euntaek/ws_mobile/build/lidar_perception_pkg/install.log --single-version-externally-managed install_data --force
[1.153s] running egg_info
[1.154s] writing ../../build/lidar_perception_pkg/lidar_perception_pkg.egg-info/PKG-INFO
[1.154s] writing dependency_links to ../../build/lidar_perception_pkg/lidar_perception_pkg.egg-info/dependency_links.txt
[1.155s] writing entry points to ../../build/lidar_perception_pkg/lidar_perception_pkg.egg-info/entry_points.txt
[1.155s] writing requirements to ../../build/lidar_perception_pkg/lidar_perception_pkg.egg-info/requires.txt
[1.155s] writing top-level names to ../../build/lidar_perception_pkg/lidar_perception_pkg.egg-info/top_level.txt
[1.155s] reading manifest file '../../build/lidar_perception_pkg/lidar_perception_pkg.egg-info/SOURCES.txt'
[1.155s] writing manifest file '../../build/lidar_perception_pkg/lidar_perception_pkg.egg-info/SOURCES.txt'
[1.155s] running build
[1.155s] running build_py
[1.156s] creating /home/euntaek/ws_mobile/build/lidar_perception_pkg/build
[1.156s] creating /home/euntaek/ws_mobile/build/lidar_perception_pkg/build/lib
[1.156s] creating /home/euntaek/ws_mobile/build/lidar_perception_pkg/build/lib/lidar_perception_pkg
[1.156s] copying lidar_perception_pkg/__init__.py -> /home/euntaek/ws_mobile/build/lidar_perception_pkg/build/lib/lidar_perception_pkg
[1.157s] copying lidar_perception_pkg/lidar_processor_node.py -> /home/euntaek/ws_mobile/build/lidar_perception_pkg/build/lib/lidar_perception_pkg
[1.157s] copying lidar_perception_pkg/lidar_publisher_node.py -> /home/euntaek/ws_mobile/build/lidar_perception_pkg/build/lib/lidar_perception_pkg
[1.157s] copying lidar_perception_pkg/lidar_obstacle_detector_node.py -> /home/euntaek/ws_mobile/build/lidar_perception_pkg/build/lib/lidar_perception_pkg
[1.157s] creating /home/euntaek/ws_mobile/build/lidar_perception_pkg/build/lib/lidar_perception_pkg/lib
[1.157s] copying lidar_perception_pkg/lib/__init__.py -> /home/euntaek/ws_mobile/build/lidar_perception_pkg/build/lib/lidar_perception_pkg/lib
[1.157s] copying lidar_perception_pkg/lib/lidar_perception_func_lib.py -> /home/euntaek/ws_mobile/build/lidar_perception_pkg/build/lib/lidar_perception_pkg/lib
[1.158s] running install
[1.158s] running install_lib
[1.158s] creating /home/euntaek/ws_mobile/install/lidar_perception_pkg/lib/python3.10/site-packages/lidar_perception_pkg
[1.158s] copying /home/euntaek/ws_mobile/build/lidar_perception_pkg/build/lib/lidar_perception_pkg/__init__.py -> /home/euntaek/ws_mobile/install/lidar_perception_pkg/lib/python3.10/site-packages/lidar_perception_pkg
[1.158s] copying /home/euntaek/ws_mobile/build/lidar_perception_pkg/build/lib/lidar_perception_pkg/lidar_processor_node.py -> /home/euntaek/ws_mobile/install/lidar_perception_pkg/lib/python3.10/site-packages/lidar_perception_pkg
[1.158s] creating /home/euntaek/ws_mobile/install/lidar_perception_pkg/lib/python3.10/site-packages/lidar_perception_pkg/lib
[1.158s] copying /home/euntaek/ws_mobile/build/lidar_perception_pkg/build/lib/lidar_perception_pkg/lib/__init__.py -> /home/euntaek/ws_mobile/install/lidar_perception_pkg/lib/python3.10/site-packages/lidar_perception_pkg/lib
[1.159s] copying /home/euntaek/ws_mobile/build/lidar_perception_pkg/build/lib/lidar_perception_pkg/lib/lidar_perception_func_lib.py -> /home/euntaek/ws_mobile/install/lidar_perception_pkg/lib/python3.10/site-packages/lidar_perception_pkg/lib
[1.159s] copying /home/euntaek/ws_mobile/build/lidar_perception_pkg/build/lib/lidar_perception_pkg/lidar_publisher_node.py -> /home/euntaek/ws_mobile/install/lidar_perception_pkg/lib/python3.10/site-packages/lidar_perception_pkg
[1.159s] copying /home/euntaek/ws_mobile/build/lidar_perception_pkg/build/lib/lidar_perception_pkg/lidar_obstacle_detector_node.py -> /home/euntaek/ws_mobile/install/lidar_perception_pkg/lib/python3.10/site-packages/lidar_perception_pkg
[1.159s] byte-compiling /home/euntaek/ws_mobile/install/lidar_perception_pkg/lib/python3.10/site-packages/lidar_perception_pkg/__init__.py to __init__.cpython-310.pyc
[1.159s] byte-compiling /home/euntaek/ws_mobile/install/lidar_perception_pkg/lib/python3.10/site-packages/lidar_perception_pkg/lidar_processor_node.py to lidar_processor_node.cpython-310.pyc
[1.159s] byte-compiling /home/euntaek/ws_mobile/install/lidar_perception_pkg/lib/python3.10/site-packages/lidar_perception_pkg/lib/__init__.py to __init__.cpython-310.pyc
[1.159s] byte-compiling /home/euntaek/ws_mobile/install/lidar_perception_pkg/lib/python3.10/site-packages/lidar_perception_pkg/lib/lidar_perception_func_lib.py to lidar_perception_func_lib.cpython-310.pyc
[1.160s] byte-compiling /home/euntaek/ws_mobile/install/lidar_perception_pkg/lib/python3.10/site-packages/lidar_perception_pkg/lidar_publisher_node.py to lidar_publisher_node.cpython-310.pyc
[1.160s] byte-compiling /home/euntaek/ws_mobile/install/lidar_perception_pkg/lib/python3.10/site-packages/lidar_perception_pkg/lidar_obstacle_detector_node.py to lidar_obstacle_detector_node.cpython-310.pyc
[1.161s] running install_data
[1.161s] copying resource/lidar_perception_pkg -> /home/euntaek/ws_mobile/install/lidar_perception_pkg/share/ament_index/resource_index/packages
[1.161s] copying package.xml -> /home/euntaek/ws_mobile/install/lidar_perception_pkg/share/lidar_perception_pkg
[1.161s] running install_egg_info
[1.162s] Copying ../../build/lidar_perception_pkg/lidar_perception_pkg.egg-info to /home/euntaek/ws_mobile/install/lidar_perception_pkg/lib/python3.10/site-packages/lidar_perception_pkg-0.0.0-py3.10.egg-info
[1.162s] running install_scripts
[1.173s] Installing lidar_obstacle_detector_node script to /home/euntaek/ws_mobile/install/lidar_perception_pkg/lib/lidar_perception_pkg
[1.173s] Installing lidar_processor_node script to /home/euntaek/ws_mobile/install/lidar_perception_pkg/lib/lidar_perception_pkg
[1.173s] Installing lidar_publisher_node script to /home/euntaek/ws_mobile/install/lidar_perception_pkg/lib/lidar_perception_pkg
[1.173s] writing list of installed files to '/home/euntaek/ws_mobile/build/lidar_perception_pkg/install.log'
[1.387s] Invoked command in '/home/euntaek/ws_mobile/src/lidar_perception_pkg' returned '0': PYTHONPATH=/home/euntaek/ws_mobile/build/lidar_perception_pkg/prefix_override:/usr/lib/python3/dist-packages/colcon_core/task/python/colcon_distutils_commands:/home/euntaek/ws_mobile/install/lidar_perception_pkg/lib/python3.10/site-packages:${PYTHONPATH} /usr/bin/python3 -W ignore:setup.py install is deprecated -W ignore:easy_install command is deprecated setup.py egg_info --egg-base ../../build/lidar_perception_pkg build --build-base /home/euntaek/ws_mobile/build/lidar_perception_pkg/build install --record /home/euntaek/ws_mobile/build/lidar_perception_pkg/install.log --single-version-externally-managed install_data --force
