[0.950s] Invoking command in '/home/euntaek/ws_mobile/src/camera_perception_pkg': PYTHONPATH=/home/euntaek/ws_mobile/build/camera_perception_pkg/prefix_override:/usr/lib/python3/dist-packages/colcon_core/task/python/colcon_distutils_commands:/home/euntaek/ws_mobile/install/camera_perception_pkg/lib/python3.10/site-packages:${PYTHONPATH} /usr/bin/python3 -W ignore:setup.py install is deprecated -W ignore:easy_install command is deprecated setup.py egg_info --egg-base ../../build/camera_perception_pkg build --build-base /home/euntaek/ws_mobile/build/camera_perception_pkg/build install --record /home/euntaek/ws_mobile/build/camera_perception_pkg/install.log --single-version-externally-managed install_data
[1.080s] running egg_info
[1.081s] writing ../../build/camera_perception_pkg/camera_perception_pkg.egg-info/PKG-INFO
[1.081s] writing dependency_links to ../../build/camera_perception_pkg/camera_perception_pkg.egg-info/dependency_links.txt
[1.081s] writing entry points to ../../build/camera_perception_pkg/camera_perception_pkg.egg-info/entry_points.txt
[1.081s] writing requirements to ../../build/camera_perception_pkg/camera_perception_pkg.egg-info/requires.txt
[1.081s] writing top-level names to ../../build/camera_perception_pkg/camera_perception_pkg.egg-info/top_level.txt
[1.083s] reading manifest file '../../build/camera_perception_pkg/camera_perception_pkg.egg-info/SOURCES.txt'
[1.084s] writing manifest file '../../build/camera_perception_pkg/camera_perception_pkg.egg-info/SOURCES.txt'
[1.084s] running build
[1.084s] running build_py
[1.084s] running install
[1.084s] running install_lib
[1.085s] running install_data
[1.085s] running install_egg_info
[1.086s] removing '/home/euntaek/ws_mobile/install/camera_perception_pkg/lib/python3.10/site-packages/camera_perception_pkg-0.0.0-py3.10.egg-info' (and everything under it)
[1.086s] Copying ../../build/camera_perception_pkg/camera_perception_pkg.egg-info to /home/euntaek/ws_mobile/install/camera_perception_pkg/lib/python3.10/site-packages/camera_perception_pkg-0.0.0-py3.10.egg-info
[1.087s] running install_scripts
[1.098s] Installing image_publisher_node script to /home/euntaek/ws_mobile/install/camera_perception_pkg/lib/camera_perception_pkg
[1.098s] Installing lane_info_extractor_node script to /home/euntaek/ws_mobile/install/camera_perception_pkg/lib/camera_perception_pkg
[1.098s] Installing traffic_light_detector_node script to /home/euntaek/ws_mobile/install/camera_perception_pkg/lib/camera_perception_pkg
[1.098s] Installing yolov8_node script to /home/euntaek/ws_mobile/install/camera_perception_pkg/lib/camera_perception_pkg
[1.098s] writing list of installed files to '/home/euntaek/ws_mobile/build/camera_perception_pkg/install.log'
[1.118s] Invoked command in '/home/euntaek/ws_mobile/src/camera_perception_pkg' returned '0': PYTHONPATH=/home/euntaek/ws_mobile/build/camera_perception_pkg/prefix_override:/usr/lib/python3/dist-packages/colcon_core/task/python/colcon_distutils_commands:/home/euntaek/ws_mobile/install/camera_perception_pkg/lib/python3.10/site-packages:${PYTHONPATH} /usr/bin/python3 -W ignore:setup.py install is deprecated -W ignore:easy_install command is deprecated setup.py egg_info --egg-base ../../build/camera_perception_pkg build --build-base /home/euntaek/ws_mobile/build/camera_perception_pkg/build install --record /home/euntaek/ws_mobile/build/camera_perception_pkg/install.log --single-version-externally-managed install_data
