/home/euntaek/ws_mobile/install/debug_pkg/lib/python3.10/site-packages/debug_pkg/gps_path_visualizer_node.py
/home/euntaek/ws_mobile/install/debug_pkg/lib/python3.10/site-packages/debug_pkg/yolo_visualizer_node.py
/home/euntaek/ws_mobile/install/debug_pkg/lib/python3.10/site-packages/debug_pkg/__init__.py
/home/euntaek/ws_mobile/install/debug_pkg/lib/python3.10/site-packages/debug_pkg/pp_preview_viz.py
/home/euntaek/ws_mobile/install/debug_pkg/lib/python3.10/site-packages/debug_pkg/path_visualizer_node.py
/home/euntaek/ws_mobile/install/debug_pkg/lib/python3.10/site-packages/debug_pkg/lib/__init__.py
/home/euntaek/ws_mobile/install/debug_pkg/lib/python3.10/site-packages/debug_pkg/__pycache__/gps_path_visualizer_node.cpython-310.pyc
/home/euntaek/ws_mobile/install/debug_pkg/lib/python3.10/site-packages/debug_pkg/__pycache__/yolo_visualizer_node.cpython-310.pyc
/home/euntaek/ws_mobile/install/debug_pkg/lib/python3.10/site-packages/debug_pkg/__pycache__/__init__.cpython-310.pyc
/home/euntaek/ws_mobile/install/debug_pkg/lib/python3.10/site-packages/debug_pkg/__pycache__/pp_preview_viz.cpython-310.pyc
/home/euntaek/ws_mobile/install/debug_pkg/lib/python3.10/site-packages/debug_pkg/__pycache__/path_visualizer_node.cpython-310.pyc
/home/euntaek/ws_mobile/install/debug_pkg/lib/python3.10/site-packages/debug_pkg/lib/__pycache__/__init__.cpython-310.pyc
/home/euntaek/ws_mobile/install/debug_pkg/share/ament_index/resource_index/packages/debug_pkg
/home/euntaek/ws_mobile/install/debug_pkg/share/debug_pkg/package.xml
/home/euntaek/ws_mobile/install/debug_pkg/lib/python3.10/site-packages/debug_pkg-0.0.0-py3.10.egg-info/PKG-INFO
/home/euntaek/ws_mobile/install/debug_pkg/lib/python3.10/site-packages/debug_pkg-0.0.0-py3.10.egg-info/dependency_links.txt
/home/euntaek/ws_mobile/install/debug_pkg/lib/python3.10/site-packages/debug_pkg-0.0.0-py3.10.egg-info/entry_points.txt
/home/euntaek/ws_mobile/install/debug_pkg/lib/python3.10/site-packages/debug_pkg-0.0.0-py3.10.egg-info/requires.txt
/home/euntaek/ws_mobile/install/debug_pkg/lib/python3.10/site-packages/debug_pkg-0.0.0-py3.10.egg-info/top_level.txt
/home/euntaek/ws_mobile/install/debug_pkg/lib/python3.10/site-packages/debug_pkg-0.0.0-py3.10.egg-info/SOURCES.txt
/home/euntaek/ws_mobile/install/debug_pkg/lib/python3.10/site-packages/debug_pkg-0.0.0-py3.10.egg-info/zip-safe
/home/euntaek/ws_mobile/install/debug_pkg/lib/debug_pkg/gps_path_visualizer_node
/home/euntaek/ws_mobile/install/debug_pkg/lib/debug_pkg/path_visualizer_node
/home/euntaek/ws_mobile/install/debug_pkg/lib/debug_pkg/pp_preview_viz
/home/euntaek/ws_mobile/install/debug_pkg/lib/debug_pkg/yolo_visualizer_node
