[0.469s] Invoking command in '/home/euntaek/ws_mobile/src/decision_making_pkg': CMAKE_PREFIX_PATH=/home/euntaek/ws_mobile/install/interfaces_pkg:/home/euntaek/ws_mobile/install/urdf_test_pkg:/home/euntaek/ws_mobile/install/my_robot_description:/home/euntaek/ws_mobile/install/mobile_robot PYTHONPATH=/home/euntaek/ws_mobile/build/decision_making_pkg/prefix_override:/usr/lib/python3/dist-packages/colcon_core/task/python/colcon_distutils_commands:/home/euntaek/ws_mobile/install/decision_making_pkg/lib/python3.10/site-packages:${PYTHONPATH} /usr/bin/python3 -W ignore:setup.py install is deprecated -W ignore:easy_install command is deprecated setup.py egg_info --egg-base ../../build/decision_making_pkg build --build-base /home/euntaek/ws_mobile/build/decision_making_pkg/build install --record /home/euntaek/ws_mobile/build/decision_making_pkg/install.log --single-version-externally-managed install_data
[0.592s] running egg_info
[0.592s] writing ../../build/decision_making_pkg/decision_making_pkg.egg-info/PKG-INFO
[0.592s] writing dependency_links to ../../build/decision_making_pkg/decision_making_pkg.egg-info/dependency_links.txt
[0.592s] writing entry points to ../../build/decision_making_pkg/decision_making_pkg.egg-info/entry_points.txt
[0.592s] writing requirements to ../../build/decision_making_pkg/decision_making_pkg.egg-info/requires.txt
[0.592s] writing top-level names to ../../build/decision_making_pkg/decision_making_pkg.egg-info/top_level.txt
[0.593s] reading manifest file '../../build/decision_making_pkg/decision_making_pkg.egg-info/SOURCES.txt'
[0.593s] writing manifest file '../../build/decision_making_pkg/decision_making_pkg.egg-info/SOURCES.txt'
[0.593s] running build
[0.593s] running build_py
[0.594s] running install
[0.594s] running install_lib
[0.595s] running install_data
[0.595s] running install_egg_info
[0.595s] removing '/home/euntaek/ws_mobile/install/decision_making_pkg/lib/python3.10/site-packages/decision_making_pkg-0.0.0-py3.10.egg-info' (and everything under it)
[0.596s] Copying ../../build/decision_making_pkg/decision_making_pkg.egg-info to /home/euntaek/ws_mobile/install/decision_making_pkg/lib/python3.10/site-packages/decision_making_pkg-0.0.0-py3.10.egg-info
[0.596s] running install_scripts
[0.607s] Installing motion_planner_node script to /home/euntaek/ws_mobile/install/decision_making_pkg/lib/decision_making_pkg
[0.607s] Installing path_planner_node script to /home/euntaek/ws_mobile/install/decision_making_pkg/lib/decision_making_pkg
[0.607s] writing list of installed files to '/home/euntaek/ws_mobile/build/decision_making_pkg/install.log'
[0.622s] Invoked command in '/home/euntaek/ws_mobile/src/decision_making_pkg' returned '0': CMAKE_PREFIX_PATH=/home/euntaek/ws_mobile/install/interfaces_pkg:/home/euntaek/ws_mobile/install/urdf_test_pkg:/home/euntaek/ws_mobile/install/my_robot_description:/home/euntaek/ws_mobile/install/mobile_robot PYTHONPATH=/home/euntaek/ws_mobile/build/decision_making_pkg/prefix_override:/usr/lib/python3/dist-packages/colcon_core/task/python/colcon_distutils_commands:/home/euntaek/ws_mobile/install/decision_making_pkg/lib/python3.10/site-packages:${PYTHONPATH} /usr/bin/python3 -W ignore:setup.py install is deprecated -W ignore:easy_install command is deprecated setup.py egg_info --egg-base ../../build/decision_making_pkg build --build-base /home/euntaek/ws_mobile/build/decision_making_pkg/build install --record /home/euntaek/ws_mobile/build/decision_making_pkg/install.log --single-version-externally-managed install_data
