running egg_info
writing ../../build/debug_pkg/debug_pkg.egg-info/PKG-INFO
writing dependency_links to ../../build/debug_pkg/debug_pkg.egg-info/dependency_links.txt
writing entry points to ../../build/debug_pkg/debug_pkg.egg-info/entry_points.txt
writing requirements to ../../build/debug_pkg/debug_pkg.egg-info/requires.txt
writing top-level names to ../../build/debug_pkg/debug_pkg.egg-info/top_level.txt
reading manifest file '../../build/debug_pkg/debug_pkg.egg-info/SOURCES.txt'
writing manifest file '../../build/debug_pkg/debug_pkg.egg-info/SOURCES.txt'
running build
running build_py
running install
running install_lib
running install_data
running install_egg_info
removing '/home/euntaek/ws_mobile/install/debug_pkg/lib/python3.10/site-packages/debug_pkg-0.0.0-py3.10.egg-info' (and everything under it)
Copying ../../build/debug_pkg/debug_pkg.egg-info to /home/euntaek/ws_mobile/install/debug_pkg/lib/python3.10/site-packages/debug_pkg-0.0.0-py3.10.egg-info
running install_scripts
Installing gps_path_visualizer_node script to /home/euntaek/ws_mobile/install/debug_pkg/lib/debug_pkg
Installing path_visualizer_node script to /home/euntaek/ws_mobile/install/debug_pkg/lib/debug_pkg
Installing yolo_visualizer_node script to /home/euntaek/ws_mobile/install/debug_pkg/lib/debug_pkg
writing list of installed files to '/home/euntaek/ws_mobile/build/debug_pkg/install.log'
