[0.758s] Invoking command in '/home/euntaek/ws_mobile/src/lidar_perception_pkg': PYTHONPATH=/home/euntaek/ws_mobile/build/lidar_perception_pkg/prefix_override:/usr/lib/python3/dist-packages/colcon_core/task/python/colcon_distutils_commands:/home/euntaek/ws_mobile/install/lidar_perception_pkg/lib/python3.10/site-packages:${PYTHONPATH} /usr/bin/python3 -W ignore:setup.py install is deprecated -W ignore:easy_install command is deprecated setup.py egg_info --egg-base ../../build/lidar_perception_pkg build --build-base /home/euntaek/ws_mobile/build/lidar_perception_pkg/build install --record /home/euntaek/ws_mobile/build/lidar_perception_pkg/install.log --single-version-externally-managed install_data
[0.924s] running egg_info
[0.924s] writing ../../build/lidar_perception_pkg/lidar_perception_pkg.egg-info/PKG-INFO
[0.924s] writing dependency_links to ../../build/lidar_perception_pkg/lidar_perception_pkg.egg-info/dependency_links.txt
[0.924s] writing entry points to ../../build/lidar_perception_pkg/lidar_perception_pkg.egg-info/entry_points.txt
[0.924s] writing requirements to ../../build/lidar_perception_pkg/lidar_perception_pkg.egg-info/requires.txt
[0.925s] writing top-level names to ../../build/lidar_perception_pkg/lidar_perception_pkg.egg-info/top_level.txt
[0.925s] reading manifest file '../../build/lidar_perception_pkg/lidar_perception_pkg.egg-info/SOURCES.txt'
[0.925s] writing manifest file '../../build/lidar_perception_pkg/lidar_perception_pkg.egg-info/SOURCES.txt'
[0.925s] running build
[0.925s] running build_py
[0.925s] running install
[0.925s] running install_lib
[0.925s] running install_data
[0.925s] running install_egg_info
[0.926s] removing '/home/euntaek/ws_mobile/install/lidar_perception_pkg/lib/python3.10/site-packages/lidar_perception_pkg-0.0.0-py3.10.egg-info' (and everything under it)
[0.927s] Copying ../../build/lidar_perception_pkg/lidar_perception_pkg.egg-info to /home/euntaek/ws_mobile/install/lidar_perception_pkg/lib/python3.10/site-packages/lidar_perception_pkg-0.0.0-py3.10.egg-info
[0.928s] running install_scripts
[0.947s] Installing lidar_obstacle_detector_node script to /home/euntaek/ws_mobile/install/lidar_perception_pkg/lib/lidar_perception_pkg
[0.947s] Installing lidar_processor_node script to /home/euntaek/ws_mobile/install/lidar_perception_pkg/lib/lidar_perception_pkg
[0.947s] Installing lidar_publisher_node script to /home/euntaek/ws_mobile/install/lidar_perception_pkg/lib/lidar_perception_pkg
[0.947s] writing list of installed files to '/home/euntaek/ws_mobile/build/lidar_perception_pkg/install.log'
[0.981s] Invoked command in '/home/euntaek/ws_mobile/src/lidar_perception_pkg' returned '0': PYTHONPATH=/home/euntaek/ws_mobile/build/lidar_perception_pkg/prefix_override:/usr/lib/python3/dist-packages/colcon_core/task/python/colcon_distutils_commands:/home/euntaek/ws_mobile/install/lidar_perception_pkg/lib/python3.10/site-packages:${PYTHONPATH} /usr/bin/python3 -W ignore:setup.py install is deprecated -W ignore:easy_install command is deprecated setup.py egg_info --egg-base ../../build/lidar_perception_pkg build --build-base /home/euntaek/ws_mobile/build/lidar_perception_pkg/build install --record /home/euntaek/ws_mobile/build/lidar_perception_pkg/install.log --single-version-externally-managed install_data
