[0.439s] Invoking command in '/home/euntaek/ws_mobile/build/debug_pkg': PYTHONPATH=/home/euntaek/ws_mobile/build/debug_pkg/prefix_override:/usr/lib/python3/dist-packages/colcon_core/task/python/colcon_distutils_commands:/home/euntaek/ws_mobile/install/debug_pkg/lib/python3.10/site-packages:${PYTHONPATH} /usr/bin/python3 -W ignore:setup.py install is deprecated -W ignore:easy_install command is deprecated setup.py develop --editable --build-directory /home/euntaek/ws_mobile/build/debug_pkg/build --no-deps symlink_data
[0.570s] running develop
[0.642s] running egg_info
[0.642s] creating debug_pkg.egg-info
[0.642s] writing debug_pkg.egg-info/PKG-INFO
[0.642s] writing dependency_links to debug_pkg.egg-info/dependency_links.txt
[0.642s] writing entry points to debug_pkg.egg-info/entry_points.txt
[0.642s] writing requirements to debug_pkg.egg-info/requires.txt
[0.642s] writing top-level names to debug_pkg.egg-info/top_level.txt
[0.642s] writing manifest file 'debug_pkg.egg-info/SOURCES.txt'
[0.643s] reading manifest file 'debug_pkg.egg-info/SOURCES.txt'
[0.643s] writing manifest file 'debug_pkg.egg-info/SOURCES.txt'
[0.644s] running build_ext
[0.644s] Creating /home/euntaek/ws_mobile/install/debug_pkg/lib/python3.10/site-packages/debug-pkg.egg-link (link to .)
[0.645s] Installing gps_path_visualizer_node script to /home/euntaek/ws_mobile/install/debug_pkg/lib/debug_pkg
[0.645s] Installing path_visualizer_node script to /home/euntaek/ws_mobile/install/debug_pkg/lib/debug_pkg
[0.645s] Installing yolo_visualizer_node script to /home/euntaek/ws_mobile/install/debug_pkg/lib/debug_pkg
[0.645s] 
[0.645s] Installed /home/euntaek/ws_mobile/build/debug_pkg
[0.645s] running symlink_data
[0.645s] creating /home/euntaek/ws_mobile/install/debug_pkg/share/ament_index
[0.645s] creating /home/euntaek/ws_mobile/install/debug_pkg/share/ament_index/resource_index
[0.645s] creating /home/euntaek/ws_mobile/install/debug_pkg/share/ament_index/resource_index/packages
[0.645s] symbolically linking /home/euntaek/ws_mobile/build/debug_pkg/resource/debug_pkg -> /home/euntaek/ws_mobile/install/debug_pkg/share/ament_index/resource_index/packages
[0.645s] symbolically linking /home/euntaek/ws_mobile/build/debug_pkg/package.xml -> /home/euntaek/ws_mobile/install/debug_pkg/share/debug_pkg
[0.660s] Invoked command in '/home/euntaek/ws_mobile/build/debug_pkg' returned '0': PYTHONPATH=/home/euntaek/ws_mobile/build/debug_pkg/prefix_override:/usr/lib/python3/dist-packages/colcon_core/task/python/colcon_distutils_commands:/home/euntaek/ws_mobile/install/debug_pkg/lib/python3.10/site-packages:${PYTHONPATH} /usr/bin/python3 -W ignore:setup.py install is deprecated -W ignore:easy_install command is deprecated setup.py develop --editable --build-directory /home/euntaek/ws_mobile/build/debug_pkg/build --no-deps symlink_data
