[0.408s] Invoking command in '/home/euntaek/ws_mobile/build/my_robot_description': CMAKE_PREFIX_PATH=${CMAKE_PREFIX_PATH}:/home/euntaek/ws_mobile/install/decision_making_pkg:/home/euntaek/ws_mobile/install/debug_pkg:/opt/ros/humble /usr/bin/cmake /home/euntaek/ws_mobile/src/my_robot_description -DAMENT_CMAKE_SYMLINK_INSTALL=1 -DCMAKE_INSTALL_PREFIX=/home/euntaek/ws_mobile/install/my_robot_description
[0.558s] -- The C compiler identification is GNU 11.4.0
[0.558s] -- The CXX compiler identification is GNU 11.4.0
[0.558s] -- Detecting C compiler ABI info
[0.558s] -- Detecting C compiler ABI info - done
[0.558s] -- Check for working C compiler: /usr/bin/cc - skipped
[0.558s] -- Detecting C compile features
[0.558s] -- Detecting C compile features - done
[0.558s] -- Detecting CXX compiler ABI info
[0.581s] -- Detecting CXX compiler ABI info - done
[0.585s] -- Check for working CXX compiler: /usr/bin/c++ - skipped
[0.585s] -- Detecting CXX compile features
[0.585s] -- Detecting CXX compile features - done
[0.587s] -- Found ament_cmake: 1.3.12 (/opt/ros/humble/share/ament_cmake/cmake)
[0.670s] -- Found Python3: /usr/bin/python3 (found version "3.10.12") found components: Interpreter 
[0.705s] -- Override CMake install command with custom implementation using symlinks instead of copying resources
[0.718s] -- Found ament_lint_auto: 0.12.14 (/opt/ros/humble/share/ament_lint_auto/cmake)
[0.762s] -- Added test 'flake8' to check Python code syntax and style conventions
[0.762s] -- Added test 'lint_cmake' to check CMake code style
[0.763s] -- Added test 'pep257' to check Python code against some of the docstring style conventions in PEP 257
[0.763s] -- Added test 'xmllint' to check XML markup files
[0.764s] -- Configuring done
[0.766s] -- Generating done
[0.767s] -- Build files have been written to: /home/euntaek/ws_mobile/build/my_robot_description
[0.771s] Invoked command in '/home/euntaek/ws_mobile/build/my_robot_description' returned '0': CMAKE_PREFIX_PATH=${CMAKE_PREFIX_PATH}:/home/euntaek/ws_mobile/install/decision_making_pkg:/home/euntaek/ws_mobile/install/debug_pkg:/opt/ros/humble /usr/bin/cmake /home/euntaek/ws_mobile/src/my_robot_description -DAMENT_CMAKE_SYMLINK_INSTALL=1 -DCMAKE_INSTALL_PREFIX=/home/euntaek/ws_mobile/install/my_robot_description
[0.772s] Invoking command in '/home/euntaek/ws_mobile/build/my_robot_description': CMAKE_PREFIX_PATH=${CMAKE_PREFIX_PATH}:/home/euntaek/ws_mobile/install/decision_making_pkg:/home/euntaek/ws_mobile/install/debug_pkg:/opt/ros/humble /usr/bin/cmake --build /home/euntaek/ws_mobile/build/my_robot_description -- -j24 -l24
[0.803s] Invoked command in '/home/euntaek/ws_mobile/build/my_robot_description' returned '0': CMAKE_PREFIX_PATH=${CMAKE_PREFIX_PATH}:/home/euntaek/ws_mobile/install/decision_making_pkg:/home/euntaek/ws_mobile/install/debug_pkg:/opt/ros/humble /usr/bin/cmake --build /home/euntaek/ws_mobile/build/my_robot_description -- -j24 -l24
[0.804s] Invoking command in '/home/euntaek/ws_mobile/build/my_robot_description': CMAKE_PREFIX_PATH=${CMAKE_PREFIX_PATH}:/home/euntaek/ws_mobile/install/decision_making_pkg:/home/euntaek/ws_mobile/install/debug_pkg:/opt/ros/humble /usr/bin/cmake --install /home/euntaek/ws_mobile/build/my_robot_description
[0.808s] -- Install configuration: ""
[0.808s] -- Execute custom install script
[0.808s] -- Symlinking: /home/euntaek/ws_mobile/install/my_robot_description/share/ament_index/resource_index/package_run_dependencies/my_robot_description
[0.814s] -- Symlinking: /home/euntaek/ws_mobile/install/my_robot_description/share/ament_index/resource_index/parent_prefix_path/my_robot_description
[0.819s] -- Symlinking: /home/euntaek/ws_mobile/install/my_robot_description/share/my_robot_description/environment/ament_prefix_path.sh
[0.824s] -- Symlinking: /home/euntaek/ws_mobile/install/my_robot_description/share/my_robot_description/environment/ament_prefix_path.dsv
[0.829s] -- Symlinking: /home/euntaek/ws_mobile/install/my_robot_description/share/my_robot_description/environment/path.sh
[0.836s] -- Symlinking: /home/euntaek/ws_mobile/install/my_robot_description/share/my_robot_description/environment/path.dsv
[0.842s] -- Symlinking: /home/euntaek/ws_mobile/install/my_robot_description/share/my_robot_description/local_setup.bash
[0.847s] -- Symlinking: /home/euntaek/ws_mobile/install/my_robot_description/share/my_robot_description/local_setup.sh
[0.852s] -- Symlinking: /home/euntaek/ws_mobile/install/my_robot_description/share/my_robot_description/local_setup.zsh
[0.858s] -- Symlinking: /home/euntaek/ws_mobile/install/my_robot_description/share/my_robot_description/local_setup.dsv
[0.864s] -- Symlinking: /home/euntaek/ws_mobile/install/my_robot_description/share/my_robot_description/package.dsv
[0.870s] -- Symlinking: /home/euntaek/ws_mobile/install/my_robot_description/share/ament_index/resource_index/packages/my_robot_description
[0.876s] -- Symlinking: /home/euntaek/ws_mobile/install/my_robot_description/share/my_robot_description/cmake/my_robot_descriptionConfig.cmake
[0.882s] -- Symlinking: /home/euntaek/ws_mobile/install/my_robot_description/share/my_robot_description/cmake/my_robot_descriptionConfig-version.cmake
[0.887s] -- Symlinking: /home/euntaek/ws_mobile/install/my_robot_description/share/my_robot_description/package.xml
[0.893s] -- Symlinking: /home/euntaek/ws_mobile/install/my_robot_description/share/my_robot_description/launch/display.launch.py
[0.898s] -- Symlinking: /home/euntaek/ws_mobile/install/my_robot_description/share/my_robot_description/urdf/my_car.urdf
[0.906s] Invoked command in '/home/euntaek/ws_mobile/build/my_robot_description' returned '0': CMAKE_PREFIX_PATH=${CMAKE_PREFIX_PATH}:/home/euntaek/ws_mobile/install/decision_making_pkg:/home/euntaek/ws_mobile/install/debug_pkg:/opt/ros/humble /usr/bin/cmake --install /home/euntaek/ws_mobile/build/my_robot_description
