[0.023s] Invoking command in '/home/euntaek/ws_mobile/build/interfaces_pkg': CMAKE_PREFIX_PATH=${CMAKE_PREFIX_PATH}:/home/euntaek/ws_mobile/install/serial_communication_pkg:/home/euntaek/ws_mobile/install/lidar_perception_pkg:/home/euntaek/ws_mobile/install/decision_making_pkg:/home/euntaek/ws_mobile/install/debug_pkg:/home/euntaek/ws_mobile/install/gps_path:/home/euntaek/ws_mobile/install/camera_perception_pkg:/opt/ros/humble /usr/bin/cmake --build /home/euntaek/ws_mobile/build/interfaces_pkg -- -j24 -l24
[0.574s] -- Found ament_cmake: 1.3.12 (/opt/ros/humble/share/ament_cmake/cmake)
[0.574s] -- Override CMake install command with custom implementation using symlinks instead of copying resources
[0.574s] -- Found rosidl_default_generators: 1.2.0 (/opt/ros/humble/share/rosidl_default_generators/cmake)
[0.574s] -- Using all available rosidl_typesupport_c: rosidl_typesupport_fastrtps_c;rosidl_typesupport_introspection_c
[0.574s] -- Found rosidl_adapter: 3.1.7 (/opt/ros/humble/share/rosidl_adapter/cmake)
[0.574s] -- Using all available rosidl_typesupport_cpp: rosidl_typesupport_fastrtps_cpp;rosidl_typesupport_introspection_cpp
[0.574s] -- Found std_msgs: 4.9.0 (/opt/ros/humble/share/std_msgs/cmake)
[0.574s] -- Found geometry_msgs: 4.9.0 (/opt/ros/humble/share/geometry_msgs/cmake)
[0.574s] -- Found ament_cmake_ros: 0.10.0 (/opt/ros/humble/share/ament_cmake_ros/cmake)
[0.574s] -- Using all available rosidl_typesupport_c: rosidl_typesupport_fastrtps_c;rosidl_typesupport_introspection_c
[0.710s] -- Using all available rosidl_typesupport_cpp: rosidl_typesupport_fastrtps_cpp;rosidl_typesupport_introspection_cpp
[0.727s] -- Found python_cmake_module: 0.10.0 (/opt/ros/humble/share/python_cmake_module/cmake)
[0.740s] -- Using PYTHON_EXECUTABLE: /usr/bin/python3
[0.740s] -- Using PYTHON_INCLUDE_DIRS: /usr/include/python3.10
[0.740s] -- Using PYTHON_LIBRARIES: /usr/lib/x86_64-linux-gnu/libpython3.10.so
[0.769s] -- Configuring done
[0.801s] -- Generating done
[0.808s] -- Build files have been written to: /home/euntaek/ws_mobile/build/interfaces_pkg
[0.849s] [  0%] Built target ament_cmake_python_symlink_interfaces_pkg
[0.865s] [35m[1mConsolidate compiler generated dependencies of target interfaces_pkg__rosidl_generator_c[0m
[0.866s] [  0%] Built target interfaces_pkg__cpp
[0.876s] [  1%] [32mBuilding C object CMakeFiles/interfaces_pkg__rosidl_generator_c.dir/rosidl_generator_c/interfaces_pkg/msg/detail/point2_d__functions.c.o[0m
[0.879s] [  2%] [32mBuilding C object CMakeFiles/interfaces_pkg__rosidl_generator_c.dir/rosidl_generator_c/interfaces_pkg/msg/detail/vector2__functions.c.o[0m
[0.879s] [  2%] [32mBuilding C object CMakeFiles/interfaces_pkg__rosidl_generator_c.dir/rosidl_generator_c/interfaces_pkg/msg/detail/pose2_d__functions.c.o[0m
[0.879s] [  3%] [32mBuilding C object CMakeFiles/interfaces_pkg__rosidl_generator_c.dir/rosidl_generator_c/interfaces_pkg/msg/detail/bounding_box3_d__functions.c.o[0m
[0.879s] [  4%] [32mBuilding C object CMakeFiles/interfaces_pkg__rosidl_generator_c.dir/rosidl_generator_c/interfaces_pkg/msg/detail/key_point2_d_array__functions.c.o[0m
[0.879s] [35m[1mConsolidate compiler generated dependencies of target interfaces_pkg__rosidl_typesupport_fastrtps_cpp[0m
[0.879s] [  5%] [32mBuilding C object CMakeFiles/interfaces_pkg__rosidl_generator_c.dir/rosidl_generator_c/interfaces_pkg/msg/detail/key_point3_d_array__functions.c.o[0m
[0.879s] [  6%] [32mBuilding C object CMakeFiles/interfaces_pkg__rosidl_generator_c.dir/rosidl_generator_c/interfaces_pkg/msg/detail/key_point3_d__functions.c.o[0m
[0.879s] [  6%] [32mBuilding C object CMakeFiles/interfaces_pkg__rosidl_generator_c.dir/rosidl_generator_c/interfaces_pkg/msg/detail/mask__functions.c.o[0m
[0.879s] [  7%] [32mBuilding C object CMakeFiles/interfaces_pkg__rosidl_generator_c.dir/rosidl_generator_c/interfaces_pkg/msg/detail/key_point2_d__functions.c.o[0m
[0.879s] [  8%] [32mBuilding C object CMakeFiles/interfaces_pkg__rosidl_generator_c.dir/rosidl_generator_c/interfaces_pkg/msg/detail/lane_info__functions.c.o[0m
[0.879s] [  9%] [32mBuilding C object CMakeFiles/interfaces_pkg__rosidl_generator_c.dir/rosidl_generator_c/interfaces_pkg/msg/detail/bounding_box2_d__functions.c.o[0m
[0.879s] [  9%] [32mBuilding C object CMakeFiles/interfaces_pkg__rosidl_generator_c.dir/rosidl_generator_c/interfaces_pkg/msg/detail/detection_array__functions.c.o[0m
[0.879s] [ 10%] [32mBuilding C object CMakeFiles/interfaces_pkg__rosidl_generator_c.dir/rosidl_generator_c/interfaces_pkg/msg/detail/motion_command__functions.c.o[0m
[0.879s] [  6%] [32mBuilding C object CMakeFiles/interfaces_pkg__rosidl_generator_c.dir/rosidl_generator_c/interfaces_pkg/msg/detail/detection__functions.c.o[0m
[0.879s] [ 10%] [32mBuilding C object CMakeFiles/interfaces_pkg__rosidl_generator_c.dir/rosidl_generator_c/interfaces_pkg/msg/detail/target_point__functions.c.o[0m
[0.879s] [ 11%] [32mBuilding C object CMakeFiles/interfaces_pkg__rosidl_generator_c.dir/rosidl_generator_c/interfaces_pkg/msg/detail/path_planning_result__functions.c.o[0m
[0.886s] [35m[1mConsolidate compiler generated dependencies of target interfaces_pkg__rosidl_typesupport_cpp[0m
[0.886s] [35m[1mConsolidate compiler generated dependencies of target interfaces_pkg__rosidl_typesupport_introspection_cpp[0m
[0.898s] [ 13%] [32mBuilding CXX object CMakeFiles/interfaces_pkg__rosidl_typesupport_fastrtps_cpp.dir/rosidl_typesupport_fastrtps_cpp/interfaces_pkg/msg/detail/dds_fastrtps/bounding_box3_d__type_support.cpp.o[0m
[0.898s] [ 13%] [32mBuilding CXX object CMakeFiles/interfaces_pkg__rosidl_typesupport_fastrtps_cpp.dir/rosidl_typesupport_fastrtps_cpp/interfaces_pkg/msg/detail/dds_fastrtps/point2_d__type_support.cpp.o[0m
[0.898s] [ 13%] [32mBuilding CXX object CMakeFiles/interfaces_pkg__rosidl_typesupport_fastrtps_cpp.dir/rosidl_typesupport_fastrtps_cpp/interfaces_pkg/msg/detail/dds_fastrtps/vector2__type_support.cpp.o[0m
[0.898s] [ 13%] [32mBuilding CXX object CMakeFiles/interfaces_pkg__rosidl_typesupport_fastrtps_cpp.dir/rosidl_typesupport_fastrtps_cpp/interfaces_pkg/msg/detail/dds_fastrtps/bounding_box2_d__type_support.cpp.o[0m
[0.899s] [ 14%] [32mBuilding CXX object CMakeFiles/interfaces_pkg__rosidl_typesupport_fastrtps_cpp.dir/rosidl_typesupport_fastrtps_cpp/interfaces_pkg/msg/detail/dds_fastrtps/pose2_d__type_support.cpp.o[0m
[0.902s] [ 15%] [32mBuilding CXX object CMakeFiles/interfaces_pkg__rosidl_typesupport_introspection_cpp.dir/rosidl_typesupport_introspection_cpp/interfaces_pkg/msg/detail/point2_d__type_support.cpp.o[0m
[0.903s] [ 16%] [32mBuilding CXX object CMakeFiles/interfaces_pkg__rosidl_typesupport_cpp.dir/rosidl_typesupport_cpp/interfaces_pkg/msg/point2_d__type_support.cpp.o[0m
[0.946s] [ 18%] [32mBuilding CXX object CMakeFiles/interfaces_pkg__rosidl_typesupport_fastrtps_cpp.dir/rosidl_typesupport_fastrtps_cpp/interfaces_pkg/msg/detail/dds_fastrtps/mask__type_support.cpp.o[0m
[0.946s] [ 18%] [32mBuilding CXX object CMakeFiles/interfaces_pkg__rosidl_typesupport_cpp.dir/rosidl_typesupport_cpp/interfaces_pkg/msg/pose2_d__type_support.cpp.o[0m
[0.946s] [ 18%] [32mBuilding CXX object CMakeFiles/interfaces_pkg__rosidl_typesupport_cpp.dir/rosidl_typesupport_cpp/interfaces_pkg/msg/bounding_box3_d__type_support.cpp.o[0m
[0.946s] [ 19%] [32mBuilding CXX object CMakeFiles/interfaces_pkg__rosidl_typesupport_fastrtps_cpp.dir/rosidl_typesupport_fastrtps_cpp/interfaces_pkg/msg/detail/dds_fastrtps/key_point2_d_array__type_support.cpp.o[0m
[0.946s] [ 23%] [32mBuilding CXX object CMakeFiles/interfaces_pkg__rosidl_typesupport_cpp.dir/rosidl_typesupport_cpp/interfaces_pkg/msg/key_point2_d__type_support.cpp.o[0m
[0.946s] [ 23%] [32mBuilding CXX object CMakeFiles/interfaces_pkg__rosidl_typesupport_cpp.dir/rosidl_typesupport_cpp/interfaces_pkg/msg/vector2__type_support.cpp.o[0m
[0.947s] [ 19%] [32mBuilding CXX object CMakeFiles/interfaces_pkg__rosidl_typesupport_introspection_cpp.dir/rosidl_typesupport_introspection_cpp/interfaces_pkg/msg/detail/bounding_box2_d__type_support.cpp.o[0m
[0.947s] [ 24%] [32mBuilding CXX object CMakeFiles/interfaces_pkg__rosidl_typesupport_introspection_cpp.dir/rosidl_typesupport_introspection_cpp/interfaces_pkg/msg/detail/bounding_box3_d__type_support.cpp.o[0m
[0.947s] [ 24%] [32mBuilding CXX object CMakeFiles/interfaces_pkg__rosidl_typesupport_cpp.dir/rosidl_typesupport_cpp/interfaces_pkg/msg/mask__type_support.cpp.o[0m
[0.947s] [ 18%] [32mBuilding CXX object CMakeFiles/interfaces_pkg__rosidl_typesupport_introspection_cpp.dir/rosidl_typesupport_introspection_cpp/interfaces_pkg/msg/detail/pose2_d__type_support.cpp.o[0m
[0.947s] [ 24%] [32m[1mLinking C shared library libinterfaces_pkg__rosidl_generator_c.so[0m
[0.948s] [ 24%] [32mBuilding CXX object CMakeFiles/interfaces_pkg__rosidl_typesupport_fastrtps_cpp.dir/rosidl_typesupport_fastrtps_cpp/interfaces_pkg/msg/detail/dds_fastrtps/key_point3_d__type_support.cpp.o[0m
[0.948s] [ 26%] [32mBuilding CXX object CMakeFiles/interfaces_pkg__rosidl_typesupport_fastrtps_cpp.dir/rosidl_typesupport_fastrtps_cpp/interfaces_pkg/msg/detail/dds_fastrtps/key_point2_d__type_support.cpp.o[0m
[0.948s] [ 27%] [32mBuilding CXX object CMakeFiles/interfaces_pkg__rosidl_typesupport_cpp.dir/rosidl_typesupport_cpp/interfaces_pkg/msg/key_point2_d_array__type_support.cpp.o[0m
[0.948s] [ 27%] [32mBuilding CXX object CMakeFiles/interfaces_pkg__rosidl_typesupport_introspection_cpp.dir/rosidl_typesupport_introspection_cpp/interfaces_pkg/msg/detail/vector2__type_support.cpp.o[0m
[0.949s] [ 26%] [32mBuilding CXX object CMakeFiles/interfaces_pkg__rosidl_typesupport_cpp.dir/rosidl_typesupport_cpp/interfaces_pkg/msg/bounding_box2_d__type_support.cpp.o[0m
[1.016s] [ 27%] Built target interfaces_pkg__rosidl_generator_c
[1.027s] [ 28%] [32mBuilding CXX object CMakeFiles/interfaces_pkg__rosidl_typesupport_fastrtps_cpp.dir/rosidl_typesupport_fastrtps_cpp/interfaces_pkg/msg/detail/dds_fastrtps/key_point3_d_array__type_support.cpp.o[0m
[1.053s] running egg_info
[1.053s] writing interfaces_pkg.egg-info/PKG-INFO
[1.053s] writing dependency_links to interfaces_pkg.egg-info/dependency_links.txt
[1.054s] writing top-level names to interfaces_pkg.egg-info/top_level.txt
[1.054s] reading manifest file 'interfaces_pkg.egg-info/SOURCES.txt'
[1.055s] writing manifest file 'interfaces_pkg.egg-info/SOURCES.txt'
[1.088s] [ 28%] Built target ament_cmake_python_build_interfaces_pkg_egg
[1.098s] [ 28%] [32mBuilding CXX object CMakeFiles/interfaces_pkg__rosidl_typesupport_fastrtps_cpp.dir/rosidl_typesupport_fastrtps_cpp/interfaces_pkg/msg/detail/dds_fastrtps/detection__type_support.cpp.o[0m
[1.171s] [ 29%] [32mBuilding CXX object CMakeFiles/interfaces_pkg__rosidl_typesupport_cpp.dir/rosidl_typesupport_cpp/interfaces_pkg/msg/key_point3_d__type_support.cpp.o[0m
[1.173s] [ 31%] [32mBuilding CXX object CMakeFiles/interfaces_pkg__rosidl_typesupport_fastrtps_cpp.dir/rosidl_typesupport_fastrtps_cpp/interfaces_pkg/msg/detail/dds_fastrtps/lane_info__type_support.cpp.o[0m
[1.173s] [ 31%] [32mBuilding CXX object CMakeFiles/interfaces_pkg__rosidl_typesupport_fastrtps_cpp.dir/rosidl_typesupport_fastrtps_cpp/interfaces_pkg/msg/detail/dds_fastrtps/detection_array__type_support.cpp.o[0m
[1.173s] [ 31%] [32mBuilding CXX object CMakeFiles/interfaces_pkg__rosidl_typesupport_introspection_cpp.dir/rosidl_typesupport_introspection_cpp/interfaces_pkg/msg/detail/mask__type_support.cpp.o[0m
[1.180s] [35m[1mConsolidate compiler generated dependencies of target interfaces_pkg__rosidl_typesupport_introspection_c[0m
[1.190s] [ 32%] [32mBuilding CXX object CMakeFiles/interfaces_pkg__rosidl_typesupport_introspection_cpp.dir/rosidl_typesupport_introspection_cpp/interfaces_pkg/msg/detail/key_point2_d__type_support.cpp.o[0m
[1.194s] [ 33%] [32mBuilding CXX object CMakeFiles/interfaces_pkg__rosidl_typesupport_introspection_cpp.dir/rosidl_typesupport_introspection_cpp/interfaces_pkg/msg/detail/key_point2_d_array__type_support.cpp.o[0m
[1.196s] [ 34%] [32mBuilding C object CMakeFiles/interfaces_pkg__rosidl_typesupport_introspection_c.dir/rosidl_typesupport_introspection_c/interfaces_pkg/msg/detail/point2_d__type_support.c.o[0m
[1.232s] [ 34%] [32mBuilding C object CMakeFiles/interfaces_pkg__rosidl_typesupport_introspection_c.dir/rosidl_typesupport_introspection_c/interfaces_pkg/msg/detail/vector2__type_support.c.o[0m
[1.253s] [35m[1mConsolidate compiler generated dependencies of target interfaces_pkg__rosidl_typesupport_c[0m
[1.253s] [ 35%] [32mBuilding CXX object CMakeFiles/interfaces_pkg__rosidl_typesupport_introspection_cpp.dir/rosidl_typesupport_introspection_cpp/interfaces_pkg/msg/detail/key_point3_d__type_support.cpp.o[0m
[1.253s] [ 35%] [32mBuilding CXX object CMakeFiles/interfaces_pkg__rosidl_typesupport_introspection_cpp.dir/rosidl_typesupport_introspection_cpp/interfaces_pkg/msg/detail/key_point3_d_array__type_support.cpp.o[0m
[1.256s] [ 36%] [32mBuilding CXX object CMakeFiles/interfaces_pkg__rosidl_typesupport_cpp.dir/rosidl_typesupport_cpp/interfaces_pkg/msg/key_point3_d_array__type_support.cpp.o[0m
[1.264s] [ 37%] [32mBuilding CXX object CMakeFiles/interfaces_pkg__rosidl_typesupport_cpp.dir/rosidl_typesupport_cpp/interfaces_pkg/msg/detection__type_support.cpp.o[0m
[1.264s] [ 37%] [32mBuilding C object CMakeFiles/interfaces_pkg__rosidl_typesupport_introspection_c.dir/rosidl_typesupport_introspection_c/interfaces_pkg/msg/detail/pose2_d__type_support.c.o[0m
[1.265s] [ 38%] [32mBuilding CXX object CMakeFiles/interfaces_pkg__rosidl_typesupport_cpp.dir/rosidl_typesupport_cpp/interfaces_pkg/msg/detection_array__type_support.cpp.o[0m
[1.265s] [ 38%] [32mBuilding CXX object CMakeFiles/interfaces_pkg__rosidl_typesupport_c.dir/rosidl_typesupport_c/interfaces_pkg/msg/point2_d__type_support.cpp.o[0m
[1.267s] [ 38%] [32mBuilding CXX object CMakeFiles/interfaces_pkg__rosidl_typesupport_fastrtps_cpp.dir/rosidl_typesupport_fastrtps_cpp/interfaces_pkg/msg/detail/dds_fastrtps/motion_command__type_support.cpp.o[0m
[1.269s] [ 40%] [32mBuilding CXX object CMakeFiles/interfaces_pkg__rosidl_typesupport_fastrtps_cpp.dir/rosidl_typesupport_fastrtps_cpp/interfaces_pkg/msg/detail/dds_fastrtps/path_planning_result__type_support.cpp.o[0m
[1.269s] [ 40%] [32mBuilding CXX object CMakeFiles/interfaces_pkg__rosidl_typesupport_fastrtps_cpp.dir/rosidl_typesupport_fastrtps_cpp/interfaces_pkg/msg/detail/dds_fastrtps/target_point__type_support.cpp.o[0m
[1.272s] [ 41%] [32mBuilding CXX object CMakeFiles/interfaces_pkg__rosidl_typesupport_c.dir/rosidl_typesupport_c/interfaces_pkg/msg/vector2__type_support.cpp.o[0m
[1.274s] [ 42%] [32mBuilding C object CMakeFiles/interfaces_pkg__rosidl_typesupport_introspection_c.dir/rosidl_typesupport_introspection_c/interfaces_pkg/msg/detail/bounding_box2_d__type_support.c.o[0m
[1.277s] [ 43%] [32mBuilding CXX object CMakeFiles/interfaces_pkg__rosidl_typesupport_cpp.dir/rosidl_typesupport_cpp/interfaces_pkg/msg/lane_info__type_support.cpp.o[0m
[1.296s] [ 43%] [32mBuilding CXX object CMakeFiles/interfaces_pkg__rosidl_typesupport_cpp.dir/rosidl_typesupport_cpp/interfaces_pkg/msg/motion_command__type_support.cpp.o[0m
[1.297s] [ 44%] [32mBuilding CXX object CMakeFiles/interfaces_pkg__rosidl_typesupport_c.dir/rosidl_typesupport_c/interfaces_pkg/msg/pose2_d__type_support.cpp.o[0m
[1.297s] [ 44%] [32mBuilding C object CMakeFiles/interfaces_pkg__rosidl_typesupport_introspection_c.dir/rosidl_typesupport_introspection_c/interfaces_pkg/msg/detail/bounding_box3_d__type_support.c.o[0m
[1.299s] [ 44%] [32mBuilding CXX object CMakeFiles/interfaces_pkg__rosidl_typesupport_c.dir/rosidl_typesupport_c/interfaces_pkg/msg/bounding_box2_d__type_support.cpp.o[0m
[1.304s] [ 45%] [32mBuilding CXX object CMakeFiles/interfaces_pkg__rosidl_typesupport_c.dir/rosidl_typesupport_c/interfaces_pkg/msg/bounding_box3_d__type_support.cpp.o[0m
[1.312s] [ 46%] [32mBuilding CXX object CMakeFiles/interfaces_pkg__rosidl_typesupport_c.dir/rosidl_typesupport_c/interfaces_pkg/msg/mask__type_support.cpp.o[0m
[1.321s] [35m[1mConsolidate compiler generated dependencies of target interfaces_pkg__rosidl_typesupport_fastrtps_c[0m
[1.329s] [ 47%] [32mBuilding C object CMakeFiles/interfaces_pkg__rosidl_typesupport_introspection_c.dir/rosidl_typesupport_introspection_c/interfaces_pkg/msg/detail/mask__type_support.c.o[0m
[1.332s] [ 47%] [32mBuilding CXX object CMakeFiles/interfaces_pkg__rosidl_typesupport_c.dir/rosidl_typesupport_c/interfaces_pkg/msg/key_point2_d__type_support.cpp.o[0m
[1.339s] [ 48%] [32mBuilding CXX object CMakeFiles/interfaces_pkg__rosidl_typesupport_introspection_cpp.dir/rosidl_typesupport_introspection_cpp/interfaces_pkg/msg/detail/detection__type_support.cpp.o[0m
[1.340s] [ 49%] [32mBuilding C object CMakeFiles/interfaces_pkg__rosidl_typesupport_introspection_c.dir/rosidl_typesupport_introspection_c/interfaces_pkg/msg/detail/key_point2_d__type_support.c.o[0m
[1.341s] [ 50%] [32mBuilding CXX object CMakeFiles/interfaces_pkg__rosidl_typesupport_c.dir/rosidl_typesupport_c/interfaces_pkg/msg/key_point2_d_array__type_support.cpp.o[0m
[1.342s] [ 50%] [32mBuilding CXX object CMakeFiles/interfaces_pkg__rosidl_typesupport_fastrtps_c.dir/rosidl_typesupport_fastrtps_c/interfaces_pkg/msg/detail/point2_d__type_support_c.cpp.o[0m
[1.367s] [ 51%] [32mBuilding CXX object CMakeFiles/interfaces_pkg__rosidl_typesupport_c.dir/rosidl_typesupport_c/interfaces_pkg/msg/key_point3_d__type_support.cpp.o[0m
[1.370s] [ 52%] [32mBuilding CXX object CMakeFiles/interfaces_pkg__rosidl_typesupport_cpp.dir/rosidl_typesupport_cpp/interfaces_pkg/msg/target_point__type_support.cpp.o[0m
[1.375s] [ 52%] [32mBuilding CXX object CMakeFiles/interfaces_pkg__rosidl_typesupport_introspection_cpp.dir/rosidl_typesupport_introspection_cpp/interfaces_pkg/msg/detail/detection_array__type_support.cpp.o[0m
[1.378s] [ 52%] [32mBuilding C object CMakeFiles/interfaces_pkg__rosidl_typesupport_introspection_c.dir/rosidl_typesupport_introspection_c/interfaces_pkg/msg/detail/key_point2_d_array__type_support.c.o[0m
[1.381s] [ 53%] [32mBuilding CXX object CMakeFiles/interfaces_pkg__rosidl_typesupport_introspection_cpp.dir/rosidl_typesupport_introspection_cpp/interfaces_pkg/msg/detail/lane_info__type_support.cpp.o[0m
[1.384s] [ 54%] [32mBuilding C object CMakeFiles/interfaces_pkg__rosidl_typesupport_introspection_c.dir/rosidl_typesupport_introspection_c/interfaces_pkg/msg/detail/key_point3_d__type_support.c.o[0m
[1.399s] [ 54%] [32mBuilding CXX object CMakeFiles/interfaces_pkg__rosidl_typesupport_c.dir/rosidl_typesupport_c/interfaces_pkg/msg/key_point3_d_array__type_support.cpp.o[0m
[1.416s] [ 55%] [32mBuilding CXX object CMakeFiles/interfaces_pkg__rosidl_typesupport_introspection_cpp.dir/rosidl_typesupport_introspection_cpp/interfaces_pkg/msg/detail/motion_command__type_support.cpp.o[0m
[1.422s] [ 56%] [32mBuilding CXX object CMakeFiles/interfaces_pkg__rosidl_typesupport_cpp.dir/rosidl_typesupport_cpp/interfaces_pkg/msg/path_planning_result__type_support.cpp.o[0m
[1.422s] [ 57%] [32mBuilding C object CMakeFiles/interfaces_pkg__rosidl_typesupport_introspection_c.dir/rosidl_typesupport_introspection_c/interfaces_pkg/msg/detail/key_point3_d_array__type_support.c.o[0m
[1.428s] [ 58%] [32mBuilding CXX object CMakeFiles/interfaces_pkg__rosidl_typesupport_c.dir/rosidl_typesupport_c/interfaces_pkg/msg/detection__type_support.cpp.o[0m
[1.457s] [ 58%] [32mBuilding C object CMakeFiles/interfaces_pkg__rosidl_typesupport_introspection_c.dir/rosidl_typesupport_introspection_c/interfaces_pkg/msg/detail/detection__type_support.c.o[0m
[1.473s] [ 59%] [32mBuilding CXX object CMakeFiles/interfaces_pkg__rosidl_typesupport_c.dir/rosidl_typesupport_c/interfaces_pkg/msg/detection_array__type_support.cpp.o[0m
[1.480s] [ 59%] [32mBuilding CXX object CMakeFiles/interfaces_pkg__rosidl_typesupport_c.dir/rosidl_typesupport_c/interfaces_pkg/msg/lane_info__type_support.cpp.o[0m
[1.486s] [ 60%] [32mBuilding CXX object CMakeFiles/interfaces_pkg__rosidl_typesupport_fastrtps_c.dir/rosidl_typesupport_fastrtps_c/interfaces_pkg/msg/detail/vector2__type_support_c.cpp.o[0m
[1.493s] [ 61%] [32mBuilding CXX object CMakeFiles/interfaces_pkg__rosidl_typesupport_introspection_cpp.dir/rosidl_typesupport_introspection_cpp/interfaces_pkg/msg/detail/target_point__type_support.cpp.o[0m
[1.494s] [ 61%] [32mBuilding C object CMakeFiles/interfaces_pkg__rosidl_typesupport_introspection_c.dir/rosidl_typesupport_introspection_c/interfaces_pkg/msg/detail/detection_array__type_support.c.o[0m
[1.501s] [ 62%] [32mBuilding C object CMakeFiles/interfaces_pkg__rosidl_typesupport_introspection_c.dir/rosidl_typesupport_introspection_c/interfaces_pkg/msg/detail/lane_info__type_support.c.o[0m
[1.503s] [ 63%] [32mBuilding CXX object CMakeFiles/interfaces_pkg__rosidl_typesupport_c.dir/rosidl_typesupport_c/interfaces_pkg/msg/motion_command__type_support.cpp.o[0m
[1.507s] [ 64%] [32mBuilding CXX object CMakeFiles/interfaces_pkg__rosidl_typesupport_c.dir/rosidl_typesupport_c/interfaces_pkg/msg/target_point__type_support.cpp.o[0m
[1.511s] [ 65%] [32mBuilding CXX object CMakeFiles/interfaces_pkg__rosidl_typesupport_fastrtps_c.dir/rosidl_typesupport_fastrtps_c/interfaces_pkg/msg/detail/pose2_d__type_support_c.cpp.o[0m
[1.514s] [ 65%] [32mBuilding C object CMakeFiles/interfaces_pkg__rosidl_typesupport_introspection_c.dir/rosidl_typesupport_introspection_c/interfaces_pkg/msg/detail/motion_command__type_support.c.o[0m
[1.515s] [ 65%] [32mBuilding CXX object CMakeFiles/interfaces_pkg__rosidl_typesupport_c.dir/rosidl_typesupport_c/interfaces_pkg/msg/path_planning_result__type_support.cpp.o[0m
[1.529s] [ 66%] [32mBuilding C object CMakeFiles/interfaces_pkg__rosidl_typesupport_introspection_c.dir/rosidl_typesupport_introspection_c/interfaces_pkg/msg/detail/target_point__type_support.c.o[0m
[1.533s] [ 66%] [32mBuilding CXX object CMakeFiles/interfaces_pkg__rosidl_typesupport_fastrtps_c.dir/rosidl_typesupport_fastrtps_c/interfaces_pkg/msg/detail/bounding_box2_d__type_support_c.cpp.o[0m
[1.536s] [ 67%] [32mBuilding CXX object CMakeFiles/interfaces_pkg__rosidl_typesupport_fastrtps_c.dir/rosidl_typesupport_fastrtps_c/interfaces_pkg/msg/detail/bounding_box3_d__type_support_c.cpp.o[0m
[1.537s] [ 69%] [32mBuilding CXX object CMakeFiles/interfaces_pkg__rosidl_typesupport_fastrtps_c.dir/rosidl_typesupport_fastrtps_c/interfaces_pkg/msg/detail/mask__type_support_c.cpp.o[0m
[1.538s] [ 69%] [32mBuilding C object CMakeFiles/interfaces_pkg__rosidl_typesupport_introspection_c.dir/rosidl_typesupport_introspection_c/interfaces_pkg/msg/detail/path_planning_result__type_support.c.o[0m
[1.538s] [ 70%] [32mBuilding CXX object CMakeFiles/interfaces_pkg__rosidl_typesupport_introspection_cpp.dir/rosidl_typesupport_introspection_cpp/interfaces_pkg/msg/detail/path_planning_result__type_support.cpp.o[0m
[1.545s] [ 70%] [32mBuilding CXX object CMakeFiles/interfaces_pkg__rosidl_typesupport_fastrtps_c.dir/rosidl_typesupport_fastrtps_c/interfaces_pkg/msg/detail/key_point2_d__type_support_c.cpp.o[0m
[1.549s] [ 71%] [32m[1mLinking CXX shared library libinterfaces_pkg__rosidl_typesupport_c.so[0m
[1.565s] [ 72%] [32mBuilding CXX object CMakeFiles/interfaces_pkg__rosidl_typesupport_fastrtps_c.dir/rosidl_typesupport_fastrtps_c/interfaces_pkg/msg/detail/key_point2_d_array__type_support_c.cpp.o[0m
[1.572s] [ 72%] [32m[1mLinking C shared library libinterfaces_pkg__rosidl_typesupport_introspection_c.so[0m
[1.581s] [ 73%] [32mBuilding CXX object CMakeFiles/interfaces_pkg__rosidl_typesupport_fastrtps_c.dir/rosidl_typesupport_fastrtps_c/interfaces_pkg/msg/detail/key_point3_d_array__type_support_c.cpp.o[0m
[1.581s] [ 73%] [32mBuilding CXX object CMakeFiles/interfaces_pkg__rosidl_typesupport_fastrtps_c.dir/rosidl_typesupport_fastrtps_c/interfaces_pkg/msg/detail/key_point3_d__type_support_c.cpp.o[0m
[1.591s] [ 74%] [32mBuilding CXX object CMakeFiles/interfaces_pkg__rosidl_typesupport_fastrtps_c.dir/rosidl_typesupport_fastrtps_c/interfaces_pkg/msg/detail/detection__type_support_c.cpp.o[0m
[1.595s] [ 74%] [32mBuilding CXX object CMakeFiles/interfaces_pkg__rosidl_typesupport_fastrtps_c.dir/rosidl_typesupport_fastrtps_c/interfaces_pkg/msg/detail/lane_info__type_support_c.cpp.o[0m
[1.596s] [ 75%] [32mBuilding CXX object CMakeFiles/interfaces_pkg__rosidl_typesupport_fastrtps_c.dir/rosidl_typesupport_fastrtps_c/interfaces_pkg/msg/detail/motion_command__type_support_c.cpp.o[0m
[1.597s] [ 76%] Built target interfaces_pkg__rosidl_typesupport_c
[1.597s] [ 77%] [32mBuilding CXX object CMakeFiles/interfaces_pkg__rosidl_typesupport_fastrtps_c.dir/rosidl_typesupport_fastrtps_c/interfaces_pkg/msg/detail/detection_array__type_support_c.cpp.o[0m
[1.606s] [ 78%] [32mBuilding CXX object CMakeFiles/interfaces_pkg__rosidl_typesupport_fastrtps_c.dir/rosidl_typesupport_fastrtps_c/interfaces_pkg/msg/detail/target_point__type_support_c.cpp.o[0m
[1.613s] [ 79%] Built target interfaces_pkg__rosidl_typesupport_introspection_c
[1.629s] [ 79%] [32mBuilding CXX object CMakeFiles/interfaces_pkg__rosidl_typesupport_fastrtps_c.dir/rosidl_typesupport_fastrtps_c/interfaces_pkg/msg/detail/path_planning_result__type_support_c.cpp.o[0m
[1.633s] [ 79%] [32m[1mLinking CXX shared library libinterfaces_pkg__rosidl_typesupport_fastrtps_cpp.so[0m
[1.643s] [ 79%] [32m[1mLinking CXX shared library libinterfaces_pkg__rosidl_typesupport_cpp.so[0m
[1.691s] [ 80%] Built target interfaces_pkg__rosidl_typesupport_cpp
[1.712s] [ 81%] Built target interfaces_pkg__rosidl_typesupport_fastrtps_cpp
[1.850s] [ 82%] [32m[1mLinking CXX shared library libinterfaces_pkg__rosidl_typesupport_fastrtps_c.so[0m
[1.858s] [ 83%] [32m[1mLinking CXX shared library libinterfaces_pkg__rosidl_typesupport_introspection_cpp.so[0m
[1.897s] [ 84%] Built target interfaces_pkg__rosidl_typesupport_fastrtps_c
[1.911s] [ 84%] Built target interfaces_pkg__rosidl_typesupport_introspection_cpp
[1.923s] [ 84%] Built target interfaces_pkg
[1.935s] [ 85%] Built target interfaces_pkg__py
[1.944s] [35m[1mConsolidate compiler generated dependencies of target interfaces_pkg__rosidl_generator_py[0m
[1.957s] [ 86%] [32mBuilding C object CMakeFiles/interfaces_pkg__rosidl_generator_py.dir/rosidl_generator_py/interfaces_pkg/msg/_bounding_box2_d_s.c.o[0m
[1.958s] [ 87%] [32mBuilding C object CMakeFiles/interfaces_pkg__rosidl_generator_py.dir/rosidl_generator_py/interfaces_pkg/msg/_mask_s.c.o[0m
[1.958s] [ 88%] [32mBuilding C object CMakeFiles/interfaces_pkg__rosidl_generator_py.dir/rosidl_generator_py/interfaces_pkg/msg/_point2_d_s.c.o[0m
[1.958s] [ 88%] [32mBuilding C object CMakeFiles/interfaces_pkg__rosidl_generator_py.dir/rosidl_generator_py/interfaces_pkg/msg/_vector2_s.c.o[0m
[1.958s] [ 88%] [32mBuilding C object CMakeFiles/interfaces_pkg__rosidl_generator_py.dir/rosidl_generator_py/interfaces_pkg/msg/_pose2_d_s.c.o[0m
[1.958s] [ 89%] [32mBuilding C object CMakeFiles/interfaces_pkg__rosidl_generator_py.dir/rosidl_generator_py/interfaces_pkg/msg/_key_point2_d_s.c.o[0m
[1.958s] [ 89%] [32mBuilding C object CMakeFiles/interfaces_pkg__rosidl_generator_py.dir/rosidl_generator_py/interfaces_pkg/msg/_bounding_box3_d_s.c.o[0m
[1.958s] [ 90%] [32mBuilding C object CMakeFiles/interfaces_pkg__rosidl_generator_py.dir/rosidl_generator_py/interfaces_pkg/msg/_key_point2_d_array_s.c.o[0m
[1.959s] [ 91%] [32mBuilding C object CMakeFiles/interfaces_pkg__rosidl_generator_py.dir/rosidl_generator_py/interfaces_pkg/msg/_key_point3_d_s.c.o[0m
[1.959s] [ 91%] [32mBuilding C object CMakeFiles/interfaces_pkg__rosidl_generator_py.dir/rosidl_generator_py/interfaces_pkg/msg/_key_point3_d_array_s.c.o[0m
[1.959s] [ 92%] [32mBuilding C object CMakeFiles/interfaces_pkg__rosidl_generator_py.dir/rosidl_generator_py/interfaces_pkg/msg/_detection_s.c.o[0m
[1.959s] [ 93%] [32mBuilding C object CMakeFiles/interfaces_pkg__rosidl_generator_py.dir/rosidl_generator_py/interfaces_pkg/msg/_detection_array_s.c.o[0m
[1.960s] [ 94%] [32mBuilding C object CMakeFiles/interfaces_pkg__rosidl_generator_py.dir/rosidl_generator_py/interfaces_pkg/msg/_lane_info_s.c.o[0m
[1.960s] [ 94%] [32mBuilding C object CMakeFiles/interfaces_pkg__rosidl_generator_py.dir/rosidl_generator_py/interfaces_pkg/msg/_target_point_s.c.o[0m
[1.961s] [ 95%] [32mBuilding C object CMakeFiles/interfaces_pkg__rosidl_generator_py.dir/rosidl_generator_py/interfaces_pkg/msg/_motion_command_s.c.o[0m
[1.961s] [ 95%] [32mBuilding C object CMakeFiles/interfaces_pkg__rosidl_generator_py.dir/rosidl_generator_py/interfaces_pkg/msg/_path_planning_result_s.c.o[0m
[2.047s] [ 96%] [32m[1mLinking C shared library rosidl_generator_py/interfaces_pkg/libinterfaces_pkg__rosidl_generator_py.so[0m
[2.075s] [ 96%] Built target interfaces_pkg__rosidl_generator_py
[2.082s] [35m[1mConsolidate compiler generated dependencies of target interfaces_pkg__rosidl_typesupport_introspection_c__pyext[0m
[2.082s] [35m[1mConsolidate compiler generated dependencies of target interfaces_pkg__rosidl_typesupport_fastrtps_c__pyext[0m
[2.083s] [35m[1mConsolidate compiler generated dependencies of target interfaces_pkg__rosidl_typesupport_c__pyext[0m
[2.090s] [ 98%] [32mBuilding C object CMakeFiles/interfaces_pkg__rosidl_typesupport_introspection_c__pyext.dir/rosidl_generator_py/interfaces_pkg/_interfaces_pkg_s.ep.rosidl_typesupport_introspection_c.c.o[0m
[2.090s] [ 98%] [32mBuilding C object CMakeFiles/interfaces_pkg__rosidl_typesupport_fastrtps_c__pyext.dir/rosidl_generator_py/interfaces_pkg/_interfaces_pkg_s.ep.rosidl_typesupport_fastrtps_c.c.o[0m
[2.091s] [ 99%] [32mBuilding C object CMakeFiles/interfaces_pkg__rosidl_typesupport_c__pyext.dir/rosidl_generator_py/interfaces_pkg/_interfaces_pkg_s.ep.rosidl_typesupport_c.c.o[0m
[2.169s] [100%] [32m[1mLinking C shared library rosidl_generator_py/interfaces_pkg/interfaces_pkg_s__rosidl_typesupport_c.cpython-310-x86_64-linux-gnu.so[0m
[2.169s] [100%] [32m[1mLinking C shared library rosidl_generator_py/interfaces_pkg/interfaces_pkg_s__rosidl_typesupport_introspection_c.cpython-310-x86_64-linux-gnu.so[0m
[2.169s] [100%] [32m[1mLinking C shared library rosidl_generator_py/interfaces_pkg/interfaces_pkg_s__rosidl_typesupport_fastrtps_c.cpython-310-x86_64-linux-gnu.so[0m
[2.194s] [100%] Built target interfaces_pkg__rosidl_typesupport_c__pyext
[2.194s] [100%] Built target interfaces_pkg__rosidl_typesupport_fastrtps_c__pyext
[2.195s] [100%] Built target interfaces_pkg__rosidl_typesupport_introspection_c__pyext
[2.203s] Invoked command in '/home/euntaek/ws_mobile/build/interfaces_pkg' returned '0': CMAKE_PREFIX_PATH=${CMAKE_PREFIX_PATH}:/home/euntaek/ws_mobile/install/serial_communication_pkg:/home/euntaek/ws_mobile/install/lidar_perception_pkg:/home/euntaek/ws_mobile/install/decision_making_pkg:/home/euntaek/ws_mobile/install/debug_pkg:/home/euntaek/ws_mobile/install/gps_path:/home/euntaek/ws_mobile/install/camera_perception_pkg:/opt/ros/humble /usr/bin/cmake --build /home/euntaek/ws_mobile/build/interfaces_pkg -- -j24 -l24
[2.204s] Invoking command in '/home/euntaek/ws_mobile/build/interfaces_pkg': CMAKE_PREFIX_PATH=${CMAKE_PREFIX_PATH}:/home/euntaek/ws_mobile/install/serial_communication_pkg:/home/euntaek/ws_mobile/install/lidar_perception_pkg:/home/euntaek/ws_mobile/install/decision_making_pkg:/home/euntaek/ws_mobile/install/debug_pkg:/home/euntaek/ws_mobile/install/gps_path:/home/euntaek/ws_mobile/install/camera_perception_pkg:/opt/ros/humble /usr/bin/cmake --install /home/euntaek/ws_mobile/build/interfaces_pkg
[2.208s] -- Install configuration: ""
[2.208s] -- Execute custom install script
[2.209s] -- Up-to-date symlink: /home/euntaek/ws_mobile/install/interfaces_pkg/share/ament_index/resource_index/rosidl_interfaces/interfaces_pkg
[2.209s] -- Up-to-date symlink: /home/euntaek/ws_mobile/install/interfaces_pkg/include/interfaces_pkg/interfaces_pkg/msg/bounding_box2_d.h
[2.209s] -- Up-to-date symlink: /home/euntaek/ws_mobile/install/interfaces_pkg/include/interfaces_pkg/interfaces_pkg/msg/bounding_box3_d.h
[2.209s] -- Up-to-date symlink: /home/euntaek/ws_mobile/install/interfaces_pkg/include/interfaces_pkg/interfaces_pkg/msg/detail/bounding_box2_d__functions.h
[2.209s] -- Up-to-date symlink: /home/euntaek/ws_mobile/install/interfaces_pkg/include/interfaces_pkg/interfaces_pkg/msg/detail/bounding_box2_d__struct.h
[2.209s] -- Up-to-date symlink: /home/euntaek/ws_mobile/install/interfaces_pkg/include/interfaces_pkg/interfaces_pkg/msg/detail/bounding_box2_d__type_support.h
[2.209s] -- Up-to-date symlink: /home/euntaek/ws_mobile/install/interfaces_pkg/include/interfaces_pkg/interfaces_pkg/msg/detail/bounding_box3_d__functions.h
[2.210s] -- Up-to-date symlink: /home/euntaek/ws_mobile/install/interfaces_pkg/include/interfaces_pkg/interfaces_pkg/msg/detail/bounding_box3_d__struct.h
[2.210s] -- Up-to-date symlink: /home/euntaek/ws_mobile/install/interfaces_pkg/include/interfaces_pkg/interfaces_pkg/msg/detail/bounding_box3_d__type_support.h
[2.210s] -- Up-to-date symlink: /home/euntaek/ws_mobile/install/interfaces_pkg/include/interfaces_pkg/interfaces_pkg/msg/detail/detection__functions.h
[2.210s] -- Up-to-date symlink: /home/euntaek/ws_mobile/install/interfaces_pkg/include/interfaces_pkg/interfaces_pkg/msg/detail/detection__struct.h
[2.210s] -- Up-to-date symlink: /home/euntaek/ws_mobile/install/interfaces_pkg/include/interfaces_pkg/interfaces_pkg/msg/detail/detection__type_support.h
[2.210s] -- Up-to-date symlink: /home/euntaek/ws_mobile/install/interfaces_pkg/include/interfaces_pkg/interfaces_pkg/msg/detail/detection_array__functions.h
[2.210s] -- Up-to-date symlink: /home/euntaek/ws_mobile/install/interfaces_pkg/include/interfaces_pkg/interfaces_pkg/msg/detail/detection_array__struct.h
[2.210s] -- Up-to-date symlink: /home/euntaek/ws_mobile/install/interfaces_pkg/include/interfaces_pkg/interfaces_pkg/msg/detail/detection_array__type_support.h
[2.210s] -- Up-to-date symlink: /home/euntaek/ws_mobile/install/interfaces_pkg/include/interfaces_pkg/interfaces_pkg/msg/detail/key_point2_d__functions.h
[2.210s] -- Up-to-date symlink: /home/euntaek/ws_mobile/install/interfaces_pkg/include/interfaces_pkg/interfaces_pkg/msg/detail/key_point2_d__struct.h
[2.210s] -- Up-to-date symlink: /home/euntaek/ws_mobile/install/interfaces_pkg/include/interfaces_pkg/interfaces_pkg/msg/detail/key_point2_d__type_support.h
[2.210s] -- Up-to-date symlink: /home/euntaek/ws_mobile/install/interfaces_pkg/include/interfaces_pkg/interfaces_pkg/msg/detail/key_point2_d_array__functions.h
[2.210s] -- Up-to-date symlink: /home/euntaek/ws_mobile/install/interfaces_pkg/include/interfaces_pkg/interfaces_pkg/msg/detail/key_point2_d_array__struct.h
[2.210s] -- Up-to-date symlink: /home/euntaek/ws_mobile/install/interfaces_pkg/include/interfaces_pkg/interfaces_pkg/msg/detail/key_point2_d_array__type_support.h
[2.210s] -- Up-to-date symlink: /home/euntaek/ws_mobile/install/interfaces_pkg/include/interfaces_pkg/interfaces_pkg/msg/detail/key_point3_d__functions.h
[2.210s] -- Up-to-date symlink: /home/euntaek/ws_mobile/install/interfaces_pkg/include/interfaces_pkg/interfaces_pkg/msg/detail/key_point3_d__struct.h
[2.210s] -- Up-to-date symlink: /home/euntaek/ws_mobile/install/interfaces_pkg/include/interfaces_pkg/interfaces_pkg/msg/detail/key_point3_d__type_support.h
[2.211s] -- Up-to-date symlink: /home/euntaek/ws_mobile/install/interfaces_pkg/include/interfaces_pkg/interfaces_pkg/msg/detail/key_point3_d_array__functions.h
[2.211s] -- Up-to-date symlink: /home/euntaek/ws_mobile/install/interfaces_pkg/include/interfaces_pkg/interfaces_pkg/msg/detail/key_point3_d_array__struct.h
[2.211s] -- Up-to-date symlink: /home/euntaek/ws_mobile/install/interfaces_pkg/include/interfaces_pkg/interfaces_pkg/msg/detail/key_point3_d_array__type_support.h
[2.211s] -- Up-to-date symlink: /home/euntaek/ws_mobile/install/interfaces_pkg/include/interfaces_pkg/interfaces_pkg/msg/detail/lane_info__functions.h
[2.211s] -- Up-to-date symlink: /home/euntaek/ws_mobile/install/interfaces_pkg/include/interfaces_pkg/interfaces_pkg/msg/detail/lane_info__struct.h
[2.211s] -- Up-to-date symlink: /home/euntaek/ws_mobile/install/interfaces_pkg/include/interfaces_pkg/interfaces_pkg/msg/detail/lane_info__type_support.h
[2.211s] -- Up-to-date symlink: /home/euntaek/ws_mobile/install/interfaces_pkg/include/interfaces_pkg/interfaces_pkg/msg/detail/mask__functions.h
[2.211s] -- Up-to-date symlink: /home/euntaek/ws_mobile/install/interfaces_pkg/include/interfaces_pkg/interfaces_pkg/msg/detail/mask__struct.h
[2.211s] -- Up-to-date symlink: /home/euntaek/ws_mobile/install/interfaces_pkg/include/interfaces_pkg/interfaces_pkg/msg/detail/mask__type_support.h
[2.211s] -- Up-to-date symlink: /home/euntaek/ws_mobile/install/interfaces_pkg/include/interfaces_pkg/interfaces_pkg/msg/detail/motion_command__functions.h
[2.211s] -- Up-to-date symlink: /home/euntaek/ws_mobile/install/interfaces_pkg/include/interfaces_pkg/interfaces_pkg/msg/detail/motion_command__struct.h
[2.211s] -- Up-to-date symlink: /home/euntaek/ws_mobile/install/interfaces_pkg/include/interfaces_pkg/interfaces_pkg/msg/detail/motion_command__type_support.h
[2.211s] -- Up-to-date symlink: /home/euntaek/ws_mobile/install/interfaces_pkg/include/interfaces_pkg/interfaces_pkg/msg/detail/path_planning_result__functions.h
[2.211s] -- Up-to-date symlink: /home/euntaek/ws_mobile/install/interfaces_pkg/include/interfaces_pkg/interfaces_pkg/msg/detail/path_planning_result__struct.h
[2.211s] -- Up-to-date symlink: /home/euntaek/ws_mobile/install/interfaces_pkg/include/interfaces_pkg/interfaces_pkg/msg/detail/path_planning_result__type_support.h
[2.211s] -- Up-to-date symlink: /home/euntaek/ws_mobile/install/interfaces_pkg/include/interfaces_pkg/interfaces_pkg/msg/detail/point2_d__functions.h
[2.212s] -- Up-to-date symlink: /home/euntaek/ws_mobile/install/interfaces_pkg/include/interfaces_pkg/interfaces_pkg/msg/detail/point2_d__struct.h
[2.212s] -- Up-to-date symlink: /home/euntaek/ws_mobile/install/interfaces_pkg/include/interfaces_pkg/interfaces_pkg/msg/detail/point2_d__type_support.h
[2.212s] -- Up-to-date symlink: /home/euntaek/ws_mobile/install/interfaces_pkg/include/interfaces_pkg/interfaces_pkg/msg/detail/pose2_d__functions.h
[2.212s] -- Up-to-date symlink: /home/euntaek/ws_mobile/install/interfaces_pkg/include/interfaces_pkg/interfaces_pkg/msg/detail/pose2_d__struct.h
[2.212s] -- Up-to-date symlink: /home/euntaek/ws_mobile/install/interfaces_pkg/include/interfaces_pkg/interfaces_pkg/msg/detail/pose2_d__type_support.h
[2.212s] -- Up-to-date symlink: /home/euntaek/ws_mobile/install/interfaces_pkg/include/interfaces_pkg/interfaces_pkg/msg/detail/target_point__functions.h
[2.212s] -- Up-to-date symlink: /home/euntaek/ws_mobile/install/interfaces_pkg/include/interfaces_pkg/interfaces_pkg/msg/detail/target_point__struct.h
[2.212s] -- Up-to-date symlink: /home/euntaek/ws_mobile/install/interfaces_pkg/include/interfaces_pkg/interfaces_pkg/msg/detail/target_point__type_support.h
[2.212s] -- Up-to-date symlink: /home/euntaek/ws_mobile/install/interfaces_pkg/include/interfaces_pkg/interfaces_pkg/msg/detail/vector2__functions.h
[2.212s] -- Up-to-date symlink: /home/euntaek/ws_mobile/install/interfaces_pkg/include/interfaces_pkg/interfaces_pkg/msg/detail/vector2__struct.h
[2.212s] -- Up-to-date symlink: /home/euntaek/ws_mobile/install/interfaces_pkg/include/interfaces_pkg/interfaces_pkg/msg/detail/vector2__type_support.h
[2.212s] -- Up-to-date symlink: /home/euntaek/ws_mobile/install/interfaces_pkg/include/interfaces_pkg/interfaces_pkg/msg/detection.h
[2.212s] -- Up-to-date symlink: /home/euntaek/ws_mobile/install/interfaces_pkg/include/interfaces_pkg/interfaces_pkg/msg/detection_array.h
[2.212s] -- Up-to-date symlink: /home/euntaek/ws_mobile/install/interfaces_pkg/include/interfaces_pkg/interfaces_pkg/msg/key_point2_d.h
[2.212s] -- Up-to-date symlink: /home/euntaek/ws_mobile/install/interfaces_pkg/include/interfaces_pkg/interfaces_pkg/msg/key_point2_d_array.h
[2.212s] -- Up-to-date symlink: /home/euntaek/ws_mobile/install/interfaces_pkg/include/interfaces_pkg/interfaces_pkg/msg/key_point3_d.h
[2.212s] -- Up-to-date symlink: /home/euntaek/ws_mobile/install/interfaces_pkg/include/interfaces_pkg/interfaces_pkg/msg/key_point3_d_array.h
[2.213s] -- Up-to-date symlink: /home/euntaek/ws_mobile/install/interfaces_pkg/include/interfaces_pkg/interfaces_pkg/msg/lane_info.h
[2.213s] -- Up-to-date symlink: /home/euntaek/ws_mobile/install/interfaces_pkg/include/interfaces_pkg/interfaces_pkg/msg/mask.h
[2.213s] -- Up-to-date symlink: /home/euntaek/ws_mobile/install/interfaces_pkg/include/interfaces_pkg/interfaces_pkg/msg/motion_command.h
[2.213s] -- Up-to-date symlink: /home/euntaek/ws_mobile/install/interfaces_pkg/include/interfaces_pkg/interfaces_pkg/msg/path_planning_result.h
[2.213s] -- Up-to-date symlink: /home/euntaek/ws_mobile/install/interfaces_pkg/include/interfaces_pkg/interfaces_pkg/msg/point2_d.h
[2.213s] -- Up-to-date symlink: /home/euntaek/ws_mobile/install/interfaces_pkg/include/interfaces_pkg/interfaces_pkg/msg/pose2_d.h
[2.213s] -- Up-to-date symlink: /home/euntaek/ws_mobile/install/interfaces_pkg/include/interfaces_pkg/interfaces_pkg/msg/rosidl_generator_c__visibility_control.h
[2.213s] -- Up-to-date symlink: /home/euntaek/ws_mobile/install/interfaces_pkg/include/interfaces_pkg/interfaces_pkg/msg/target_point.h
[2.213s] -- Up-to-date symlink: /home/euntaek/ws_mobile/install/interfaces_pkg/include/interfaces_pkg/interfaces_pkg/msg/vector2.h
[2.213s] -- Up-to-date symlink: /home/euntaek/ws_mobile/install/interfaces_pkg/share/interfaces_pkg/environment/library_path.sh
[2.213s] -- Up-to-date symlink: /home/euntaek/ws_mobile/install/interfaces_pkg/share/interfaces_pkg/environment/library_path.dsv
[2.214s] -- Up-to-date symlink: /home/euntaek/ws_mobile/install/interfaces_pkg/include/interfaces_pkg/interfaces_pkg/msg/detail/bounding_box2_d__rosidl_typesupport_fastrtps_c.h
[2.214s] -- Up-to-date symlink: /home/euntaek/ws_mobile/install/interfaces_pkg/include/interfaces_pkg/interfaces_pkg/msg/detail/bounding_box3_d__rosidl_typesupport_fastrtps_c.h
[2.214s] -- Up-to-date symlink: /home/euntaek/ws_mobile/install/interfaces_pkg/include/interfaces_pkg/interfaces_pkg/msg/detail/detection__rosidl_typesupport_fastrtps_c.h
[2.214s] -- Up-to-date symlink: /home/euntaek/ws_mobile/install/interfaces_pkg/include/interfaces_pkg/interfaces_pkg/msg/detail/detection_array__rosidl_typesupport_fastrtps_c.h
[2.214s] -- Up-to-date symlink: /home/euntaek/ws_mobile/install/interfaces_pkg/include/interfaces_pkg/interfaces_pkg/msg/detail/key_point2_d__rosidl_typesupport_fastrtps_c.h
[2.214s] -- Up-to-date symlink: /home/euntaek/ws_mobile/install/interfaces_pkg/include/interfaces_pkg/interfaces_pkg/msg/detail/key_point2_d_array__rosidl_typesupport_fastrtps_c.h
[2.214s] -- Up-to-date symlink: /home/euntaek/ws_mobile/install/interfaces_pkg/include/interfaces_pkg/interfaces_pkg/msg/detail/key_point3_d__rosidl_typesupport_fastrtps_c.h
[2.214s] -- Up-to-date symlink: /home/euntaek/ws_mobile/install/interfaces_pkg/include/interfaces_pkg/interfaces_pkg/msg/detail/key_point3_d_array__rosidl_typesupport_fastrtps_c.h
[2.214s] -- Up-to-date symlink: /home/euntaek/ws_mobile/install/interfaces_pkg/include/interfaces_pkg/interfaces_pkg/msg/detail/lane_info__rosidl_typesupport_fastrtps_c.h
[2.214s] -- Up-to-date symlink: /home/euntaek/ws_mobile/install/interfaces_pkg/include/interfaces_pkg/interfaces_pkg/msg/detail/mask__rosidl_typesupport_fastrtps_c.h
[2.214s] -- Up-to-date symlink: /home/euntaek/ws_mobile/install/interfaces_pkg/include/interfaces_pkg/interfaces_pkg/msg/detail/motion_command__rosidl_typesupport_fastrtps_c.h
[2.214s] -- Up-to-date symlink: /home/euntaek/ws_mobile/install/interfaces_pkg/include/interfaces_pkg/interfaces_pkg/msg/detail/path_planning_result__rosidl_typesupport_fastrtps_c.h
[2.215s] -- Up-to-date symlink: /home/euntaek/ws_mobile/install/interfaces_pkg/include/interfaces_pkg/interfaces_pkg/msg/detail/point2_d__rosidl_typesupport_fastrtps_c.h
[2.215s] -- Up-to-date symlink: /home/euntaek/ws_mobile/install/interfaces_pkg/include/interfaces_pkg/interfaces_pkg/msg/detail/pose2_d__rosidl_typesupport_fastrtps_c.h
[2.215s] -- Up-to-date symlink: /home/euntaek/ws_mobile/install/interfaces_pkg/include/interfaces_pkg/interfaces_pkg/msg/detail/target_point__rosidl_typesupport_fastrtps_c.h
[2.215s] -- Up-to-date symlink: /home/euntaek/ws_mobile/install/interfaces_pkg/include/interfaces_pkg/interfaces_pkg/msg/detail/vector2__rosidl_typesupport_fastrtps_c.h
[2.215s] -- Up-to-date symlink: /home/euntaek/ws_mobile/install/interfaces_pkg/include/interfaces_pkg/interfaces_pkg/msg/rosidl_typesupport_fastrtps_c__visibility_control.h
[2.215s] -- Up-to-date symlink: /home/euntaek/ws_mobile/install/interfaces_pkg/include/interfaces_pkg/interfaces_pkg/msg/detail/bounding_box2_d__rosidl_typesupport_introspection_c.h
[2.215s] -- Up-to-date symlink: /home/euntaek/ws_mobile/install/interfaces_pkg/include/interfaces_pkg/interfaces_pkg/msg/detail/bounding_box3_d__rosidl_typesupport_introspection_c.h
[2.215s] -- Up-to-date symlink: /home/euntaek/ws_mobile/install/interfaces_pkg/include/interfaces_pkg/interfaces_pkg/msg/detail/detection__rosidl_typesupport_introspection_c.h
[2.215s] -- Up-to-date symlink: /home/euntaek/ws_mobile/install/interfaces_pkg/include/interfaces_pkg/interfaces_pkg/msg/detail/detection_array__rosidl_typesupport_introspection_c.h
[2.215s] -- Up-to-date symlink: /home/euntaek/ws_mobile/install/interfaces_pkg/include/interfaces_pkg/interfaces_pkg/msg/detail/key_point2_d__rosidl_typesupport_introspection_c.h
[2.215s] -- Up-to-date symlink: /home/euntaek/ws_mobile/install/interfaces_pkg/include/interfaces_pkg/interfaces_pkg/msg/detail/key_point2_d_array__rosidl_typesupport_introspection_c.h
[2.215s] -- Up-to-date symlink: /home/euntaek/ws_mobile/install/interfaces_pkg/include/interfaces_pkg/interfaces_pkg/msg/detail/key_point3_d__rosidl_typesupport_introspection_c.h
[2.215s] -- Up-to-date symlink: /home/euntaek/ws_mobile/install/interfaces_pkg/include/interfaces_pkg/interfaces_pkg/msg/detail/key_point3_d_array__rosidl_typesupport_introspection_c.h
[2.216s] -- Up-to-date symlink: /home/euntaek/ws_mobile/install/interfaces_pkg/include/interfaces_pkg/interfaces_pkg/msg/detail/lane_info__rosidl_typesupport_introspection_c.h
[2.216s] -- Up-to-date symlink: /home/euntaek/ws_mobile/install/interfaces_pkg/include/interfaces_pkg/interfaces_pkg/msg/detail/mask__rosidl_typesupport_introspection_c.h
[2.216s] -- Up-to-date symlink: /home/euntaek/ws_mobile/install/interfaces_pkg/include/interfaces_pkg/interfaces_pkg/msg/detail/motion_command__rosidl_typesupport_introspection_c.h
[2.216s] -- Up-to-date symlink: /home/euntaek/ws_mobile/install/interfaces_pkg/include/interfaces_pkg/interfaces_pkg/msg/detail/path_planning_result__rosidl_typesupport_introspection_c.h
[2.216s] -- Up-to-date symlink: /home/euntaek/ws_mobile/install/interfaces_pkg/include/interfaces_pkg/interfaces_pkg/msg/detail/point2_d__rosidl_typesupport_introspection_c.h
[2.216s] -- Up-to-date symlink: /home/euntaek/ws_mobile/install/interfaces_pkg/include/interfaces_pkg/interfaces_pkg/msg/detail/pose2_d__rosidl_typesupport_introspection_c.h
[2.216s] -- Up-to-date symlink: /home/euntaek/ws_mobile/install/interfaces_pkg/include/interfaces_pkg/interfaces_pkg/msg/detail/target_point__rosidl_typesupport_introspection_c.h
[2.216s] -- Up-to-date symlink: /home/euntaek/ws_mobile/install/interfaces_pkg/include/interfaces_pkg/interfaces_pkg/msg/detail/vector2__rosidl_typesupport_introspection_c.h
[2.216s] -- Up-to-date symlink: /home/euntaek/ws_mobile/install/interfaces_pkg/include/interfaces_pkg/interfaces_pkg/msg/rosidl_typesupport_introspection_c__visibility_control.h
[2.217s] -- Up-to-date symlink: /home/euntaek/ws_mobile/install/interfaces_pkg/include/interfaces_pkg/interfaces_pkg/msg/bounding_box2_d.hpp
[2.217s] -- Up-to-date symlink: /home/euntaek/ws_mobile/install/interfaces_pkg/include/interfaces_pkg/interfaces_pkg/msg/bounding_box3_d.hpp
[2.217s] -- Up-to-date symlink: /home/euntaek/ws_mobile/install/interfaces_pkg/include/interfaces_pkg/interfaces_pkg/msg/detail/bounding_box2_d__builder.hpp
[2.217s] -- Up-to-date symlink: /home/euntaek/ws_mobile/install/interfaces_pkg/include/interfaces_pkg/interfaces_pkg/msg/detail/bounding_box2_d__struct.hpp
[2.217s] -- Up-to-date symlink: /home/euntaek/ws_mobile/install/interfaces_pkg/include/interfaces_pkg/interfaces_pkg/msg/detail/bounding_box2_d__traits.hpp
[2.217s] -- Up-to-date symlink: /home/euntaek/ws_mobile/install/interfaces_pkg/include/interfaces_pkg/interfaces_pkg/msg/detail/bounding_box2_d__type_support.hpp
[2.217s] -- Up-to-date symlink: /home/euntaek/ws_mobile/install/interfaces_pkg/include/interfaces_pkg/interfaces_pkg/msg/detail/bounding_box3_d__builder.hpp
[2.217s] -- Up-to-date symlink: /home/euntaek/ws_mobile/install/interfaces_pkg/include/interfaces_pkg/interfaces_pkg/msg/detail/bounding_box3_d__struct.hpp
[2.217s] -- Up-to-date symlink: /home/euntaek/ws_mobile/install/interfaces_pkg/include/interfaces_pkg/interfaces_pkg/msg/detail/bounding_box3_d__traits.hpp
[2.217s] -- Up-to-date symlink: /home/euntaek/ws_mobile/install/interfaces_pkg/include/interfaces_pkg/interfaces_pkg/msg/detail/bounding_box3_d__type_support.hpp
[2.217s] -- Up-to-date symlink: /home/euntaek/ws_mobile/install/interfaces_pkg/include/interfaces_pkg/interfaces_pkg/msg/detail/detection__builder.hpp
[2.217s] -- Up-to-date symlink: /home/euntaek/ws_mobile/install/interfaces_pkg/include/interfaces_pkg/interfaces_pkg/msg/detail/detection__struct.hpp
[2.217s] -- Up-to-date symlink: /home/euntaek/ws_mobile/install/interfaces_pkg/include/interfaces_pkg/interfaces_pkg/msg/detail/detection__traits.hpp
[2.217s] -- Up-to-date symlink: /home/euntaek/ws_mobile/install/interfaces_pkg/include/interfaces_pkg/interfaces_pkg/msg/detail/detection__type_support.hpp
[2.217s] -- Up-to-date symlink: /home/euntaek/ws_mobile/install/interfaces_pkg/include/interfaces_pkg/interfaces_pkg/msg/detail/detection_array__builder.hpp
[2.218s] -- Up-to-date symlink: /home/euntaek/ws_mobile/install/interfaces_pkg/include/interfaces_pkg/interfaces_pkg/msg/detail/detection_array__struct.hpp
[2.218s] -- Up-to-date symlink: /home/euntaek/ws_mobile/install/interfaces_pkg/include/interfaces_pkg/interfaces_pkg/msg/detail/detection_array__traits.hpp
[2.218s] -- Up-to-date symlink: /home/euntaek/ws_mobile/install/interfaces_pkg/include/interfaces_pkg/interfaces_pkg/msg/detail/detection_array__type_support.hpp
[2.218s] -- Up-to-date symlink: /home/euntaek/ws_mobile/install/interfaces_pkg/include/interfaces_pkg/interfaces_pkg/msg/detail/key_point2_d__builder.hpp
[2.218s] -- Up-to-date symlink: /home/euntaek/ws_mobile/install/interfaces_pkg/include/interfaces_pkg/interfaces_pkg/msg/detail/key_point2_d__struct.hpp
[2.218s] -- Up-to-date symlink: /home/euntaek/ws_mobile/install/interfaces_pkg/include/interfaces_pkg/interfaces_pkg/msg/detail/key_point2_d__traits.hpp
[2.218s] -- Up-to-date symlink: /home/euntaek/ws_mobile/install/interfaces_pkg/include/interfaces_pkg/interfaces_pkg/msg/detail/key_point2_d__type_support.hpp
[2.218s] -- Up-to-date symlink: /home/euntaek/ws_mobile/install/interfaces_pkg/include/interfaces_pkg/interfaces_pkg/msg/detail/key_point2_d_array__builder.hpp
[2.218s] -- Up-to-date symlink: /home/euntaek/ws_mobile/install/interfaces_pkg/include/interfaces_pkg/interfaces_pkg/msg/detail/key_point2_d_array__struct.hpp
[2.218s] -- Up-to-date symlink: /home/euntaek/ws_mobile/install/interfaces_pkg/include/interfaces_pkg/interfaces_pkg/msg/detail/key_point2_d_array__traits.hpp
[2.218s] -- Up-to-date symlink: /home/euntaek/ws_mobile/install/interfaces_pkg/include/interfaces_pkg/interfaces_pkg/msg/detail/key_point2_d_array__type_support.hpp
[2.218s] -- Up-to-date symlink: /home/euntaek/ws_mobile/install/interfaces_pkg/include/interfaces_pkg/interfaces_pkg/msg/detail/key_point3_d__builder.hpp
[2.218s] -- Up-to-date symlink: /home/euntaek/ws_mobile/install/interfaces_pkg/include/interfaces_pkg/interfaces_pkg/msg/detail/key_point3_d__struct.hpp
[2.218s] -- Up-to-date symlink: /home/euntaek/ws_mobile/install/interfaces_pkg/include/interfaces_pkg/interfaces_pkg/msg/detail/key_point3_d__traits.hpp
[2.218s] -- Up-to-date symlink: /home/euntaek/ws_mobile/install/interfaces_pkg/include/interfaces_pkg/interfaces_pkg/msg/detail/key_point3_d__type_support.hpp
[2.218s] -- Up-to-date symlink: /home/euntaek/ws_mobile/install/interfaces_pkg/include/interfaces_pkg/interfaces_pkg/msg/detail/key_point3_d_array__builder.hpp
[2.218s] -- Up-to-date symlink: /home/euntaek/ws_mobile/install/interfaces_pkg/include/interfaces_pkg/interfaces_pkg/msg/detail/key_point3_d_array__struct.hpp
[2.219s] -- Up-to-date symlink: /home/euntaek/ws_mobile/install/interfaces_pkg/include/interfaces_pkg/interfaces_pkg/msg/detail/key_point3_d_array__traits.hpp
[2.219s] -- Up-to-date symlink: /home/euntaek/ws_mobile/install/interfaces_pkg/include/interfaces_pkg/interfaces_pkg/msg/detail/key_point3_d_array__type_support.hpp
[2.219s] -- Up-to-date symlink: /home/euntaek/ws_mobile/install/interfaces_pkg/include/interfaces_pkg/interfaces_pkg/msg/detail/lane_info__builder.hpp
[2.219s] -- Up-to-date symlink: /home/euntaek/ws_mobile/install/interfaces_pkg/include/interfaces_pkg/interfaces_pkg/msg/detail/lane_info__struct.hpp
[2.219s] -- Up-to-date symlink: /home/euntaek/ws_mobile/install/interfaces_pkg/include/interfaces_pkg/interfaces_pkg/msg/detail/lane_info__traits.hpp
[2.219s] -- Up-to-date symlink: /home/euntaek/ws_mobile/install/interfaces_pkg/include/interfaces_pkg/interfaces_pkg/msg/detail/lane_info__type_support.hpp
[2.219s] -- Up-to-date symlink: /home/euntaek/ws_mobile/install/interfaces_pkg/include/interfaces_pkg/interfaces_pkg/msg/detail/mask__builder.hpp
[2.219s] -- Up-to-date symlink: /home/euntaek/ws_mobile/install/interfaces_pkg/include/interfaces_pkg/interfaces_pkg/msg/detail/mask__struct.hpp
[2.219s] -- Up-to-date symlink: /home/euntaek/ws_mobile/install/interfaces_pkg/include/interfaces_pkg/interfaces_pkg/msg/detail/mask__traits.hpp
[2.219s] -- Up-to-date symlink: /home/euntaek/ws_mobile/install/interfaces_pkg/include/interfaces_pkg/interfaces_pkg/msg/detail/mask__type_support.hpp
[2.219s] -- Up-to-date symlink: /home/euntaek/ws_mobile/install/interfaces_pkg/include/interfaces_pkg/interfaces_pkg/msg/detail/motion_command__builder.hpp
[2.219s] -- Up-to-date symlink: /home/euntaek/ws_mobile/install/interfaces_pkg/include/interfaces_pkg/interfaces_pkg/msg/detail/motion_command__struct.hpp
[2.219s] -- Up-to-date symlink: /home/euntaek/ws_mobile/install/interfaces_pkg/include/interfaces_pkg/interfaces_pkg/msg/detail/motion_command__traits.hpp
[2.219s] -- Up-to-date symlink: /home/euntaek/ws_mobile/install/interfaces_pkg/include/interfaces_pkg/interfaces_pkg/msg/detail/motion_command__type_support.hpp
[2.219s] -- Up-to-date symlink: /home/euntaek/ws_mobile/install/interfaces_pkg/include/interfaces_pkg/interfaces_pkg/msg/detail/path_planning_result__builder.hpp
[2.219s] -- Up-to-date symlink: /home/euntaek/ws_mobile/install/interfaces_pkg/include/interfaces_pkg/interfaces_pkg/msg/detail/path_planning_result__struct.hpp
[2.219s] -- Up-to-date symlink: /home/euntaek/ws_mobile/install/interfaces_pkg/include/interfaces_pkg/interfaces_pkg/msg/detail/path_planning_result__traits.hpp
[2.220s] -- Up-to-date symlink: /home/euntaek/ws_mobile/install/interfaces_pkg/include/interfaces_pkg/interfaces_pkg/msg/detail/path_planning_result__type_support.hpp
[2.220s] -- Up-to-date symlink: /home/euntaek/ws_mobile/install/interfaces_pkg/include/interfaces_pkg/interfaces_pkg/msg/detail/point2_d__builder.hpp
[2.220s] -- Up-to-date symlink: /home/euntaek/ws_mobile/install/interfaces_pkg/include/interfaces_pkg/interfaces_pkg/msg/detail/point2_d__struct.hpp
[2.220s] -- Up-to-date symlink: /home/euntaek/ws_mobile/install/interfaces_pkg/include/interfaces_pkg/interfaces_pkg/msg/detail/point2_d__traits.hpp
[2.220s] -- Up-to-date symlink: /home/euntaek/ws_mobile/install/interfaces_pkg/include/interfaces_pkg/interfaces_pkg/msg/detail/point2_d__type_support.hpp
[2.220s] -- Up-to-date symlink: /home/euntaek/ws_mobile/install/interfaces_pkg/include/interfaces_pkg/interfaces_pkg/msg/detail/pose2_d__builder.hpp
[2.220s] -- Up-to-date symlink: /home/euntaek/ws_mobile/install/interfaces_pkg/include/interfaces_pkg/interfaces_pkg/msg/detail/pose2_d__struct.hpp
[2.220s] -- Up-to-date symlink: /home/euntaek/ws_mobile/install/interfaces_pkg/include/interfaces_pkg/interfaces_pkg/msg/detail/pose2_d__traits.hpp
[2.220s] -- Up-to-date symlink: /home/euntaek/ws_mobile/install/interfaces_pkg/include/interfaces_pkg/interfaces_pkg/msg/detail/pose2_d__type_support.hpp
[2.220s] -- Up-to-date symlink: /home/euntaek/ws_mobile/install/interfaces_pkg/include/interfaces_pkg/interfaces_pkg/msg/detail/target_point__builder.hpp
[2.220s] -- Up-to-date symlink: /home/euntaek/ws_mobile/install/interfaces_pkg/include/interfaces_pkg/interfaces_pkg/msg/detail/target_point__struct.hpp
[2.220s] -- Up-to-date symlink: /home/euntaek/ws_mobile/install/interfaces_pkg/include/interfaces_pkg/interfaces_pkg/msg/detail/target_point__traits.hpp
[2.220s] -- Up-to-date symlink: /home/euntaek/ws_mobile/install/interfaces_pkg/include/interfaces_pkg/interfaces_pkg/msg/detail/target_point__type_support.hpp
[2.220s] -- Up-to-date symlink: /home/euntaek/ws_mobile/install/interfaces_pkg/include/interfaces_pkg/interfaces_pkg/msg/detail/vector2__builder.hpp
[2.220s] -- Up-to-date symlink: /home/euntaek/ws_mobile/install/interfaces_pkg/include/interfaces_pkg/interfaces_pkg/msg/detail/vector2__struct.hpp
[2.220s] -- Up-to-date symlink: /home/euntaek/ws_mobile/install/interfaces_pkg/include/interfaces_pkg/interfaces_pkg/msg/detail/vector2__traits.hpp
[2.221s] -- Up-to-date symlink: /home/euntaek/ws_mobile/install/interfaces_pkg/include/interfaces_pkg/interfaces_pkg/msg/detail/vector2__type_support.hpp
[2.221s] -- Up-to-date symlink: /home/euntaek/ws_mobile/install/interfaces_pkg/include/interfaces_pkg/interfaces_pkg/msg/detection.hpp
[2.221s] -- Up-to-date symlink: /home/euntaek/ws_mobile/install/interfaces_pkg/include/interfaces_pkg/interfaces_pkg/msg/detection_array.hpp
[2.221s] -- Up-to-date symlink: /home/euntaek/ws_mobile/install/interfaces_pkg/include/interfaces_pkg/interfaces_pkg/msg/key_point2_d.hpp
[2.221s] -- Up-to-date symlink: /home/euntaek/ws_mobile/install/interfaces_pkg/include/interfaces_pkg/interfaces_pkg/msg/key_point2_d_array.hpp
[2.221s] -- Up-to-date symlink: /home/euntaek/ws_mobile/install/interfaces_pkg/include/interfaces_pkg/interfaces_pkg/msg/key_point3_d.hpp
[2.221s] -- Up-to-date symlink: /home/euntaek/ws_mobile/install/interfaces_pkg/include/interfaces_pkg/interfaces_pkg/msg/key_point3_d_array.hpp
[2.221s] -- Up-to-date symlink: /home/euntaek/ws_mobile/install/interfaces_pkg/include/interfaces_pkg/interfaces_pkg/msg/lane_info.hpp
[2.221s] -- Up-to-date symlink: /home/euntaek/ws_mobile/install/interfaces_pkg/include/interfaces_pkg/interfaces_pkg/msg/mask.hpp
[2.221s] -- Up-to-date symlink: /home/euntaek/ws_mobile/install/interfaces_pkg/include/interfaces_pkg/interfaces_pkg/msg/motion_command.hpp
[2.221s] -- Up-to-date symlink: /home/euntaek/ws_mobile/install/interfaces_pkg/include/interfaces_pkg/interfaces_pkg/msg/path_planning_result.hpp
[2.221s] -- Up-to-date symlink: /home/euntaek/ws_mobile/install/interfaces_pkg/include/interfaces_pkg/interfaces_pkg/msg/point2_d.hpp
[2.221s] -- Up-to-date symlink: /home/euntaek/ws_mobile/install/interfaces_pkg/include/interfaces_pkg/interfaces_pkg/msg/pose2_d.hpp
[2.221s] -- Up-to-date symlink: /home/euntaek/ws_mobile/install/interfaces_pkg/include/interfaces_pkg/interfaces_pkg/msg/rosidl_generator_cpp__visibility_control.hpp
[2.221s] -- Up-to-date symlink: /home/euntaek/ws_mobile/install/interfaces_pkg/include/interfaces_pkg/interfaces_pkg/msg/target_point.hpp
[2.221s] -- Up-to-date symlink: /home/euntaek/ws_mobile/install/interfaces_pkg/include/interfaces_pkg/interfaces_pkg/msg/vector2.hpp
[2.222s] -- Up-to-date symlink: /home/euntaek/ws_mobile/install/interfaces_pkg/include/interfaces_pkg/interfaces_pkg/msg/detail/bounding_box2_d__rosidl_typesupport_fastrtps_cpp.hpp
[2.222s] -- Up-to-date symlink: /home/euntaek/ws_mobile/install/interfaces_pkg/include/interfaces_pkg/interfaces_pkg/msg/detail/bounding_box3_d__rosidl_typesupport_fastrtps_cpp.hpp
[2.222s] -- Up-to-date symlink: /home/euntaek/ws_mobile/install/interfaces_pkg/include/interfaces_pkg/interfaces_pkg/msg/detail/detection__rosidl_typesupport_fastrtps_cpp.hpp
[2.222s] -- Up-to-date symlink: /home/euntaek/ws_mobile/install/interfaces_pkg/include/interfaces_pkg/interfaces_pkg/msg/detail/detection_array__rosidl_typesupport_fastrtps_cpp.hpp
[2.222s] -- Up-to-date symlink: /home/euntaek/ws_mobile/install/interfaces_pkg/include/interfaces_pkg/interfaces_pkg/msg/detail/key_point2_d__rosidl_typesupport_fastrtps_cpp.hpp
[2.222s] -- Up-to-date symlink: /home/euntaek/ws_mobile/install/interfaces_pkg/include/interfaces_pkg/interfaces_pkg/msg/detail/key_point2_d_array__rosidl_typesupport_fastrtps_cpp.hpp
[2.222s] -- Up-to-date symlink: /home/euntaek/ws_mobile/install/interfaces_pkg/include/interfaces_pkg/interfaces_pkg/msg/detail/key_point3_d__rosidl_typesupport_fastrtps_cpp.hpp
[2.222s] -- Up-to-date symlink: /home/euntaek/ws_mobile/install/interfaces_pkg/include/interfaces_pkg/interfaces_pkg/msg/detail/key_point3_d_array__rosidl_typesupport_fastrtps_cpp.hpp
[2.223s] -- Up-to-date symlink: /home/euntaek/ws_mobile/install/interfaces_pkg/include/interfaces_pkg/interfaces_pkg/msg/detail/lane_info__rosidl_typesupport_fastrtps_cpp.hpp
[2.223s] -- Up-to-date symlink: /home/euntaek/ws_mobile/install/interfaces_pkg/include/interfaces_pkg/interfaces_pkg/msg/detail/mask__rosidl_typesupport_fastrtps_cpp.hpp
[2.223s] -- Up-to-date symlink: /home/euntaek/ws_mobile/install/interfaces_pkg/include/interfaces_pkg/interfaces_pkg/msg/detail/motion_command__rosidl_typesupport_fastrtps_cpp.hpp
[2.223s] -- Up-to-date symlink: /home/euntaek/ws_mobile/install/interfaces_pkg/include/interfaces_pkg/interfaces_pkg/msg/detail/path_planning_result__rosidl_typesupport_fastrtps_cpp.hpp
[2.223s] -- Up-to-date symlink: /home/euntaek/ws_mobile/install/interfaces_pkg/include/interfaces_pkg/interfaces_pkg/msg/detail/point2_d__rosidl_typesupport_fastrtps_cpp.hpp
[2.223s] -- Up-to-date symlink: /home/euntaek/ws_mobile/install/interfaces_pkg/include/interfaces_pkg/interfaces_pkg/msg/detail/pose2_d__rosidl_typesupport_fastrtps_cpp.hpp
[2.223s] -- Up-to-date symlink: /home/euntaek/ws_mobile/install/interfaces_pkg/include/interfaces_pkg/interfaces_pkg/msg/detail/target_point__rosidl_typesupport_fastrtps_cpp.hpp
[2.223s] -- Up-to-date symlink: /home/euntaek/ws_mobile/install/interfaces_pkg/include/interfaces_pkg/interfaces_pkg/msg/detail/vector2__rosidl_typesupport_fastrtps_cpp.hpp
[2.223s] -- Up-to-date symlink: /home/euntaek/ws_mobile/install/interfaces_pkg/include/interfaces_pkg/interfaces_pkg/msg/rosidl_typesupport_fastrtps_cpp__visibility_control.h
[2.223s] -- Up-to-date symlink: /home/euntaek/ws_mobile/install/interfaces_pkg/include/interfaces_pkg/interfaces_pkg/msg/detail/bounding_box2_d__rosidl_typesupport_introspection_cpp.hpp
[2.223s] -- Up-to-date symlink: /home/euntaek/ws_mobile/install/interfaces_pkg/include/interfaces_pkg/interfaces_pkg/msg/detail/bounding_box3_d__rosidl_typesupport_introspection_cpp.hpp
[2.223s] -- Up-to-date symlink: /home/euntaek/ws_mobile/install/interfaces_pkg/include/interfaces_pkg/interfaces_pkg/msg/detail/detection__rosidl_typesupport_introspection_cpp.hpp
[2.223s] -- Up-to-date symlink: /home/euntaek/ws_mobile/install/interfaces_pkg/include/interfaces_pkg/interfaces_pkg/msg/detail/detection_array__rosidl_typesupport_introspection_cpp.hpp
[2.224s] -- Up-to-date symlink: /home/euntaek/ws_mobile/install/interfaces_pkg/include/interfaces_pkg/interfaces_pkg/msg/detail/key_point2_d__rosidl_typesupport_introspection_cpp.hpp
[2.224s] -- Up-to-date symlink: /home/euntaek/ws_mobile/install/interfaces_pkg/include/interfaces_pkg/interfaces_pkg/msg/detail/key_point2_d_array__rosidl_typesupport_introspection_cpp.hpp
[2.224s] -- Up-to-date symlink: /home/euntaek/ws_mobile/install/interfaces_pkg/include/interfaces_pkg/interfaces_pkg/msg/detail/key_point3_d__rosidl_typesupport_introspection_cpp.hpp
[2.224s] -- Up-to-date symlink: /home/euntaek/ws_mobile/install/interfaces_pkg/include/interfaces_pkg/interfaces_pkg/msg/detail/key_point3_d_array__rosidl_typesupport_introspection_cpp.hpp
[2.224s] -- Up-to-date symlink: /home/euntaek/ws_mobile/install/interfaces_pkg/include/interfaces_pkg/interfaces_pkg/msg/detail/lane_info__rosidl_typesupport_introspection_cpp.hpp
[2.224s] -- Up-to-date symlink: /home/euntaek/ws_mobile/install/interfaces_pkg/include/interfaces_pkg/interfaces_pkg/msg/detail/mask__rosidl_typesupport_introspection_cpp.hpp
[2.224s] -- Up-to-date symlink: /home/euntaek/ws_mobile/install/interfaces_pkg/include/interfaces_pkg/interfaces_pkg/msg/detail/motion_command__rosidl_typesupport_introspection_cpp.hpp
[2.224s] -- Up-to-date symlink: /home/euntaek/ws_mobile/install/interfaces_pkg/include/interfaces_pkg/interfaces_pkg/msg/detail/path_planning_result__rosidl_typesupport_introspection_cpp.hpp
[2.224s] -- Up-to-date symlink: /home/euntaek/ws_mobile/install/interfaces_pkg/include/interfaces_pkg/interfaces_pkg/msg/detail/point2_d__rosidl_typesupport_introspection_cpp.hpp
[2.224s] -- Up-to-date symlink: /home/euntaek/ws_mobile/install/interfaces_pkg/include/interfaces_pkg/interfaces_pkg/msg/detail/pose2_d__rosidl_typesupport_introspection_cpp.hpp
[2.224s] -- Up-to-date symlink: /home/euntaek/ws_mobile/install/interfaces_pkg/include/interfaces_pkg/interfaces_pkg/msg/detail/target_point__rosidl_typesupport_introspection_cpp.hpp
[2.224s] -- Up-to-date symlink: /home/euntaek/ws_mobile/install/interfaces_pkg/include/interfaces_pkg/interfaces_pkg/msg/detail/vector2__rosidl_typesupport_introspection_cpp.hpp
[2.225s] -- Up-to-date symlink: /home/euntaek/ws_mobile/install/interfaces_pkg/share/interfaces_pkg/environment/pythonpath.sh
[2.225s] -- Up-to-date symlink: /home/euntaek/ws_mobile/install/interfaces_pkg/share/interfaces_pkg/environment/pythonpath.dsv
[2.225s] -- Up-to-date symlink: /home/euntaek/ws_mobile/install/interfaces_pkg/local/lib/python3.10/dist-packages/interfaces_pkg-0.0.0-py3.10.egg-info/PKG-INFO
[2.225s] -- Up-to-date symlink: /home/euntaek/ws_mobile/install/interfaces_pkg/local/lib/python3.10/dist-packages/interfaces_pkg-0.0.0-py3.10.egg-info/SOURCES.txt
[2.225s] -- Up-to-date symlink: /home/euntaek/ws_mobile/install/interfaces_pkg/local/lib/python3.10/dist-packages/interfaces_pkg-0.0.0-py3.10.egg-info/dependency_links.txt
[2.225s] -- Up-to-date symlink: /home/euntaek/ws_mobile/install/interfaces_pkg/local/lib/python3.10/dist-packages/interfaces_pkg-0.0.0-py3.10.egg-info/top_level.txt
[2.226s] -- Up-to-date symlink: /home/euntaek/ws_mobile/install/interfaces_pkg/local/lib/python3.10/dist-packages/interfaces_pkg/__init__.py
[2.226s] -- Up-to-date symlink: /home/euntaek/ws_mobile/install/interfaces_pkg/local/lib/python3.10/dist-packages/interfaces_pkg/_interfaces_pkg_s.ep.rosidl_typesupport_c.c
[2.226s] -- Up-to-date symlink: /home/euntaek/ws_mobile/install/interfaces_pkg/local/lib/python3.10/dist-packages/interfaces_pkg/_interfaces_pkg_s.ep.rosidl_typesupport_fastrtps_c.c
[2.226s] -- Up-to-date symlink: /home/euntaek/ws_mobile/install/interfaces_pkg/local/lib/python3.10/dist-packages/interfaces_pkg/_interfaces_pkg_s.ep.rosidl_typesupport_introspection_c.c
[2.226s] -- Up-to-date symlink: /home/euntaek/ws_mobile/install/interfaces_pkg/local/lib/python3.10/dist-packages/interfaces_pkg/interfaces_pkg_s__rosidl_typesupport_c.cpython-310-x86_64-linux-gnu.so
[2.226s] -- Up-to-date symlink: /home/euntaek/ws_mobile/install/interfaces_pkg/local/lib/python3.10/dist-packages/interfaces_pkg/interfaces_pkg_s__rosidl_typesupport_fastrtps_c.cpython-310-x86_64-linux-gnu.so
[2.226s] -- Up-to-date symlink: /home/euntaek/ws_mobile/install/interfaces_pkg/local/lib/python3.10/dist-packages/interfaces_pkg/interfaces_pkg_s__rosidl_typesupport_introspection_c.cpython-310-x86_64-linux-gnu.so
[2.226s] -- Up-to-date symlink: /home/euntaek/ws_mobile/install/interfaces_pkg/local/lib/python3.10/dist-packages/interfaces_pkg/libinterfaces_pkg__rosidl_generator_py.so
[2.226s] -- Up-to-date symlink: /home/euntaek/ws_mobile/install/interfaces_pkg/local/lib/python3.10/dist-packages/interfaces_pkg/msg/__init__.py
[2.226s] -- Up-to-date symlink: /home/euntaek/ws_mobile/install/interfaces_pkg/local/lib/python3.10/dist-packages/interfaces_pkg/msg/_bounding_box2_d.py
[2.226s] -- Up-to-date symlink: /home/euntaek/ws_mobile/install/interfaces_pkg/local/lib/python3.10/dist-packages/interfaces_pkg/msg/_bounding_box2_d_s.c
[2.226s] -- Up-to-date symlink: /home/euntaek/ws_mobile/install/interfaces_pkg/local/lib/python3.10/dist-packages/interfaces_pkg/msg/_bounding_box3_d.py
[2.226s] -- Up-to-date symlink: /home/euntaek/ws_mobile/install/interfaces_pkg/local/lib/python3.10/dist-packages/interfaces_pkg/msg/_bounding_box3_d_s.c
[2.226s] -- Up-to-date symlink: /home/euntaek/ws_mobile/install/interfaces_pkg/local/lib/python3.10/dist-packages/interfaces_pkg/msg/_detection.py
[2.226s] -- Up-to-date symlink: /home/euntaek/ws_mobile/install/interfaces_pkg/local/lib/python3.10/dist-packages/interfaces_pkg/msg/_detection_array.py
[2.226s] -- Up-to-date symlink: /home/euntaek/ws_mobile/install/interfaces_pkg/local/lib/python3.10/dist-packages/interfaces_pkg/msg/_detection_array_s.c
[2.226s] -- Up-to-date symlink: /home/euntaek/ws_mobile/install/interfaces_pkg/local/lib/python3.10/dist-packages/interfaces_pkg/msg/_detection_s.c
[2.227s] -- Up-to-date symlink: /home/euntaek/ws_mobile/install/interfaces_pkg/local/lib/python3.10/dist-packages/interfaces_pkg/msg/_key_point2_d.py
[2.227s] -- Up-to-date symlink: /home/euntaek/ws_mobile/install/interfaces_pkg/local/lib/python3.10/dist-packages/interfaces_pkg/msg/_key_point2_d_array.py
[2.227s] -- Up-to-date symlink: /home/euntaek/ws_mobile/install/interfaces_pkg/local/lib/python3.10/dist-packages/interfaces_pkg/msg/_key_point2_d_array_s.c
[2.227s] -- Up-to-date symlink: /home/euntaek/ws_mobile/install/interfaces_pkg/local/lib/python3.10/dist-packages/interfaces_pkg/msg/_key_point2_d_s.c
[2.227s] -- Up-to-date symlink: /home/euntaek/ws_mobile/install/interfaces_pkg/local/lib/python3.10/dist-packages/interfaces_pkg/msg/_key_point3_d.py
[2.227s] -- Up-to-date symlink: /home/euntaek/ws_mobile/install/interfaces_pkg/local/lib/python3.10/dist-packages/interfaces_pkg/msg/_key_point3_d_array.py
[2.227s] -- Up-to-date symlink: /home/euntaek/ws_mobile/install/interfaces_pkg/local/lib/python3.10/dist-packages/interfaces_pkg/msg/_key_point3_d_array_s.c
[2.227s] -- Up-to-date symlink: /home/euntaek/ws_mobile/install/interfaces_pkg/local/lib/python3.10/dist-packages/interfaces_pkg/msg/_key_point3_d_s.c
[2.227s] -- Up-to-date symlink: /home/euntaek/ws_mobile/install/interfaces_pkg/local/lib/python3.10/dist-packages/interfaces_pkg/msg/_lane_info.py
[2.227s] -- Up-to-date symlink: /home/euntaek/ws_mobile/install/interfaces_pkg/local/lib/python3.10/dist-packages/interfaces_pkg/msg/_lane_info_s.c
[2.227s] -- Up-to-date symlink: /home/euntaek/ws_mobile/install/interfaces_pkg/local/lib/python3.10/dist-packages/interfaces_pkg/msg/_mask.py
[2.227s] -- Up-to-date symlink: /home/euntaek/ws_mobile/install/interfaces_pkg/local/lib/python3.10/dist-packages/interfaces_pkg/msg/_mask_s.c
[2.227s] -- Up-to-date symlink: /home/euntaek/ws_mobile/install/interfaces_pkg/local/lib/python3.10/dist-packages/interfaces_pkg/msg/_motion_command.py
[2.227s] -- Up-to-date symlink: /home/euntaek/ws_mobile/install/interfaces_pkg/local/lib/python3.10/dist-packages/interfaces_pkg/msg/_motion_command_s.c
[2.227s] -- Up-to-date symlink: /home/euntaek/ws_mobile/install/interfaces_pkg/local/lib/python3.10/dist-packages/interfaces_pkg/msg/_path_planning_result.py
[2.227s] -- Up-to-date symlink: /home/euntaek/ws_mobile/install/interfaces_pkg/local/lib/python3.10/dist-packages/interfaces_pkg/msg/_path_planning_result_s.c
[2.227s] -- Up-to-date symlink: /home/euntaek/ws_mobile/install/interfaces_pkg/local/lib/python3.10/dist-packages/interfaces_pkg/msg/_point2_d.py
[2.228s] -- Up-to-date symlink: /home/euntaek/ws_mobile/install/interfaces_pkg/local/lib/python3.10/dist-packages/interfaces_pkg/msg/_point2_d_s.c
[2.228s] -- Up-to-date symlink: /home/euntaek/ws_mobile/install/interfaces_pkg/local/lib/python3.10/dist-packages/interfaces_pkg/msg/_pose2_d.py
[2.228s] -- Up-to-date symlink: /home/euntaek/ws_mobile/install/interfaces_pkg/local/lib/python3.10/dist-packages/interfaces_pkg/msg/_pose2_d_s.c
[2.228s] -- Up-to-date symlink: /home/euntaek/ws_mobile/install/interfaces_pkg/local/lib/python3.10/dist-packages/interfaces_pkg/msg/_target_point.py
[2.228s] -- Up-to-date symlink: /home/euntaek/ws_mobile/install/interfaces_pkg/local/lib/python3.10/dist-packages/interfaces_pkg/msg/_target_point_s.c
[2.228s] -- Up-to-date symlink: /home/euntaek/ws_mobile/install/interfaces_pkg/local/lib/python3.10/dist-packages/interfaces_pkg/msg/_vector2.py
[2.228s] -- Up-to-date symlink: /home/euntaek/ws_mobile/install/interfaces_pkg/local/lib/python3.10/dist-packages/interfaces_pkg/msg/_vector2_s.c
[2.228s] -- Up-to-date symlink: /home/euntaek/ws_mobile/install/interfaces_pkg/local/lib/python3.10/dist-packages/interfaces_pkg/interfaces_pkg_s__rosidl_typesupport_fastrtps_c.cpython-310-x86_64-linux-gnu.so
[2.228s] -- Up-to-date symlink: /home/euntaek/ws_mobile/install/interfaces_pkg/local/lib/python3.10/dist-packages/interfaces_pkg/interfaces_pkg_s__rosidl_typesupport_introspection_c.cpython-310-x86_64-linux-gnu.so
[2.228s] -- Up-to-date symlink: /home/euntaek/ws_mobile/install/interfaces_pkg/local/lib/python3.10/dist-packages/interfaces_pkg/interfaces_pkg_s__rosidl_typesupport_c.cpython-310-x86_64-linux-gnu.so
[2.228s] -- Up-to-date symlink: /home/euntaek/ws_mobile/install/interfaces_pkg/share/interfaces_pkg/msg/Point2D.idl
[2.228s] -- Up-to-date symlink: /home/euntaek/ws_mobile/install/interfaces_pkg/share/interfaces_pkg/msg/Vector2.idl
[2.228s] -- Up-to-date symlink: /home/euntaek/ws_mobile/install/interfaces_pkg/share/interfaces_pkg/msg/Pose2D.idl
[2.229s] -- Up-to-date symlink: /home/euntaek/ws_mobile/install/interfaces_pkg/share/interfaces_pkg/msg/BoundingBox2D.idl
[2.229s] -- Up-to-date symlink: /home/euntaek/ws_mobile/install/interfaces_pkg/share/interfaces_pkg/msg/BoundingBox3D.idl
[2.229s] -- Up-to-date symlink: /home/euntaek/ws_mobile/install/interfaces_pkg/share/interfaces_pkg/msg/Mask.idl
[2.229s] -- Up-to-date symlink: /home/euntaek/ws_mobile/install/interfaces_pkg/share/interfaces_pkg/msg/KeyPoint2D.idl
[2.229s] -- Up-to-date symlink: /home/euntaek/ws_mobile/install/interfaces_pkg/share/interfaces_pkg/msg/KeyPoint2DArray.idl
[2.229s] -- Up-to-date symlink: /home/euntaek/ws_mobile/install/interfaces_pkg/share/interfaces_pkg/msg/KeyPoint3D.idl
[2.229s] -- Up-to-date symlink: /home/euntaek/ws_mobile/install/interfaces_pkg/share/interfaces_pkg/msg/KeyPoint3DArray.idl
[2.229s] -- Up-to-date symlink: /home/euntaek/ws_mobile/install/interfaces_pkg/share/interfaces_pkg/msg/Detection.idl
[2.229s] -- Up-to-date symlink: /home/euntaek/ws_mobile/install/interfaces_pkg/share/interfaces_pkg/msg/DetectionArray.idl
[2.229s] -- Up-to-date symlink: /home/euntaek/ws_mobile/install/interfaces_pkg/share/interfaces_pkg/msg/LaneInfo.idl
[2.229s] -- Up-to-date symlink: /home/euntaek/ws_mobile/install/interfaces_pkg/share/interfaces_pkg/msg/MotionCommand.idl
[2.229s] -- Up-to-date symlink: /home/euntaek/ws_mobile/install/interfaces_pkg/share/interfaces_pkg/msg/TargetPoint.idl
[2.229s] -- Up-to-date symlink: /home/euntaek/ws_mobile/install/interfaces_pkg/share/interfaces_pkg/msg/PathPlanningResult.idl
[2.229s] -- Up-to-date symlink: /home/euntaek/ws_mobile/install/interfaces_pkg/share/interfaces_pkg/msg/Point2D.msg
[2.230s] -- Up-to-date symlink: /home/euntaek/ws_mobile/install/interfaces_pkg/share/interfaces_pkg/msg/Vector2.msg
[2.230s] -- Up-to-date symlink: /home/euntaek/ws_mobile/install/interfaces_pkg/share/interfaces_pkg/msg/Pose2D.msg
[2.230s] -- Up-to-date symlink: /home/euntaek/ws_mobile/install/interfaces_pkg/share/interfaces_pkg/msg/BoundingBox2D.msg
[2.230s] -- Up-to-date symlink: /home/euntaek/ws_mobile/install/interfaces_pkg/share/interfaces_pkg/msg/BoundingBox3D.msg
[2.230s] -- Up-to-date symlink: /home/euntaek/ws_mobile/install/interfaces_pkg/share/interfaces_pkg/msg/Mask.msg
[2.230s] -- Up-to-date symlink: /home/euntaek/ws_mobile/install/interfaces_pkg/share/interfaces_pkg/msg/KeyPoint2D.msg
[2.230s] -- Up-to-date symlink: /home/euntaek/ws_mobile/install/interfaces_pkg/share/interfaces_pkg/msg/KeyPoint2DArray.msg
[2.230s] -- Up-to-date symlink: /home/euntaek/ws_mobile/install/interfaces_pkg/share/interfaces_pkg/msg/KeyPoint3D.msg
[2.230s] -- Up-to-date symlink: /home/euntaek/ws_mobile/install/interfaces_pkg/share/interfaces_pkg/msg/KeyPoint3DArray.msg
[2.230s] -- Up-to-date symlink: /home/euntaek/ws_mobile/install/interfaces_pkg/share/interfaces_pkg/msg/Detection.msg
[2.230s] -- Up-to-date symlink: /home/euntaek/ws_mobile/install/interfaces_pkg/share/interfaces_pkg/msg/DetectionArray.msg
[2.230s] -- Up-to-date symlink: /home/euntaek/ws_mobile/install/interfaces_pkg/share/interfaces_pkg/msg/LaneInfo.msg
[2.230s] -- Up-to-date symlink: /home/euntaek/ws_mobile/install/interfaces_pkg/share/interfaces_pkg/msg/MotionCommand.msg
[2.230s] -- Up-to-date symlink: /home/euntaek/ws_mobile/install/interfaces_pkg/share/interfaces_pkg/msg/TargetPoint.msg
[2.230s] -- Up-to-date symlink: /home/euntaek/ws_mobile/install/interfaces_pkg/share/interfaces_pkg/msg/PathPlanningResult.msg
[2.231s] -- Up-to-date symlink: /home/euntaek/ws_mobile/install/interfaces_pkg/share/ament_index/resource_index/package_run_dependencies/interfaces_pkg
[2.231s] -- Up-to-date symlink: /home/euntaek/ws_mobile/install/interfaces_pkg/share/ament_index/resource_index/parent_prefix_path/interfaces_pkg
[2.231s] -- Up-to-date symlink: /home/euntaek/ws_mobile/install/interfaces_pkg/share/interfaces_pkg/environment/ament_prefix_path.sh
[2.231s] -- Up-to-date symlink: /home/euntaek/ws_mobile/install/interfaces_pkg/share/interfaces_pkg/environment/ament_prefix_path.dsv
[2.231s] -- Up-to-date symlink: /home/euntaek/ws_mobile/install/interfaces_pkg/share/interfaces_pkg/environment/path.sh
[2.231s] -- Up-to-date symlink: /home/euntaek/ws_mobile/install/interfaces_pkg/share/interfaces_pkg/environment/path.dsv
[2.231s] -- Up-to-date symlink: /home/euntaek/ws_mobile/install/interfaces_pkg/share/interfaces_pkg/local_setup.bash
[2.231s] -- Up-to-date symlink: /home/euntaek/ws_mobile/install/interfaces_pkg/share/interfaces_pkg/local_setup.sh
[2.231s] -- Up-to-date symlink: /home/euntaek/ws_mobile/install/interfaces_pkg/share/interfaces_pkg/local_setup.zsh
[2.231s] -- Up-to-date symlink: /home/euntaek/ws_mobile/install/interfaces_pkg/share/interfaces_pkg/local_setup.dsv
[2.231s] -- Symlinking: /home/euntaek/ws_mobile/install/interfaces_pkg/share/interfaces_pkg/package.dsv
[2.237s] -- Up-to-date symlink: /home/euntaek/ws_mobile/install/interfaces_pkg/share/ament_index/resource_index/packages/interfaces_pkg
[2.237s] -- Up-to-date symlink: /home/euntaek/ws_mobile/install/interfaces_pkg/share/interfaces_pkg/cmake/rosidl_cmake-extras.cmake
[2.238s] -- Up-to-date symlink: /home/euntaek/ws_mobile/install/interfaces_pkg/share/interfaces_pkg/cmake/ament_cmake_export_dependencies-extras.cmake
[2.238s] -- Up-to-date symlink: /home/euntaek/ws_mobile/install/interfaces_pkg/share/interfaces_pkg/cmake/ament_cmake_export_include_directories-extras.cmake
[2.238s] -- Up-to-date symlink: /home/euntaek/ws_mobile/install/interfaces_pkg/share/interfaces_pkg/cmake/ament_cmake_export_libraries-extras.cmake
[2.238s] -- Up-to-date symlink: /home/euntaek/ws_mobile/install/interfaces_pkg/share/interfaces_pkg/cmake/ament_cmake_export_targets-extras.cmake
[2.238s] -- Up-to-date symlink: /home/euntaek/ws_mobile/install/interfaces_pkg/share/interfaces_pkg/cmake/rosidl_cmake_export_typesupport_targets-extras.cmake
[2.238s] -- Up-to-date symlink: /home/euntaek/ws_mobile/install/interfaces_pkg/share/interfaces_pkg/cmake/rosidl_cmake_export_typesupport_libraries-extras.cmake
[2.238s] -- Up-to-date symlink: /home/euntaek/ws_mobile/install/interfaces_pkg/share/interfaces_pkg/cmake/interfaces_pkgConfig.cmake
[2.238s] -- Up-to-date symlink: /home/euntaek/ws_mobile/install/interfaces_pkg/share/interfaces_pkg/cmake/interfaces_pkgConfig-version.cmake
[2.238s] -- Up-to-date symlink: /home/euntaek/ws_mobile/install/interfaces_pkg/share/interfaces_pkg/package.xml
[2.238s] -- Installing: /home/euntaek/ws_mobile/install/interfaces_pkg/lib/libinterfaces_pkg__rosidl_generator_c.so
[2.239s] -- Set runtime path of "/home/euntaek/ws_mobile/install/interfaces_pkg/lib/libinterfaces_pkg__rosidl_generator_c.so" to ""
[2.239s] -- Installing: /home/euntaek/ws_mobile/install/interfaces_pkg/lib/libinterfaces_pkg__rosidl_typesupport_fastrtps_c.so
[2.239s] -- Set runtime path of "/home/euntaek/ws_mobile/install/interfaces_pkg/lib/libinterfaces_pkg__rosidl_typesupport_fastrtps_c.so" to ""
[2.239s] -- Installing: /home/euntaek/ws_mobile/install/interfaces_pkg/lib/libinterfaces_pkg__rosidl_typesupport_introspection_c.so
[2.239s] -- Set runtime path of "/home/euntaek/ws_mobile/install/interfaces_pkg/lib/libinterfaces_pkg__rosidl_typesupport_introspection_c.so" to ""
[2.239s] -- Installing: /home/euntaek/ws_mobile/install/interfaces_pkg/lib/libinterfaces_pkg__rosidl_typesupport_c.so
[2.239s] -- Set runtime path of "/home/euntaek/ws_mobile/install/interfaces_pkg/lib/libinterfaces_pkg__rosidl_typesupport_c.so" to ""
[2.240s] -- Installing: /home/euntaek/ws_mobile/install/interfaces_pkg/lib/libinterfaces_pkg__rosidl_typesupport_fastrtps_cpp.so
[2.240s] -- Set runtime path of "/home/euntaek/ws_mobile/install/interfaces_pkg/lib/libinterfaces_pkg__rosidl_typesupport_fastrtps_cpp.so" to ""
[2.240s] -- Installing: /home/euntaek/ws_mobile/install/interfaces_pkg/lib/libinterfaces_pkg__rosidl_typesupport_introspection_cpp.so
[2.241s] -- Set runtime path of "/home/euntaek/ws_mobile/install/interfaces_pkg/lib/libinterfaces_pkg__rosidl_typesupport_introspection_cpp.so" to ""
[2.241s] -- Installing: /home/euntaek/ws_mobile/install/interfaces_pkg/lib/libinterfaces_pkg__rosidl_typesupport_cpp.so
[2.241s] -- Set runtime path of "/home/euntaek/ws_mobile/install/interfaces_pkg/lib/libinterfaces_pkg__rosidl_typesupport_cpp.so" to ""
[2.270s] Listing '/home/euntaek/ws_mobile/install/interfaces_pkg/local/lib/python3.10/dist-packages/interfaces_pkg'...
[2.270s] Compiling '/home/euntaek/ws_mobile/install/interfaces_pkg/local/lib/python3.10/dist-packages/interfaces_pkg/__init__.py'...
[2.270s] Listing '/home/euntaek/ws_mobile/install/interfaces_pkg/local/lib/python3.10/dist-packages/interfaces_pkg/msg'...
[2.270s] Compiling '/home/euntaek/ws_mobile/install/interfaces_pkg/local/lib/python3.10/dist-packages/interfaces_pkg/msg/__init__.py'...
[2.270s] Compiling '/home/euntaek/ws_mobile/install/interfaces_pkg/local/lib/python3.10/dist-packages/interfaces_pkg/msg/_bounding_box2_d.py'...
[2.270s] Compiling '/home/euntaek/ws_mobile/install/interfaces_pkg/local/lib/python3.10/dist-packages/interfaces_pkg/msg/_bounding_box3_d.py'...
[2.270s] Compiling '/home/euntaek/ws_mobile/install/interfaces_pkg/local/lib/python3.10/dist-packages/interfaces_pkg/msg/_detection.py'...
[2.270s] Compiling '/home/euntaek/ws_mobile/install/interfaces_pkg/local/lib/python3.10/dist-packages/interfaces_pkg/msg/_detection_array.py'...
[2.270s] Compiling '/home/euntaek/ws_mobile/install/interfaces_pkg/local/lib/python3.10/dist-packages/interfaces_pkg/msg/_key_point2_d.py'...
[2.270s] Compiling '/home/euntaek/ws_mobile/install/interfaces_pkg/local/lib/python3.10/dist-packages/interfaces_pkg/msg/_key_point2_d_array.py'...
[2.270s] Compiling '/home/euntaek/ws_mobile/install/interfaces_pkg/local/lib/python3.10/dist-packages/interfaces_pkg/msg/_key_point3_d.py'...
[2.270s] Compiling '/home/euntaek/ws_mobile/install/interfaces_pkg/local/lib/python3.10/dist-packages/interfaces_pkg/msg/_key_point3_d_array.py'...
[2.270s] Compiling '/home/euntaek/ws_mobile/install/interfaces_pkg/local/lib/python3.10/dist-packages/interfaces_pkg/msg/_lane_info.py'...
[2.270s] Compiling '/home/euntaek/ws_mobile/install/interfaces_pkg/local/lib/python3.10/dist-packages/interfaces_pkg/msg/_mask.py'...
[2.270s] Compiling '/home/euntaek/ws_mobile/install/interfaces_pkg/local/lib/python3.10/dist-packages/interfaces_pkg/msg/_motion_command.py'...
[2.270s] Compiling '/home/euntaek/ws_mobile/install/interfaces_pkg/local/lib/python3.10/dist-packages/interfaces_pkg/msg/_path_planning_result.py'...
[2.270s] Compiling '/home/euntaek/ws_mobile/install/interfaces_pkg/local/lib/python3.10/dist-packages/interfaces_pkg/msg/_point2_d.py'...
[2.270s] Compiling '/home/euntaek/ws_mobile/install/interfaces_pkg/local/lib/python3.10/dist-packages/interfaces_pkg/msg/_pose2_d.py'...
[2.270s] Compiling '/home/euntaek/ws_mobile/install/interfaces_pkg/local/lib/python3.10/dist-packages/interfaces_pkg/msg/_target_point.py'...
[2.270s] Compiling '/home/euntaek/ws_mobile/install/interfaces_pkg/local/lib/python3.10/dist-packages/interfaces_pkg/msg/_vector2.py'...
[2.272s] -- Installing: /home/euntaek/ws_mobile/install/interfaces_pkg/lib/libinterfaces_pkg__rosidl_generator_py.so
[2.272s] -- Set runtime path of "/home/euntaek/ws_mobile/install/interfaces_pkg/lib/libinterfaces_pkg__rosidl_generator_py.so" to ""
[2.272s] -- Up-to-date: /home/euntaek/ws_mobile/install/interfaces_pkg/share/interfaces_pkg/cmake/export_interfaces_pkg__rosidl_generator_cExport.cmake
[2.272s] -- Up-to-date: /home/euntaek/ws_mobile/install/interfaces_pkg/share/interfaces_pkg/cmake/export_interfaces_pkg__rosidl_generator_cExport-noconfig.cmake
[2.273s] -- Up-to-date: /home/euntaek/ws_mobile/install/interfaces_pkg/share/interfaces_pkg/cmake/export_interfaces_pkg__rosidl_typesupport_fastrtps_cExport.cmake
[2.273s] -- Up-to-date: /home/euntaek/ws_mobile/install/interfaces_pkg/share/interfaces_pkg/cmake/export_interfaces_pkg__rosidl_typesupport_fastrtps_cExport-noconfig.cmake
[2.273s] -- Up-to-date: /home/euntaek/ws_mobile/install/interfaces_pkg/share/interfaces_pkg/cmake/interfaces_pkg__rosidl_typesupport_introspection_cExport.cmake
[2.273s] -- Up-to-date: /home/euntaek/ws_mobile/install/interfaces_pkg/share/interfaces_pkg/cmake/interfaces_pkg__rosidl_typesupport_introspection_cExport-noconfig.cmake
[2.273s] -- Up-to-date: /home/euntaek/ws_mobile/install/interfaces_pkg/share/interfaces_pkg/cmake/interfaces_pkg__rosidl_typesupport_cExport.cmake
[2.273s] -- Up-to-date: /home/euntaek/ws_mobile/install/interfaces_pkg/share/interfaces_pkg/cmake/interfaces_pkg__rosidl_typesupport_cExport-noconfig.cmake
[2.273s] -- Up-to-date: /home/euntaek/ws_mobile/install/interfaces_pkg/share/interfaces_pkg/cmake/export_interfaces_pkg__rosidl_generator_cppExport.cmake
[2.273s] -- Up-to-date: /home/euntaek/ws_mobile/install/interfaces_pkg/share/interfaces_pkg/cmake/export_interfaces_pkg__rosidl_typesupport_fastrtps_cppExport.cmake
[2.273s] -- Up-to-date: /home/euntaek/ws_mobile/install/interfaces_pkg/share/interfaces_pkg/cmake/export_interfaces_pkg__rosidl_typesupport_fastrtps_cppExport-noconfig.cmake
[2.273s] -- Up-to-date: /home/euntaek/ws_mobile/install/interfaces_pkg/share/interfaces_pkg/cmake/interfaces_pkg__rosidl_typesupport_introspection_cppExport.cmake
[2.273s] -- Up-to-date: /home/euntaek/ws_mobile/install/interfaces_pkg/share/interfaces_pkg/cmake/interfaces_pkg__rosidl_typesupport_introspection_cppExport-noconfig.cmake
[2.273s] -- Up-to-date: /home/euntaek/ws_mobile/install/interfaces_pkg/share/interfaces_pkg/cmake/interfaces_pkg__rosidl_typesupport_cppExport.cmake
[2.273s] -- Up-to-date: /home/euntaek/ws_mobile/install/interfaces_pkg/share/interfaces_pkg/cmake/interfaces_pkg__rosidl_typesupport_cppExport-noconfig.cmake
[2.273s] -- Up-to-date: /home/euntaek/ws_mobile/install/interfaces_pkg/share/interfaces_pkg/cmake/export_interfaces_pkg__rosidl_generator_pyExport.cmake
[2.273s] -- Up-to-date: /home/euntaek/ws_mobile/install/interfaces_pkg/share/interfaces_pkg/cmake/export_interfaces_pkg__rosidl_generator_pyExport-noconfig.cmake
[2.275s] Invoked command in '/home/euntaek/ws_mobile/build/interfaces_pkg' returned '0': CMAKE_PREFIX_PATH=${CMAKE_PREFIX_PATH}:/home/euntaek/ws_mobile/install/serial_communication_pkg:/home/euntaek/ws_mobile/install/lidar_perception_pkg:/home/euntaek/ws_mobile/install/decision_making_pkg:/home/euntaek/ws_mobile/install/debug_pkg:/home/euntaek/ws_mobile/install/gps_path:/home/euntaek/ws_mobile/install/camera_perception_pkg:/opt/ros/humble /usr/bin/cmake --install /home/euntaek/ws_mobile/build/interfaces_pkg
