[0.763s] Invoking command in '/home/euntaek/ws_mobile/src/camera_perception_pkg': PYTHONPATH=/home/euntaek/ws_mobile/build/camera_perception_pkg/prefix_override:/usr/lib/python3/dist-packages/colcon_core/task/python/colcon_distutils_commands:/home/euntaek/ws_mobile/install/camera_perception_pkg/lib/python3.10/site-packages:${PYTHONPATH} /usr/bin/python3 -W ignore:setup.py install is deprecated -W ignore:easy_install command is deprecated setup.py egg_info --egg-base ../../build/camera_perception_pkg build --build-base /home/euntaek/ws_mobile/build/camera_perception_pkg/build install --record /home/euntaek/ws_mobile/build/camera_perception_pkg/install.log --single-version-externally-managed install_data
[0.923s] running egg_info
[0.925s] writing ../../build/camera_perception_pkg/camera_perception_pkg.egg-info/PKG-INFO
[0.925s] writing dependency_links to ../../build/camera_perception_pkg/camera_perception_pkg.egg-info/dependency_links.txt
[0.925s] writing entry points to ../../build/camera_perception_pkg/camera_perception_pkg.egg-info/entry_points.txt
[0.925s] writing requirements to ../../build/camera_perception_pkg/camera_perception_pkg.egg-info/requires.txt
[0.925s] writing top-level names to ../../build/camera_perception_pkg/camera_perception_pkg.egg-info/top_level.txt
[0.930s] reading manifest file '../../build/camera_perception_pkg/camera_perception_pkg.egg-info/SOURCES.txt'
[0.930s] writing manifest file '../../build/camera_perception_pkg/camera_perception_pkg.egg-info/SOURCES.txt'
[0.930s] running build
[0.931s] running build_py
[0.931s] running install
[0.931s] running install_lib
[0.931s] running install_data
[0.931s] running install_egg_info
[0.931s] removing '/home/euntaek/ws_mobile/install/camera_perception_pkg/lib/python3.10/site-packages/camera_perception_pkg-0.0.0-py3.10.egg-info' (and everything under it)
[0.932s] Copying ../../build/camera_perception_pkg/camera_perception_pkg.egg-info to /home/euntaek/ws_mobile/install/camera_perception_pkg/lib/python3.10/site-packages/camera_perception_pkg-0.0.0-py3.10.egg-info
[0.932s] running install_scripts
[0.950s] Installing image_publisher_node script to /home/euntaek/ws_mobile/install/camera_perception_pkg/lib/camera_perception_pkg
[0.950s] Installing lane_info_extractor_node script to /home/euntaek/ws_mobile/install/camera_perception_pkg/lib/camera_perception_pkg
[0.951s] Installing traffic_light_detector_node script to /home/euntaek/ws_mobile/install/camera_perception_pkg/lib/camera_perception_pkg
[0.951s] Installing yolov8_node script to /home/euntaek/ws_mobile/install/camera_perception_pkg/lib/camera_perception_pkg
[0.954s] writing list of installed files to '/home/euntaek/ws_mobile/build/camera_perception_pkg/install.log'
[0.992s] Invoked command in '/home/euntaek/ws_mobile/src/camera_perception_pkg' returned '0': PYTHONPATH=/home/euntaek/ws_mobile/build/camera_perception_pkg/prefix_override:/usr/lib/python3/dist-packages/colcon_core/task/python/colcon_distutils_commands:/home/euntaek/ws_mobile/install/camera_perception_pkg/lib/python3.10/site-packages:${PYTHONPATH} /usr/bin/python3 -W ignore:setup.py install is deprecated -W ignore:easy_install command is deprecated setup.py egg_info --egg-base ../../build/camera_perception_pkg build --build-base /home/euntaek/ws_mobile/build/camera_perception_pkg/build install --record /home/euntaek/ws_mobile/build/camera_perception_pkg/install.log --single-version-externally-managed install_data
