running develop
Removing /home/euntaek/ws_mobile/install/gps_path/lib/python3.10/site-packages/gps-path.egg-link (link to .)
running egg_info
writing ../../build/gps_path/gps_path.egg-info/PKG-INFO
writing dependency_links to ../../build/gps_path/gps_path.egg-info/dependency_links.txt
writing entry points to ../../build/gps_path/gps_path.egg-info/entry_points.txt
writing requirements to ../../build/gps_path/gps_path.egg-info/requires.txt
writing top-level names to ../../build/gps_path/gps_path.egg-info/top_level.txt
reading manifest file '../../build/gps_path/gps_path.egg-info/SOURCES.txt'
writing manifest file '../../build/gps_path/gps_path.egg-info/SOURCES.txt'
running build
running build_py
creating /home/euntaek/ws_mobile/build/gps_path/build
creating /home/euntaek/ws_mobile/build/gps_path/build/lib
creating /home/euntaek/ws_mobile/build/gps_path/build/lib/gps_path
copying gps_path/gps_centerline_node.py -> /home/euntaek/ws_mobile/build/gps_path/build/lib/gps_path
copying gps_path/__init__.py -> /home/euntaek/ws_mobile/build/gps_path/build/lib/gps_path
running install
running install_lib
creating /home/euntaek/ws_mobile/install/gps_path/lib/python3.10/site-packages/gps_path
copying /home/euntaek/ws_mobile/build/gps_path/build/lib/gps_path/gps_centerline_node.py -> /home/euntaek/ws_mobile/install/gps_path/lib/python3.10/site-packages/gps_path
copying /home/euntaek/ws_mobile/build/gps_path/build/lib/gps_path/__init__.py -> /home/euntaek/ws_mobile/install/gps_path/lib/python3.10/site-packages/gps_path
byte-compiling /home/euntaek/ws_mobile/install/gps_path/lib/python3.10/site-packages/gps_path/gps_centerline_node.py to gps_centerline_node.cpython-310.pyc
byte-compiling /home/euntaek/ws_mobile/install/gps_path/lib/python3.10/site-packages/gps_path/__init__.py to __init__.cpython-310.pyc
running install_data
copying resource/gps_path -> /home/euntaek/ws_mobile/install/gps_path/share/ament_index/resource_index/packages
copying package.xml -> /home/euntaek/ws_mobile/install/gps_path/share/gps_path
copying launch/gps_centerline.launch.py -> /home/euntaek/ws_mobile/install/gps_path/share/gps_path/launch
copying data/left_lane.csv -> /home/euntaek/ws_mobile/install/gps_path/share/gps_path/data
copying data/right_lane.csv -> /home/euntaek/ws_mobile/install/gps_path/share/gps_path/data
running install_egg_info
Copying ../../build/gps_path/gps_path.egg-info to /home/euntaek/ws_mobile/install/gps_path/lib/python3.10/site-packages/gps_path-0.0.1-py3.10.egg-info
running install_scripts
Installing gps_centerline_node script to /home/euntaek/ws_mobile/install/gps_path/lib/gps_path
writing list of installed files to '/home/euntaek/ws_mobile/build/gps_path/install.log'
