[0.774s] Invoking command in '/home/euntaek/ws_mobile/build/gps_path': PYTHONPATH=/home/euntaek/ws_mobile/build/gps_path/prefix_override:/usr/lib/python3/dist-packages/colcon_core/task/python/colcon_distutils_commands:/home/euntaek/ws_mobile/install/gps_path/lib/python3.10/site-packages:${PYTHONPATH} /usr/bin/python3 -W ignore:setup.py install is deprecated -W ignore:easy_install command is deprecated setup.py develop --uninstall --editable --build-directory /home/euntaek/ws_mobile/build/gps_path/build
[0.915s] running develop
[0.996s] Removing /home/euntaek/ws_mobile/install/gps_path/lib/python3.10/site-packages/gps-path.egg-link (link to .)
[1.020s] Invoked command in '/home/euntaek/ws_mobile/build/gps_path' returned '0': PYTHONPATH=/home/euntaek/ws_mobile/build/gps_path/prefix_override:/usr/lib/python3/dist-packages/colcon_core/task/python/colcon_distutils_commands:/home/euntaek/ws_mobile/install/gps_path/lib/python3.10/site-packages:${PYTHONPATH} /usr/bin/python3 -W ignore:setup.py install is deprecated -W ignore:easy_install command is deprecated setup.py develop --uninstall --editable --build-directory /home/euntaek/ws_mobile/build/gps_path/build
[1.020s] Invoking command in '/home/euntaek/ws_mobile/src/gps_path': PYTHONPATH=/home/euntaek/ws_mobile/build/gps_path/prefix_override:/usr/lib/python3/dist-packages/colcon_core/task/python/colcon_distutils_commands:/home/euntaek/ws_mobile/install/gps_path/lib/python3.10/site-packages:${PYTHONPATH} /usr/bin/python3 -W ignore:setup.py install is deprecated -W ignore:easy_install command is deprecated setup.py egg_info --egg-base ../../build/gps_path build --build-base /home/euntaek/ws_mobile/build/gps_path/build install --record /home/euntaek/ws_mobile/build/gps_path/install.log --single-version-externally-managed install_data --force
[1.156s] running egg_info
[1.156s] writing ../../build/gps_path/gps_path.egg-info/PKG-INFO
[1.157s] writing dependency_links to ../../build/gps_path/gps_path.egg-info/dependency_links.txt
[1.157s] writing entry points to ../../build/gps_path/gps_path.egg-info/entry_points.txt
[1.157s] writing requirements to ../../build/gps_path/gps_path.egg-info/requires.txt
[1.157s] writing top-level names to ../../build/gps_path/gps_path.egg-info/top_level.txt
[1.158s] reading manifest file '../../build/gps_path/gps_path.egg-info/SOURCES.txt'
[1.159s] writing manifest file '../../build/gps_path/gps_path.egg-info/SOURCES.txt'
[1.159s] running build
[1.159s] running build_py
[1.160s] creating /home/euntaek/ws_mobile/build/gps_path/build
[1.160s] creating /home/euntaek/ws_mobile/build/gps_path/build/lib
[1.160s] creating /home/euntaek/ws_mobile/build/gps_path/build/lib/gps_path
[1.160s] copying gps_path/gps_centerline_node.py -> /home/euntaek/ws_mobile/build/gps_path/build/lib/gps_path
[1.160s] copying gps_path/__init__.py -> /home/euntaek/ws_mobile/build/gps_path/build/lib/gps_path
[1.160s] running install
[1.160s] running install_lib
[1.161s] creating /home/euntaek/ws_mobile/install/gps_path/lib/python3.10/site-packages/gps_path
[1.161s] copying /home/euntaek/ws_mobile/build/gps_path/build/lib/gps_path/gps_centerline_node.py -> /home/euntaek/ws_mobile/install/gps_path/lib/python3.10/site-packages/gps_path
[1.161s] copying /home/euntaek/ws_mobile/build/gps_path/build/lib/gps_path/__init__.py -> /home/euntaek/ws_mobile/install/gps_path/lib/python3.10/site-packages/gps_path
[1.161s] byte-compiling /home/euntaek/ws_mobile/install/gps_path/lib/python3.10/site-packages/gps_path/gps_centerline_node.py to gps_centerline_node.cpython-310.pyc
[1.162s] byte-compiling /home/euntaek/ws_mobile/install/gps_path/lib/python3.10/site-packages/gps_path/__init__.py to __init__.cpython-310.pyc
[1.162s] running install_data
[1.162s] copying resource/gps_path -> /home/euntaek/ws_mobile/install/gps_path/share/ament_index/resource_index/packages
[1.162s] copying package.xml -> /home/euntaek/ws_mobile/install/gps_path/share/gps_path
[1.162s] copying launch/gps_centerline.launch.py -> /home/euntaek/ws_mobile/install/gps_path/share/gps_path/launch
[1.162s] copying data/left_lane.csv -> /home/euntaek/ws_mobile/install/gps_path/share/gps_path/data
[1.163s] copying data/right_lane.csv -> /home/euntaek/ws_mobile/install/gps_path/share/gps_path/data
[1.164s] running install_egg_info
[1.165s] Copying ../../build/gps_path/gps_path.egg-info to /home/euntaek/ws_mobile/install/gps_path/lib/python3.10/site-packages/gps_path-0.0.1-py3.10.egg-info
[1.166s] running install_scripts
[1.177s] Installing gps_centerline_node script to /home/euntaek/ws_mobile/install/gps_path/lib/gps_path
[1.177s] writing list of installed files to '/home/euntaek/ws_mobile/build/gps_path/install.log'
[1.396s] Invoked command in '/home/euntaek/ws_mobile/src/gps_path' returned '0': PYTHONPATH=/home/euntaek/ws_mobile/build/gps_path/prefix_override:/usr/lib/python3/dist-packages/colcon_core/task/python/colcon_distutils_commands:/home/euntaek/ws_mobile/install/gps_path/lib/python3.10/site-packages:${PYTHONPATH} /usr/bin/python3 -W ignore:setup.py install is deprecated -W ignore:easy_install command is deprecated setup.py egg_info --egg-base ../../build/gps_path build --build-base /home/euntaek/ws_mobile/build/gps_path/build install --record /home/euntaek/ws_mobile/build/gps_path/install.log --single-version-externally-managed install_data --force
