[0.019s] Invoking command in '/home/euntaek/ws_mobile/build/interfaces_pkg': CMAKE_PREFIX_PATH=${CMAKE_PREFIX_PATH}:/home/euntaek/ws_mobile/install/decision_making_pkg:/home/euntaek/ws_mobile/install/debug_pkg:/opt/ros/humble /usr/bin/cmake /home/euntaek/ws_mobile/src/interfaces_pkg -DAMENT_CMAKE_SYMLINK_INSTALL=1 -DCMAKE_INSTALL_PREFIX=/home/euntaek/ws_mobile/install/interfaces_pkg
[0.568s] -- The C compiler identification is GNU 11.4.0
[0.568s] -- The CXX compiler identification is GNU 11.4.0
[0.568s] -- Detecting C compiler ABI info
[0.568s] -- Detecting C compiler ABI info - done
[0.568s] -- Check for working C compiler: /usr/bin/cc - skipped
[0.568s] -- Detecting C compile features
[0.568s] -- Detecting C compile features - done
[0.568s] -- Detecting CXX compiler ABI info
[0.568s] -- Detecting CXX compiler ABI info - done
[0.568s] -- Check for working CXX compiler: /usr/bin/c++ - skipped
[0.568s] -- Detecting CXX compile features
[0.568s] -- Detecting CXX compile features - done
[0.568s] -- Found ament_cmake: 1.3.12 (/opt/ros/humble/share/ament_cmake/cmake)
[0.568s] -- Found Python3: /usr/bin/python3 (found version "3.10.12") found components: Interpreter 
[0.568s] -- Override CMake install command with custom implementation using symlinks instead of copying resources
[0.568s] -- Found rosidl_default_generators: 1.2.0 (/opt/ros/humble/share/rosidl_default_generators/cmake)
[0.568s] -- Using all available rosidl_typesupport_c: rosidl_typesupport_fastrtps_c;rosidl_typesupport_introspection_c
[0.568s] -- Found rosidl_adapter: 3.1.7 (/opt/ros/humble/share/rosidl_adapter/cmake)
[0.569s] -- Using all available rosidl_typesupport_cpp: rosidl_typesupport_fastrtps_cpp;rosidl_typesupport_introspection_cpp
[0.569s] -- Found std_msgs: 4.9.0 (/opt/ros/humble/share/std_msgs/cmake)
[0.569s] -- Found geometry_msgs: 4.9.0 (/opt/ros/humble/share/geometry_msgs/cmake)
[0.596s] -- Found ament_cmake_ros: 0.10.0 (/opt/ros/humble/share/ament_cmake_ros/cmake)
[0.741s] -- Using all available rosidl_typesupport_c: rosidl_typesupport_fastrtps_c;rosidl_typesupport_introspection_c
[0.935s] -- Using all available rosidl_typesupport_cpp: rosidl_typesupport_fastrtps_cpp;rosidl_typesupport_introspection_cpp
[0.948s] -- Found PythonInterp: /usr/bin/python3 (found suitable version "3.10.12", minimum required is "3.6") 
[0.949s] -- Found python_cmake_module: 0.10.0 (/opt/ros/humble/share/python_cmake_module/cmake)
[0.964s] -- Found PythonLibs: /usr/lib/x86_64-linux-gnu/libpython3.10.so (found suitable version "3.10.12", minimum required is "3.5") 
[0.964s] -- Using PYTHON_EXECUTABLE: /usr/bin/python3
[0.965s] -- Using PYTHON_INCLUDE_DIRS: /usr/include/python3.10
[0.965s] -- Using PYTHON_LIBRARIES: /usr/lib/x86_64-linux-gnu/libpython3.10.so
[0.978s] -- Found PythonExtra: .so  
[1.020s] -- Configuring done
[1.051s] -- Generating done
[1.058s] -- Build files have been written to: /home/euntaek/ws_mobile/build/interfaces_pkg
[1.063s] Invoked command in '/home/euntaek/ws_mobile/build/interfaces_pkg' returned '0': CMAKE_PREFIX_PATH=${CMAKE_PREFIX_PATH}:/home/euntaek/ws_mobile/install/decision_making_pkg:/home/euntaek/ws_mobile/install/debug_pkg:/opt/ros/humble /usr/bin/cmake /home/euntaek/ws_mobile/src/interfaces_pkg -DAMENT_CMAKE_SYMLINK_INSTALL=1 -DCMAKE_INSTALL_PREFIX=/home/euntaek/ws_mobile/install/interfaces_pkg
[1.064s] Invoking command in '/home/euntaek/ws_mobile/build/interfaces_pkg': CMAKE_PREFIX_PATH=${CMAKE_PREFIX_PATH}:/home/euntaek/ws_mobile/install/decision_making_pkg:/home/euntaek/ws_mobile/install/debug_pkg:/opt/ros/humble /usr/bin/cmake --build /home/euntaek/ws_mobile/build/interfaces_pkg -- -j24 -l24
[1.091s] [  0%] [34m[1mGenerating C code for ROS interfaces[0m
[1.097s] [  0%] [34m[1mGenerating C++ code for ROS interfaces[0m
[1.101s] [  0%] Built target ament_cmake_python_symlink_interfaces_pkg
[1.226s] running egg_info
[1.226s] creating interfaces_pkg.egg-info
[1.226s] writing interfaces_pkg.egg-info/PKG-INFO
[1.226s] writing dependency_links to interfaces_pkg.egg-info/dependency_links.txt
[1.226s] writing top-level names to interfaces_pkg.egg-info/top_level.txt
[1.227s] writing manifest file 'interfaces_pkg.egg-info/SOURCES.txt'
[1.227s] reading manifest file 'interfaces_pkg.egg-info/SOURCES.txt'
[1.228s] writing manifest file 'interfaces_pkg.egg-info/SOURCES.txt'
[1.243s] [  0%] Built target ament_cmake_python_build_interfaces_pkg_egg
[1.698s] [  0%] Built target interfaces_pkg__cpp
[1.709s] [  1%] [34m[1mGenerating C++ type support for eProsima Fast-RTPS[0m
[1.709s] [  1%] [34m[1mGenerating C++ introspection for ROS interfaces[0m
[1.709s] [  2%] [34m[1mGenerating C++ type support dispatch for ROS interfaces[0m
[1.752s] [  3%] [32mBuilding C object CMakeFiles/interfaces_pkg__rosidl_generator_c.dir/rosidl_generator_c/interfaces_pkg/msg/detail/point2_d__functions.c.o[0m
[1.752s] [  4%] [32mBuilding C object CMakeFiles/interfaces_pkg__rosidl_generator_c.dir/rosidl_generator_c/interfaces_pkg/msg/detail/pose2_d__functions.c.o[0m
[1.752s] [  4%] [32mBuilding C object CMakeFiles/interfaces_pkg__rosidl_generator_c.dir/rosidl_generator_c/interfaces_pkg/msg/detail/vector2__functions.c.o[0m
[1.752s] [  4%] [32mBuilding C object CMakeFiles/interfaces_pkg__rosidl_generator_c.dir/rosidl_generator_c/interfaces_pkg/msg/detail/key_point3_d__functions.c.o[0m
[1.752s] [  7%] [32mBuilding C object CMakeFiles/interfaces_pkg__rosidl_generator_c.dir/rosidl_generator_c/interfaces_pkg/msg/detail/mask__functions.c.o[0m
[1.752s] [  7%] [32mBuilding C object CMakeFiles/interfaces_pkg__rosidl_generator_c.dir/rosidl_generator_c/interfaces_pkg/msg/detail/bounding_box2_d__functions.c.o[0m
[1.752s] [  7%] [32mBuilding C object CMakeFiles/interfaces_pkg__rosidl_generator_c.dir/rosidl_generator_c/interfaces_pkg/msg/detail/bounding_box3_d__functions.c.o[0m
[1.753s] [  7%] [32mBuilding C object CMakeFiles/interfaces_pkg__rosidl_generator_c.dir/rosidl_generator_c/interfaces_pkg/msg/detail/key_point2_d__functions.c.o[0m
[1.753s] [  8%] [32mBuilding C object CMakeFiles/interfaces_pkg__rosidl_generator_c.dir/rosidl_generator_c/interfaces_pkg/msg/detail/key_point2_d_array__functions.c.o[0m
[1.753s] [  9%] [32mBuilding C object CMakeFiles/interfaces_pkg__rosidl_generator_c.dir/rosidl_generator_c/interfaces_pkg/msg/detail/detection__functions.c.o[0m
[1.753s] [ 10%] [32mBuilding C object CMakeFiles/interfaces_pkg__rosidl_generator_c.dir/rosidl_generator_c/interfaces_pkg/msg/detail/key_point3_d_array__functions.c.o[0m
[1.753s] [ 11%] [32mBuilding C object CMakeFiles/interfaces_pkg__rosidl_generator_c.dir/rosidl_generator_c/interfaces_pkg/msg/detail/motion_command__functions.c.o[0m
[1.753s] [ 12%] [32mBuilding C object CMakeFiles/interfaces_pkg__rosidl_generator_c.dir/rosidl_generator_c/interfaces_pkg/msg/detail/path_planning_result__functions.c.o[0m
[1.753s] [ 12%] [32mBuilding C object CMakeFiles/interfaces_pkg__rosidl_generator_c.dir/rosidl_generator_c/interfaces_pkg/msg/detail/detection_array__functions.c.o[0m
[1.754s] [ 12%] [32mBuilding C object CMakeFiles/interfaces_pkg__rosidl_generator_c.dir/rosidl_generator_c/interfaces_pkg/msg/detail/target_point__functions.c.o[0m
[1.754s] [ 13%] [32mBuilding C object CMakeFiles/interfaces_pkg__rosidl_generator_c.dir/rosidl_generator_c/interfaces_pkg/msg/detail/lane_info__functions.c.o[0m
[1.793s] [ 14%] [32m[1mLinking C shared library libinterfaces_pkg__rosidl_generator_c.so[0m
[1.820s] [ 14%] Built target interfaces_pkg__rosidl_generator_c
[1.827s] [ 15%] [34m[1mGenerating C type support for eProsima Fast-RTPS[0m
[1.828s] [ 17%] [34m[1mGenerating C type support dispatch for ROS interfaces[0m
[1.828s] [ 17%] [34m[1mGenerating C introspection for ROS interfaces[0m
[2.115s] [ 18%] [32mBuilding CXX object CMakeFiles/interfaces_pkg__rosidl_typesupport_cpp.dir/rosidl_typesupport_cpp/interfaces_pkg/msg/point2_d__type_support.cpp.o[0m
[2.115s] [ 19%] [32mBuilding CXX object CMakeFiles/interfaces_pkg__rosidl_typesupport_cpp.dir/rosidl_typesupport_cpp/interfaces_pkg/msg/bounding_box2_d__type_support.cpp.o[0m
[2.115s] [ 19%] [32mBuilding CXX object CMakeFiles/interfaces_pkg__rosidl_typesupport_cpp.dir/rosidl_typesupport_cpp/interfaces_pkg/msg/vector2__type_support.cpp.o[0m
[2.116s] [ 20%] [32mBuilding CXX object CMakeFiles/interfaces_pkg__rosidl_typesupport_cpp.dir/rosidl_typesupport_cpp/interfaces_pkg/msg/pose2_d__type_support.cpp.o[0m
[2.117s] [ 21%] [32mBuilding CXX object CMakeFiles/interfaces_pkg__rosidl_typesupport_cpp.dir/rosidl_typesupport_cpp/interfaces_pkg/msg/mask__type_support.cpp.o[0m
[2.117s] [ 21%] [32mBuilding CXX object CMakeFiles/interfaces_pkg__rosidl_typesupport_cpp.dir/rosidl_typesupport_cpp/interfaces_pkg/msg/key_point2_d_array__type_support.cpp.o[0m
[2.117s] [ 22%] [32mBuilding CXX object CMakeFiles/interfaces_pkg__rosidl_typesupport_cpp.dir/rosidl_typesupport_cpp/interfaces_pkg/msg/bounding_box3_d__type_support.cpp.o[0m
[2.118s] [ 22%] [32mBuilding CXX object CMakeFiles/interfaces_pkg__rosidl_typesupport_cpp.dir/rosidl_typesupport_cpp/interfaces_pkg/msg/key_point2_d__type_support.cpp.o[0m
[2.118s] [ 23%] [32mBuilding CXX object CMakeFiles/interfaces_pkg__rosidl_typesupport_cpp.dir/rosidl_typesupport_cpp/interfaces_pkg/msg/key_point3_d_array__type_support.cpp.o[0m
[2.118s] [ 23%] [32mBuilding CXX object CMakeFiles/interfaces_pkg__rosidl_typesupport_cpp.dir/rosidl_typesupport_cpp/interfaces_pkg/msg/detection__type_support.cpp.o[0m
[2.118s] [ 24%] [32mBuilding CXX object CMakeFiles/interfaces_pkg__rosidl_typesupport_cpp.dir/rosidl_typesupport_cpp/interfaces_pkg/msg/key_point3_d__type_support.cpp.o[0m
[2.118s] [ 26%] [32mBuilding CXX object CMakeFiles/interfaces_pkg__rosidl_typesupport_cpp.dir/rosidl_typesupport_cpp/interfaces_pkg/msg/target_point__type_support.cpp.o[0m
[2.118s] [ 26%] [32mBuilding CXX object CMakeFiles/interfaces_pkg__rosidl_typesupport_cpp.dir/rosidl_typesupport_cpp/interfaces_pkg/msg/lane_info__type_support.cpp.o[0m
[2.118s] [ 27%] [32mBuilding CXX object CMakeFiles/interfaces_pkg__rosidl_typesupport_cpp.dir/rosidl_typesupport_cpp/interfaces_pkg/msg/detection_array__type_support.cpp.o[0m
[2.118s] [ 27%] [32mBuilding CXX object CMakeFiles/interfaces_pkg__rosidl_typesupport_cpp.dir/rosidl_typesupport_cpp/interfaces_pkg/msg/motion_command__type_support.cpp.o[0m
[2.119s] [ 28%] [32mBuilding CXX object CMakeFiles/interfaces_pkg__rosidl_typesupport_cpp.dir/rosidl_typesupport_cpp/interfaces_pkg/msg/path_planning_result__type_support.cpp.o[0m
[2.278s] [ 29%] [32mBuilding CXX object CMakeFiles/interfaces_pkg__rosidl_typesupport_introspection_cpp.dir/rosidl_typesupport_introspection_cpp/interfaces_pkg/msg/detail/pose2_d__type_support.cpp.o[0m
[2.278s] [ 30%] [32mBuilding CXX object CMakeFiles/interfaces_pkg__rosidl_typesupport_introspection_cpp.dir/rosidl_typesupport_introspection_cpp/interfaces_pkg/msg/detail/bounding_box2_d__type_support.cpp.o[0m
[2.278s] [ 30%] [32mBuilding CXX object CMakeFiles/interfaces_pkg__rosidl_typesupport_introspection_cpp.dir/rosidl_typesupport_introspection_cpp/interfaces_pkg/msg/detail/point2_d__type_support.cpp.o[0m
[2.278s] [ 31%] [32mBuilding CXX object CMakeFiles/interfaces_pkg__rosidl_typesupport_introspection_cpp.dir/rosidl_typesupport_introspection_cpp/interfaces_pkg/msg/detail/vector2__type_support.cpp.o[0m
[2.296s] [ 31%] [32mBuilding CXX object CMakeFiles/interfaces_pkg__rosidl_typesupport_introspection_cpp.dir/rosidl_typesupport_introspection_cpp/interfaces_pkg/msg/detail/mask__type_support.cpp.o[0m
[2.297s] [ 32%] [32mBuilding CXX object CMakeFiles/interfaces_pkg__rosidl_typesupport_introspection_cpp.dir/rosidl_typesupport_introspection_cpp/interfaces_pkg/msg/detail/bounding_box3_d__type_support.cpp.o[0m
[2.320s] [ 33%] [32mBuilding CXX object CMakeFiles/interfaces_pkg__rosidl_typesupport_introspection_cpp.dir/rosidl_typesupport_introspection_cpp/interfaces_pkg/msg/detail/key_point2_d__type_support.cpp.o[0m
[2.322s] [ 34%] [32mBuilding CXX object CMakeFiles/interfaces_pkg__rosidl_typesupport_introspection_cpp.dir/rosidl_typesupport_introspection_cpp/interfaces_pkg/msg/detail/key_point2_d_array__type_support.cpp.o[0m
[2.324s] [ 34%] [32mBuilding CXX object CMakeFiles/interfaces_pkg__rosidl_typesupport_introspection_cpp.dir/rosidl_typesupport_introspection_cpp/interfaces_pkg/msg/detail/key_point3_d__type_support.cpp.o[0m
[2.329s] [ 35%] [32mBuilding CXX object CMakeFiles/interfaces_pkg__rosidl_typesupport_introspection_cpp.dir/rosidl_typesupport_introspection_cpp/interfaces_pkg/msg/detail/key_point3_d_array__type_support.cpp.o[0m
[2.329s] [ 36%] [32mBuilding CXX object CMakeFiles/interfaces_pkg__rosidl_typesupport_introspection_cpp.dir/rosidl_typesupport_introspection_cpp/interfaces_pkg/msg/detail/detection__type_support.cpp.o[0m
[2.332s] [ 36%] [32mBuilding CXX object CMakeFiles/interfaces_pkg__rosidl_typesupport_introspection_cpp.dir/rosidl_typesupport_introspection_cpp/interfaces_pkg/msg/detail/detection_array__type_support.cpp.o[0m
[2.334s] [ 37%] [32m[1mLinking CXX shared library libinterfaces_pkg__rosidl_typesupport_cpp.so[0m
[2.334s] [ 37%] [32mBuilding CXX object CMakeFiles/interfaces_pkg__rosidl_typesupport_introspection_cpp.dir/rosidl_typesupport_introspection_cpp/interfaces_pkg/msg/detail/lane_info__type_support.cpp.o[0m
[2.335s] [ 38%] [32mBuilding CXX object CMakeFiles/interfaces_pkg__rosidl_typesupport_introspection_cpp.dir/rosidl_typesupport_introspection_cpp/interfaces_pkg/msg/detail/motion_command__type_support.cpp.o[0m
[2.336s] [ 38%] [32mBuilding CXX object CMakeFiles/interfaces_pkg__rosidl_typesupport_introspection_cpp.dir/rosidl_typesupport_introspection_cpp/interfaces_pkg/msg/detail/target_point__type_support.cpp.o[0m
[2.347s] [ 39%] [32mBuilding CXX object CMakeFiles/interfaces_pkg__rosidl_typesupport_introspection_cpp.dir/rosidl_typesupport_introspection_cpp/interfaces_pkg/msg/detail/path_planning_result__type_support.cpp.o[0m
[2.380s] [ 39%] Built target interfaces_pkg__rosidl_typesupport_cpp
[2.382s] [ 39%] [32mBuilding CXX object CMakeFiles/interfaces_pkg__rosidl_typesupport_c.dir/rosidl_typesupport_c/interfaces_pkg/msg/point2_d__type_support.cpp.o[0m
[2.387s] [ 40%] [32mBuilding CXX object CMakeFiles/interfaces_pkg__rosidl_typesupport_c.dir/rosidl_typesupport_c/interfaces_pkg/msg/vector2__type_support.cpp.o[0m
[2.388s] [ 41%] [32mBuilding CXX object CMakeFiles/interfaces_pkg__rosidl_typesupport_c.dir/rosidl_typesupport_c/interfaces_pkg/msg/pose2_d__type_support.cpp.o[0m
[2.389s] [ 41%] [32mBuilding CXX object CMakeFiles/interfaces_pkg__rosidl_typesupport_c.dir/rosidl_typesupport_c/interfaces_pkg/msg/bounding_box2_d__type_support.cpp.o[0m
[2.389s] [ 42%] [32mBuilding CXX object CMakeFiles/interfaces_pkg__rosidl_typesupport_c.dir/rosidl_typesupport_c/interfaces_pkg/msg/bounding_box3_d__type_support.cpp.o[0m
[2.411s] [ 43%] [32mBuilding CXX object CMakeFiles/interfaces_pkg__rosidl_typesupport_fastrtps_cpp.dir/rosidl_typesupport_fastrtps_cpp/interfaces_pkg/msg/detail/dds_fastrtps/point2_d__type_support.cpp.o[0m
[2.418s] [ 44%] [32mBuilding CXX object CMakeFiles/interfaces_pkg__rosidl_typesupport_c.dir/rosidl_typesupport_c/interfaces_pkg/msg/mask__type_support.cpp.o[0m
[2.418s] [ 44%] [32mBuilding CXX object CMakeFiles/interfaces_pkg__rosidl_typesupport_c.dir/rosidl_typesupport_c/interfaces_pkg/msg/key_point2_d__type_support.cpp.o[0m
[2.418s] [ 46%] [32mBuilding CXX object CMakeFiles/interfaces_pkg__rosidl_typesupport_c.dir/rosidl_typesupport_c/interfaces_pkg/msg/key_point2_d_array__type_support.cpp.o[0m
[2.418s] [ 46%] [32mBuilding CXX object CMakeFiles/interfaces_pkg__rosidl_typesupport_c.dir/rosidl_typesupport_c/interfaces_pkg/msg/key_point3_d__type_support.cpp.o[0m
[2.423s] [ 46%] [32mBuilding CXX object CMakeFiles/interfaces_pkg__rosidl_typesupport_c.dir/rosidl_typesupport_c/interfaces_pkg/msg/key_point3_d_array__type_support.cpp.o[0m
[2.447s] [ 47%] [32mBuilding CXX object CMakeFiles/interfaces_pkg__rosidl_typesupport_c.dir/rosidl_typesupport_c/interfaces_pkg/msg/detection__type_support.cpp.o[0m
[2.447s] [ 48%] [32mBuilding CXX object CMakeFiles/interfaces_pkg__rosidl_typesupport_c.dir/rosidl_typesupport_c/interfaces_pkg/msg/detection_array__type_support.cpp.o[0m
[2.447s] [ 48%] [32mBuilding CXX object CMakeFiles/interfaces_pkg__rosidl_typesupport_fastrtps_cpp.dir/rosidl_typesupport_fastrtps_cpp/interfaces_pkg/msg/detail/dds_fastrtps/vector2__type_support.cpp.o[0m
[2.452s] [ 48%] [32mBuilding CXX object CMakeFiles/interfaces_pkg__rosidl_typesupport_c.dir/rosidl_typesupport_c/interfaces_pkg/msg/lane_info__type_support.cpp.o[0m
[2.456s] [ 49%] [32mBuilding CXX object CMakeFiles/interfaces_pkg__rosidl_typesupport_c.dir/rosidl_typesupport_c/interfaces_pkg/msg/motion_command__type_support.cpp.o[0m
[2.487s] [ 50%] [32mBuilding CXX object CMakeFiles/interfaces_pkg__rosidl_typesupport_fastrtps_cpp.dir/rosidl_typesupport_fastrtps_cpp/interfaces_pkg/msg/detail/dds_fastrtps/pose2_d__type_support.cpp.o[0m
[2.487s] [ 52%] [32mBuilding CXX object CMakeFiles/interfaces_pkg__rosidl_typesupport_c.dir/rosidl_typesupport_c/interfaces_pkg/msg/target_point__type_support.cpp.o[0m
[2.487s] [ 52%] [32mBuilding CXX object CMakeFiles/interfaces_pkg__rosidl_typesupport_fastrtps_cpp.dir/rosidl_typesupport_fastrtps_cpp/interfaces_pkg/msg/detail/dds_fastrtps/bounding_box2_d__type_support.cpp.o[0m
[2.488s] [ 52%] [32mBuilding CXX object CMakeFiles/interfaces_pkg__rosidl_typesupport_c.dir/rosidl_typesupport_c/interfaces_pkg/msg/path_planning_result__type_support.cpp.o[0m
[2.528s] [ 53%] [32m[1mLinking CXX shared library libinterfaces_pkg__rosidl_typesupport_c.so[0m
[2.532s] [ 53%] [32mBuilding CXX object CMakeFiles/interfaces_pkg__rosidl_typesupport_fastrtps_cpp.dir/rosidl_typesupport_fastrtps_cpp/interfaces_pkg/msg/detail/dds_fastrtps/bounding_box3_d__type_support.cpp.o[0m
[2.571s] [ 53%] Built target interfaces_pkg__rosidl_typesupport_c
[2.579s] [ 54%] [32mBuilding CXX object CMakeFiles/interfaces_pkg__rosidl_typesupport_fastrtps_cpp.dir/rosidl_typesupport_fastrtps_cpp/interfaces_pkg/msg/detail/dds_fastrtps/mask__type_support.cpp.o[0m
[2.580s] [ 55%] [32mBuilding CXX object CMakeFiles/interfaces_pkg__rosidl_typesupport_fastrtps_cpp.dir/rosidl_typesupport_fastrtps_cpp/interfaces_pkg/msg/detail/dds_fastrtps/key_point2_d__type_support.cpp.o[0m
[2.591s] [ 55%] [32mBuilding CXX object CMakeFiles/interfaces_pkg__rosidl_typesupport_fastrtps_cpp.dir/rosidl_typesupport_fastrtps_cpp/interfaces_pkg/msg/detail/dds_fastrtps/key_point2_d_array__type_support.cpp.o[0m
[2.620s] [ 56%] [32mBuilding CXX object CMakeFiles/interfaces_pkg__rosidl_typesupport_fastrtps_cpp.dir/rosidl_typesupport_fastrtps_cpp/interfaces_pkg/msg/detail/dds_fastrtps/detection__type_support.cpp.o[0m
[2.620s] [ 56%] [32mBuilding CXX object CMakeFiles/interfaces_pkg__rosidl_typesupport_fastrtps_cpp.dir/rosidl_typesupport_fastrtps_cpp/interfaces_pkg/msg/detail/dds_fastrtps/key_point3_d__type_support.cpp.o[0m
[2.620s] [ 57%] [32mBuilding CXX object CMakeFiles/interfaces_pkg__rosidl_typesupport_fastrtps_cpp.dir/rosidl_typesupport_fastrtps_cpp/interfaces_pkg/msg/detail/dds_fastrtps/key_point3_d_array__type_support.cpp.o[0m
[2.622s] [ 58%] [32mBuilding CXX object CMakeFiles/interfaces_pkg__rosidl_typesupport_fastrtps_cpp.dir/rosidl_typesupport_fastrtps_cpp/interfaces_pkg/msg/detail/dds_fastrtps/detection_array__type_support.cpp.o[0m
[2.622s] [ 59%] [32mBuilding C object CMakeFiles/interfaces_pkg__rosidl_typesupport_introspection_c.dir/rosidl_typesupport_introspection_c/interfaces_pkg/msg/detail/vector2__type_support.c.o[0m
[2.622s] [ 59%] [32mBuilding C object CMakeFiles/interfaces_pkg__rosidl_typesupport_introspection_c.dir/rosidl_typesupport_introspection_c/interfaces_pkg/msg/detail/point2_d__type_support.c.o[0m
[2.629s] [ 60%] [32mBuilding C object CMakeFiles/interfaces_pkg__rosidl_typesupport_introspection_c.dir/rosidl_typesupport_introspection_c/interfaces_pkg/msg/detail/pose2_d__type_support.c.o[0m
[2.634s] [ 60%] [32mBuilding CXX object CMakeFiles/interfaces_pkg__rosidl_typesupport_fastrtps_c.dir/rosidl_typesupport_fastrtps_c/interfaces_pkg/msg/detail/point2_d__type_support_c.cpp.o[0m
[2.639s] [ 61%] [32mBuilding CXX object CMakeFiles/interfaces_pkg__rosidl_typesupport_fastrtps_c.dir/rosidl_typesupport_fastrtps_c/interfaces_pkg/msg/detail/vector2__type_support_c.cpp.o[0m
[2.640s] [ 62%] [32mBuilding C object CMakeFiles/interfaces_pkg__rosidl_typesupport_introspection_c.dir/rosidl_typesupport_introspection_c/interfaces_pkg/msg/detail/bounding_box2_d__type_support.c.o[0m
[2.640s] [ 63%] [32mBuilding CXX object CMakeFiles/interfaces_pkg__rosidl_typesupport_fastrtps_cpp.dir/rosidl_typesupport_fastrtps_cpp/interfaces_pkg/msg/detail/dds_fastrtps/lane_info__type_support.cpp.o[0m
[2.653s] [ 63%] [32mBuilding C object CMakeFiles/interfaces_pkg__rosidl_typesupport_introspection_c.dir/rosidl_typesupport_introspection_c/interfaces_pkg/msg/detail/bounding_box3_d__type_support.c.o[0m
[2.653s] [ 64%] [32mBuilding CXX object CMakeFiles/interfaces_pkg__rosidl_typesupport_fastrtps_c.dir/rosidl_typesupport_fastrtps_c/interfaces_pkg/msg/detail/pose2_d__type_support_c.cpp.o[0m
[2.653s] [ 65%] [32mBuilding C object CMakeFiles/interfaces_pkg__rosidl_typesupport_introspection_c.dir/rosidl_typesupport_introspection_c/interfaces_pkg/msg/detail/mask__type_support.c.o[0m
[2.658s] [ 65%] [32mBuilding CXX object CMakeFiles/interfaces_pkg__rosidl_typesupport_fastrtps_cpp.dir/rosidl_typesupport_fastrtps_cpp/interfaces_pkg/msg/detail/dds_fastrtps/motion_command__type_support.cpp.o[0m
[2.658s] [ 65%] [32mBuilding CXX object CMakeFiles/interfaces_pkg__rosidl_typesupport_fastrtps_c.dir/rosidl_typesupport_fastrtps_c/interfaces_pkg/msg/detail/bounding_box2_d__type_support_c.cpp.o[0m
[2.673s] [ 66%] [32mBuilding C object CMakeFiles/interfaces_pkg__rosidl_typesupport_introspection_c.dir/rosidl_typesupport_introspection_c/interfaces_pkg/msg/detail/key_point2_d__type_support.c.o[0m
[2.673s] [ 67%] [32mBuilding CXX object CMakeFiles/interfaces_pkg__rosidl_typesupport_fastrtps_c.dir/rosidl_typesupport_fastrtps_c/interfaces_pkg/msg/detail/bounding_box3_d__type_support_c.cpp.o[0m
[2.683s] [ 67%] [32mBuilding C object CMakeFiles/interfaces_pkg__rosidl_typesupport_introspection_c.dir/rosidl_typesupport_introspection_c/interfaces_pkg/msg/detail/key_point2_d_array__type_support.c.o[0m
[2.687s] [ 68%] [32mBuilding C object CMakeFiles/interfaces_pkg__rosidl_typesupport_introspection_c.dir/rosidl_typesupport_introspection_c/interfaces_pkg/msg/detail/key_point3_d__type_support.c.o[0m
[2.688s] [ 69%] [32mBuilding CXX object CMakeFiles/interfaces_pkg__rosidl_typesupport_fastrtps_cpp.dir/rosidl_typesupport_fastrtps_cpp/interfaces_pkg/msg/detail/dds_fastrtps/target_point__type_support.cpp.o[0m
[2.708s] [ 70%] [32mBuilding C object CMakeFiles/interfaces_pkg__rosidl_typesupport_introspection_c.dir/rosidl_typesupport_introspection_c/interfaces_pkg/msg/detail/key_point3_d_array__type_support.c.o[0m
[2.714s] [ 71%] [32mBuilding CXX object CMakeFiles/interfaces_pkg__rosidl_typesupport_fastrtps_cpp.dir/rosidl_typesupport_fastrtps_cpp/interfaces_pkg/msg/detail/dds_fastrtps/path_planning_result__type_support.cpp.o[0m
[2.714s] [ 72%] [32mBuilding CXX object CMakeFiles/interfaces_pkg__rosidl_typesupport_fastrtps_c.dir/rosidl_typesupport_fastrtps_c/interfaces_pkg/msg/detail/mask__type_support_c.cpp.o[0m
[2.722s] [ 72%] [32mBuilding C object CMakeFiles/interfaces_pkg__rosidl_typesupport_introspection_c.dir/rosidl_typesupport_introspection_c/interfaces_pkg/msg/detail/detection__type_support.c.o[0m
[2.747s] [ 73%] [32mBuilding C object CMakeFiles/interfaces_pkg__rosidl_typesupport_introspection_c.dir/rosidl_typesupport_introspection_c/interfaces_pkg/msg/detail/detection_array__type_support.c.o[0m
[2.762s] [ 74%] [32mBuilding C object CMakeFiles/interfaces_pkg__rosidl_typesupport_introspection_c.dir/rosidl_typesupport_introspection_c/interfaces_pkg/msg/detail/lane_info__type_support.c.o[0m
[2.765s] [ 74%] [32mBuilding CXX object CMakeFiles/interfaces_pkg__rosidl_typesupport_fastrtps_c.dir/rosidl_typesupport_fastrtps_c/interfaces_pkg/msg/detail/key_point2_d__type_support_c.cpp.o[0m
[2.789s] [ 75%] [32mBuilding CXX object CMakeFiles/interfaces_pkg__rosidl_typesupport_fastrtps_c.dir/rosidl_typesupport_fastrtps_c/interfaces_pkg/msg/detail/key_point2_d_array__type_support_c.cpp.o[0m
[2.789s] [ 75%] [32mBuilding C object CMakeFiles/interfaces_pkg__rosidl_typesupport_introspection_c.dir/rosidl_typesupport_introspection_c/interfaces_pkg/msg/detail/motion_command__type_support.c.o[0m
[2.799s] [ 76%] [32mBuilding C object CMakeFiles/interfaces_pkg__rosidl_typesupport_introspection_c.dir/rosidl_typesupport_introspection_c/interfaces_pkg/msg/detail/path_planning_result__type_support.c.o[0m
[2.799s] [ 77%] [32mBuilding C object CMakeFiles/interfaces_pkg__rosidl_typesupport_introspection_c.dir/rosidl_typesupport_introspection_c/interfaces_pkg/msg/detail/target_point__type_support.c.o[0m
[2.810s] [ 78%] [32m[1mLinking CXX shared library libinterfaces_pkg__rosidl_typesupport_introspection_cpp.so[0m
[2.820s] [ 79%] [32mBuilding CXX object CMakeFiles/interfaces_pkg__rosidl_typesupport_fastrtps_c.dir/rosidl_typesupport_fastrtps_c/interfaces_pkg/msg/detail/key_point3_d__type_support_c.cpp.o[0m
[2.829s] [ 79%] [32mBuilding CXX object CMakeFiles/interfaces_pkg__rosidl_typesupport_fastrtps_c.dir/rosidl_typesupport_fastrtps_c/interfaces_pkg/msg/detail/key_point3_d_array__type_support_c.cpp.o[0m
[2.838s] [ 79%] [32m[1mLinking C shared library libinterfaces_pkg__rosidl_typesupport_introspection_c.so[0m
[2.855s] [ 80%] [32mBuilding CXX object CMakeFiles/interfaces_pkg__rosidl_typesupport_fastrtps_c.dir/rosidl_typesupport_fastrtps_c/interfaces_pkg/msg/detail/detection__type_support_c.cpp.o[0m
[2.874s] [ 80%] Built target interfaces_pkg__rosidl_typesupport_introspection_c
[2.884s] [ 81%] [32mBuilding CXX object CMakeFiles/interfaces_pkg__rosidl_typesupport_fastrtps_c.dir/rosidl_typesupport_fastrtps_c/interfaces_pkg/msg/detail/detection_array__type_support_c.cpp.o[0m
[2.902s] [ 81%] [32mBuilding CXX object CMakeFiles/interfaces_pkg__rosidl_typesupport_fastrtps_c.dir/rosidl_typesupport_fastrtps_c/interfaces_pkg/msg/detail/lane_info__type_support_c.cpp.o[0m
[2.905s] [ 81%] Built target interfaces_pkg__rosidl_typesupport_introspection_cpp
[2.911s] [ 83%] [32mBuilding CXX object CMakeFiles/interfaces_pkg__rosidl_typesupport_fastrtps_c.dir/rosidl_typesupport_fastrtps_c/interfaces_pkg/msg/detail/motion_command__type_support_c.cpp.o[0m
[2.912s] [ 83%] [32mBuilding CXX object CMakeFiles/interfaces_pkg__rosidl_typesupport_fastrtps_c.dir/rosidl_typesupport_fastrtps_c/interfaces_pkg/msg/detail/target_point__type_support_c.cpp.o[0m
[2.916s] [ 83%] [32mBuilding CXX object CMakeFiles/interfaces_pkg__rosidl_typesupport_fastrtps_c.dir/rosidl_typesupport_fastrtps_c/interfaces_pkg/msg/detail/path_planning_result__type_support_c.cpp.o[0m
[3.032s] [ 83%] [32m[1mLinking CXX shared library libinterfaces_pkg__rosidl_typesupport_fastrtps_cpp.so[0m
[3.088s] [ 83%] Built target interfaces_pkg__rosidl_typesupport_fastrtps_cpp
[3.102s] [ 84%] [32m[1mLinking CXX shared library libinterfaces_pkg__rosidl_typesupport_fastrtps_c.so[0m
[3.145s] [ 84%] Built target interfaces_pkg__rosidl_typesupport_fastrtps_c
[3.158s] [ 84%] Built target interfaces_pkg
[3.170s] [ 85%] [34m[1mGenerating Python code for ROS interfaces[0m
[4.139s] [ 85%] Built target interfaces_pkg__py
[4.153s] [ 86%] [32mBuilding C object CMakeFiles/interfaces_pkg__rosidl_generator_py.dir/rosidl_generator_py/interfaces_pkg/msg/_vector2_s.c.o[0m
[4.153s] [ 86%] [32mBuilding C object CMakeFiles/interfaces_pkg__rosidl_generator_py.dir/rosidl_generator_py/interfaces_pkg/msg/_point2_d_s.c.o[0m
[4.155s] [ 86%] [32mBuilding C object CMakeFiles/interfaces_pkg__rosidl_generator_py.dir/rosidl_generator_py/interfaces_pkg/msg/_bounding_box2_d_s.c.o[0m
[4.156s] [ 86%] [32mBuilding C object CMakeFiles/interfaces_pkg__rosidl_generator_py.dir/rosidl_generator_py/interfaces_pkg/msg/_key_point2_d_s.c.o[0m
[4.156s] [ 88%] [32mBuilding C object CMakeFiles/interfaces_pkg__rosidl_generator_py.dir/rosidl_generator_py/interfaces_pkg/msg/_pose2_d_s.c.o[0m
[4.156s] [ 88%] [32mBuilding C object CMakeFiles/interfaces_pkg__rosidl_generator_py.dir/rosidl_generator_py/interfaces_pkg/msg/_key_point2_d_array_s.c.o[0m
[4.156s] [ 90%] [32mBuilding C object CMakeFiles/interfaces_pkg__rosidl_generator_py.dir/rosidl_generator_py/interfaces_pkg/msg/_key_point3_d_s.c.o[0m
[4.156s] [ 90%] [32mBuilding C object CMakeFiles/interfaces_pkg__rosidl_generator_py.dir/rosidl_generator_py/interfaces_pkg/msg/_key_point3_d_array_s.c.o[0m
[4.156s] [ 92%] [32mBuilding C object CMakeFiles/interfaces_pkg__rosidl_generator_py.dir/rosidl_generator_py/interfaces_pkg/msg/_mask_s.c.o[0m
[4.157s] [ 92%] [32mBuilding C object CMakeFiles/interfaces_pkg__rosidl_generator_py.dir/rosidl_generator_py/interfaces_pkg/msg/_bounding_box3_d_s.c.o[0m
[4.157s] [ 92%] [32mBuilding C object CMakeFiles/interfaces_pkg__rosidl_generator_py.dir/rosidl_generator_py/interfaces_pkg/msg/_detection_s.c.o[0m
[4.157s] [ 93%] [32mBuilding C object CMakeFiles/interfaces_pkg__rosidl_generator_py.dir/rosidl_generator_py/interfaces_pkg/msg/_detection_array_s.c.o[0m
[4.157s] [ 93%] [32mBuilding C object CMakeFiles/interfaces_pkg__rosidl_generator_py.dir/rosidl_generator_py/interfaces_pkg/msg/_lane_info_s.c.o[0m
[4.158s] [ 94%] [32mBuilding C object CMakeFiles/interfaces_pkg__rosidl_generator_py.dir/rosidl_generator_py/interfaces_pkg/msg/_motion_command_s.c.o[0m
[4.158s] [ 95%] [32mBuilding C object CMakeFiles/interfaces_pkg__rosidl_generator_py.dir/rosidl_generator_py/interfaces_pkg/msg/_target_point_s.c.o[0m
[4.158s] [ 95%] [32mBuilding C object CMakeFiles/interfaces_pkg__rosidl_generator_py.dir/rosidl_generator_py/interfaces_pkg/msg/_path_planning_result_s.c.o[0m
[4.239s] [ 96%] [32m[1mLinking C shared library rosidl_generator_py/interfaces_pkg/libinterfaces_pkg__rosidl_generator_py.so[0m
[4.268s] [ 96%] Built target interfaces_pkg__rosidl_generator_py
[4.281s] [ 98%] [32mBuilding C object CMakeFiles/interfaces_pkg__rosidl_typesupport_c__pyext.dir/rosidl_generator_py/interfaces_pkg/_interfaces_pkg_s.ep.rosidl_typesupport_c.c.o[0m
[4.281s] [ 98%] [32mBuilding C object CMakeFiles/interfaces_pkg__rosidl_typesupport_fastrtps_c__pyext.dir/rosidl_generator_py/interfaces_pkg/_interfaces_pkg_s.ep.rosidl_typesupport_fastrtps_c.c.o[0m
[4.281s] [ 99%] [32mBuilding C object CMakeFiles/interfaces_pkg__rosidl_typesupport_introspection_c__pyext.dir/rosidl_generator_py/interfaces_pkg/_interfaces_pkg_s.ep.rosidl_typesupport_introspection_c.c.o[0m
[4.359s] [ 99%] [32m[1mLinking C shared library rosidl_generator_py/interfaces_pkg/interfaces_pkg_s__rosidl_typesupport_fastrtps_c.cpython-310-x86_64-linux-gnu.so[0m
[4.359s] [100%] [32m[1mLinking C shared library rosidl_generator_py/interfaces_pkg/interfaces_pkg_s__rosidl_typesupport_c.cpython-310-x86_64-linux-gnu.so[0m
[4.359s] [100%] [32m[1mLinking C shared library rosidl_generator_py/interfaces_pkg/interfaces_pkg_s__rosidl_typesupport_introspection_c.cpython-310-x86_64-linux-gnu.so[0m
[4.383s] [100%] Built target interfaces_pkg__rosidl_typesupport_fastrtps_c__pyext
[4.383s] [100%] Built target interfaces_pkg__rosidl_typesupport_c__pyext
[4.385s] [100%] Built target interfaces_pkg__rosidl_typesupport_introspection_c__pyext
[4.394s] Invoked command in '/home/euntaek/ws_mobile/build/interfaces_pkg' returned '0': CMAKE_PREFIX_PATH=${CMAKE_PREFIX_PATH}:/home/euntaek/ws_mobile/install/decision_making_pkg:/home/euntaek/ws_mobile/install/debug_pkg:/opt/ros/humble /usr/bin/cmake --build /home/euntaek/ws_mobile/build/interfaces_pkg -- -j24 -l24
[4.394s] Invoking command in '/home/euntaek/ws_mobile/build/interfaces_pkg': CMAKE_PREFIX_PATH=${CMAKE_PREFIX_PATH}:/home/euntaek/ws_mobile/install/decision_making_pkg:/home/euntaek/ws_mobile/install/debug_pkg:/opt/ros/humble /usr/bin/cmake --install /home/euntaek/ws_mobile/build/interfaces_pkg
[4.399s] -- Install configuration: ""
[4.399s] -- Execute custom install script
[4.400s] -- Symlinking: /home/euntaek/ws_mobile/install/interfaces_pkg/share/ament_index/resource_index/rosidl_interfaces/interfaces_pkg
[4.406s] -- Symlinking: /home/euntaek/ws_mobile/install/interfaces_pkg/include/interfaces_pkg/interfaces_pkg/msg/bounding_box2_d.h
[4.411s] -- Symlinking: /home/euntaek/ws_mobile/install/interfaces_pkg/include/interfaces_pkg/interfaces_pkg/msg/bounding_box3_d.h
[4.416s] -- Symlinking: /home/euntaek/ws_mobile/install/interfaces_pkg/include/interfaces_pkg/interfaces_pkg/msg/detail/bounding_box2_d__functions.h
[4.421s] -- Symlinking: /home/euntaek/ws_mobile/install/interfaces_pkg/include/interfaces_pkg/interfaces_pkg/msg/detail/bounding_box2_d__struct.h
[4.426s] -- Symlinking: /home/euntaek/ws_mobile/install/interfaces_pkg/include/interfaces_pkg/interfaces_pkg/msg/detail/bounding_box2_d__type_support.h
[4.431s] -- Symlinking: /home/euntaek/ws_mobile/install/interfaces_pkg/include/interfaces_pkg/interfaces_pkg/msg/detail/bounding_box3_d__functions.h
[4.436s] -- Symlinking: /home/euntaek/ws_mobile/install/interfaces_pkg/include/interfaces_pkg/interfaces_pkg/msg/detail/bounding_box3_d__struct.h
[4.441s] -- Symlinking: /home/euntaek/ws_mobile/install/interfaces_pkg/include/interfaces_pkg/interfaces_pkg/msg/detail/bounding_box3_d__type_support.h
[4.446s] -- Symlinking: /home/euntaek/ws_mobile/install/interfaces_pkg/include/interfaces_pkg/interfaces_pkg/msg/detail/detection__functions.h
[4.450s] -- Symlinking: /home/euntaek/ws_mobile/install/interfaces_pkg/include/interfaces_pkg/interfaces_pkg/msg/detail/detection__struct.h
[4.455s] -- Symlinking: /home/euntaek/ws_mobile/install/interfaces_pkg/include/interfaces_pkg/interfaces_pkg/msg/detail/detection__type_support.h
[4.460s] -- Symlinking: /home/euntaek/ws_mobile/install/interfaces_pkg/include/interfaces_pkg/interfaces_pkg/msg/detail/detection_array__functions.h
[4.464s] -- Symlinking: /home/euntaek/ws_mobile/install/interfaces_pkg/include/interfaces_pkg/interfaces_pkg/msg/detail/detection_array__struct.h
[4.470s] -- Symlinking: /home/euntaek/ws_mobile/install/interfaces_pkg/include/interfaces_pkg/interfaces_pkg/msg/detail/detection_array__type_support.h
[4.475s] -- Symlinking: /home/euntaek/ws_mobile/install/interfaces_pkg/include/interfaces_pkg/interfaces_pkg/msg/detail/key_point2_d__functions.h
[4.480s] -- Symlinking: /home/euntaek/ws_mobile/install/interfaces_pkg/include/interfaces_pkg/interfaces_pkg/msg/detail/key_point2_d__struct.h
[4.486s] -- Symlinking: /home/euntaek/ws_mobile/install/interfaces_pkg/include/interfaces_pkg/interfaces_pkg/msg/detail/key_point2_d__type_support.h
[4.491s] -- Symlinking: /home/euntaek/ws_mobile/install/interfaces_pkg/include/interfaces_pkg/interfaces_pkg/msg/detail/key_point2_d_array__functions.h
[4.496s] -- Symlinking: /home/euntaek/ws_mobile/install/interfaces_pkg/include/interfaces_pkg/interfaces_pkg/msg/detail/key_point2_d_array__struct.h
[4.501s] -- Symlinking: /home/euntaek/ws_mobile/install/interfaces_pkg/include/interfaces_pkg/interfaces_pkg/msg/detail/key_point2_d_array__type_support.h
[4.506s] -- Symlinking: /home/euntaek/ws_mobile/install/interfaces_pkg/include/interfaces_pkg/interfaces_pkg/msg/detail/key_point3_d__functions.h
[4.511s] -- Symlinking: /home/euntaek/ws_mobile/install/interfaces_pkg/include/interfaces_pkg/interfaces_pkg/msg/detail/key_point3_d__struct.h
[4.516s] -- Symlinking: /home/euntaek/ws_mobile/install/interfaces_pkg/include/interfaces_pkg/interfaces_pkg/msg/detail/key_point3_d__type_support.h
[4.521s] -- Symlinking: /home/euntaek/ws_mobile/install/interfaces_pkg/include/interfaces_pkg/interfaces_pkg/msg/detail/key_point3_d_array__functions.h
[4.526s] -- Symlinking: /home/euntaek/ws_mobile/install/interfaces_pkg/include/interfaces_pkg/interfaces_pkg/msg/detail/key_point3_d_array__struct.h
[4.530s] -- Symlinking: /home/euntaek/ws_mobile/install/interfaces_pkg/include/interfaces_pkg/interfaces_pkg/msg/detail/key_point3_d_array__type_support.h
[4.535s] -- Symlinking: /home/euntaek/ws_mobile/install/interfaces_pkg/include/interfaces_pkg/interfaces_pkg/msg/detail/lane_info__functions.h
[4.540s] -- Symlinking: /home/euntaek/ws_mobile/install/interfaces_pkg/include/interfaces_pkg/interfaces_pkg/msg/detail/lane_info__struct.h
[4.545s] -- Symlinking: /home/euntaek/ws_mobile/install/interfaces_pkg/include/interfaces_pkg/interfaces_pkg/msg/detail/lane_info__type_support.h
[4.550s] -- Symlinking: /home/euntaek/ws_mobile/install/interfaces_pkg/include/interfaces_pkg/interfaces_pkg/msg/detail/mask__functions.h
[4.555s] -- Symlinking: /home/euntaek/ws_mobile/install/interfaces_pkg/include/interfaces_pkg/interfaces_pkg/msg/detail/mask__struct.h
[4.561s] -- Symlinking: /home/euntaek/ws_mobile/install/interfaces_pkg/include/interfaces_pkg/interfaces_pkg/msg/detail/mask__type_support.h
[4.566s] -- Symlinking: /home/euntaek/ws_mobile/install/interfaces_pkg/include/interfaces_pkg/interfaces_pkg/msg/detail/motion_command__functions.h
[4.571s] -- Symlinking: /home/euntaek/ws_mobile/install/interfaces_pkg/include/interfaces_pkg/interfaces_pkg/msg/detail/motion_command__struct.h
[4.576s] -- Symlinking: /home/euntaek/ws_mobile/install/interfaces_pkg/include/interfaces_pkg/interfaces_pkg/msg/detail/motion_command__type_support.h
[4.581s] -- Symlinking: /home/euntaek/ws_mobile/install/interfaces_pkg/include/interfaces_pkg/interfaces_pkg/msg/detail/path_planning_result__functions.h
[4.586s] -- Symlinking: /home/euntaek/ws_mobile/install/interfaces_pkg/include/interfaces_pkg/interfaces_pkg/msg/detail/path_planning_result__struct.h
[4.591s] -- Symlinking: /home/euntaek/ws_mobile/install/interfaces_pkg/include/interfaces_pkg/interfaces_pkg/msg/detail/path_planning_result__type_support.h
[4.595s] -- Symlinking: /home/euntaek/ws_mobile/install/interfaces_pkg/include/interfaces_pkg/interfaces_pkg/msg/detail/point2_d__functions.h
[4.600s] -- Symlinking: /home/euntaek/ws_mobile/install/interfaces_pkg/include/interfaces_pkg/interfaces_pkg/msg/detail/point2_d__struct.h
[4.605s] -- Symlinking: /home/euntaek/ws_mobile/install/interfaces_pkg/include/interfaces_pkg/interfaces_pkg/msg/detail/point2_d__type_support.h
[4.610s] -- Symlinking: /home/euntaek/ws_mobile/install/interfaces_pkg/include/interfaces_pkg/interfaces_pkg/msg/detail/pose2_d__functions.h
[4.615s] -- Symlinking: /home/euntaek/ws_mobile/install/interfaces_pkg/include/interfaces_pkg/interfaces_pkg/msg/detail/pose2_d__struct.h
[4.620s] -- Symlinking: /home/euntaek/ws_mobile/install/interfaces_pkg/include/interfaces_pkg/interfaces_pkg/msg/detail/pose2_d__type_support.h
[4.625s] -- Symlinking: /home/euntaek/ws_mobile/install/interfaces_pkg/include/interfaces_pkg/interfaces_pkg/msg/detail/target_point__functions.h
[4.630s] -- Symlinking: /home/euntaek/ws_mobile/install/interfaces_pkg/include/interfaces_pkg/interfaces_pkg/msg/detail/target_point__struct.h
[4.636s] -- Symlinking: /home/euntaek/ws_mobile/install/interfaces_pkg/include/interfaces_pkg/interfaces_pkg/msg/detail/target_point__type_support.h
[4.640s] -- Symlinking: /home/euntaek/ws_mobile/install/interfaces_pkg/include/interfaces_pkg/interfaces_pkg/msg/detail/vector2__functions.h
[4.645s] -- Symlinking: /home/euntaek/ws_mobile/install/interfaces_pkg/include/interfaces_pkg/interfaces_pkg/msg/detail/vector2__struct.h
[4.650s] -- Symlinking: /home/euntaek/ws_mobile/install/interfaces_pkg/include/interfaces_pkg/interfaces_pkg/msg/detail/vector2__type_support.h
[4.655s] -- Symlinking: /home/euntaek/ws_mobile/install/interfaces_pkg/include/interfaces_pkg/interfaces_pkg/msg/detection.h
[4.660s] -- Symlinking: /home/euntaek/ws_mobile/install/interfaces_pkg/include/interfaces_pkg/interfaces_pkg/msg/detection_array.h
[4.665s] -- Symlinking: /home/euntaek/ws_mobile/install/interfaces_pkg/include/interfaces_pkg/interfaces_pkg/msg/key_point2_d.h
[4.670s] -- Symlinking: /home/euntaek/ws_mobile/install/interfaces_pkg/include/interfaces_pkg/interfaces_pkg/msg/key_point2_d_array.h
[4.675s] -- Symlinking: /home/euntaek/ws_mobile/install/interfaces_pkg/include/interfaces_pkg/interfaces_pkg/msg/key_point3_d.h
[4.680s] -- Symlinking: /home/euntaek/ws_mobile/install/interfaces_pkg/include/interfaces_pkg/interfaces_pkg/msg/key_point3_d_array.h
[4.685s] -- Symlinking: /home/euntaek/ws_mobile/install/interfaces_pkg/include/interfaces_pkg/interfaces_pkg/msg/lane_info.h
[4.690s] -- Symlinking: /home/euntaek/ws_mobile/install/interfaces_pkg/include/interfaces_pkg/interfaces_pkg/msg/mask.h
[4.694s] -- Symlinking: /home/euntaek/ws_mobile/install/interfaces_pkg/include/interfaces_pkg/interfaces_pkg/msg/motion_command.h
[4.699s] -- Symlinking: /home/euntaek/ws_mobile/install/interfaces_pkg/include/interfaces_pkg/interfaces_pkg/msg/path_planning_result.h
[4.704s] -- Symlinking: /home/euntaek/ws_mobile/install/interfaces_pkg/include/interfaces_pkg/interfaces_pkg/msg/point2_d.h
[4.709s] -- Symlinking: /home/euntaek/ws_mobile/install/interfaces_pkg/include/interfaces_pkg/interfaces_pkg/msg/pose2_d.h
[4.714s] -- Symlinking: /home/euntaek/ws_mobile/install/interfaces_pkg/include/interfaces_pkg/interfaces_pkg/msg/rosidl_generator_c__visibility_control.h
[4.719s] -- Symlinking: /home/euntaek/ws_mobile/install/interfaces_pkg/include/interfaces_pkg/interfaces_pkg/msg/target_point.h
[4.724s] -- Symlinking: /home/euntaek/ws_mobile/install/interfaces_pkg/include/interfaces_pkg/interfaces_pkg/msg/vector2.h
[4.730s] -- Symlinking: /home/euntaek/ws_mobile/install/interfaces_pkg/share/interfaces_pkg/environment/library_path.sh
[4.735s] -- Symlinking: /home/euntaek/ws_mobile/install/interfaces_pkg/share/interfaces_pkg/environment/library_path.dsv
[4.740s] -- Symlinking: /home/euntaek/ws_mobile/install/interfaces_pkg/include/interfaces_pkg/interfaces_pkg/msg/detail/bounding_box2_d__rosidl_typesupport_fastrtps_c.h
[4.746s] -- Symlinking: /home/euntaek/ws_mobile/install/interfaces_pkg/include/interfaces_pkg/interfaces_pkg/msg/detail/bounding_box3_d__rosidl_typesupport_fastrtps_c.h
[4.751s] -- Symlinking: /home/euntaek/ws_mobile/install/interfaces_pkg/include/interfaces_pkg/interfaces_pkg/msg/detail/detection__rosidl_typesupport_fastrtps_c.h
[4.756s] -- Symlinking: /home/euntaek/ws_mobile/install/interfaces_pkg/include/interfaces_pkg/interfaces_pkg/msg/detail/detection_array__rosidl_typesupport_fastrtps_c.h
[4.761s] -- Symlinking: /home/euntaek/ws_mobile/install/interfaces_pkg/include/interfaces_pkg/interfaces_pkg/msg/detail/key_point2_d__rosidl_typesupport_fastrtps_c.h
[4.766s] -- Symlinking: /home/euntaek/ws_mobile/install/interfaces_pkg/include/interfaces_pkg/interfaces_pkg/msg/detail/key_point2_d_array__rosidl_typesupport_fastrtps_c.h
[4.771s] -- Symlinking: /home/euntaek/ws_mobile/install/interfaces_pkg/include/interfaces_pkg/interfaces_pkg/msg/detail/key_point3_d__rosidl_typesupport_fastrtps_c.h
[4.776s] -- Symlinking: /home/euntaek/ws_mobile/install/interfaces_pkg/include/interfaces_pkg/interfaces_pkg/msg/detail/key_point3_d_array__rosidl_typesupport_fastrtps_c.h
[4.781s] -- Symlinking: /home/euntaek/ws_mobile/install/interfaces_pkg/include/interfaces_pkg/interfaces_pkg/msg/detail/lane_info__rosidl_typesupport_fastrtps_c.h
[4.786s] -- Symlinking: /home/euntaek/ws_mobile/install/interfaces_pkg/include/interfaces_pkg/interfaces_pkg/msg/detail/mask__rosidl_typesupport_fastrtps_c.h
[4.791s] -- Symlinking: /home/euntaek/ws_mobile/install/interfaces_pkg/include/interfaces_pkg/interfaces_pkg/msg/detail/motion_command__rosidl_typesupport_fastrtps_c.h
[4.796s] -- Symlinking: /home/euntaek/ws_mobile/install/interfaces_pkg/include/interfaces_pkg/interfaces_pkg/msg/detail/path_planning_result__rosidl_typesupport_fastrtps_c.h
[4.801s] -- Symlinking: /home/euntaek/ws_mobile/install/interfaces_pkg/include/interfaces_pkg/interfaces_pkg/msg/detail/point2_d__rosidl_typesupport_fastrtps_c.h
[4.806s] -- Symlinking: /home/euntaek/ws_mobile/install/interfaces_pkg/include/interfaces_pkg/interfaces_pkg/msg/detail/pose2_d__rosidl_typesupport_fastrtps_c.h
[4.811s] -- Symlinking: /home/euntaek/ws_mobile/install/interfaces_pkg/include/interfaces_pkg/interfaces_pkg/msg/detail/target_point__rosidl_typesupport_fastrtps_c.h
[4.816s] -- Symlinking: /home/euntaek/ws_mobile/install/interfaces_pkg/include/interfaces_pkg/interfaces_pkg/msg/detail/vector2__rosidl_typesupport_fastrtps_c.h
[4.821s] -- Symlinking: /home/euntaek/ws_mobile/install/interfaces_pkg/include/interfaces_pkg/interfaces_pkg/msg/rosidl_typesupport_fastrtps_c__visibility_control.h
[4.826s] -- Symlinking: /home/euntaek/ws_mobile/install/interfaces_pkg/include/interfaces_pkg/interfaces_pkg/msg/detail/bounding_box2_d__rosidl_typesupport_introspection_c.h
[4.831s] -- Symlinking: /home/euntaek/ws_mobile/install/interfaces_pkg/include/interfaces_pkg/interfaces_pkg/msg/detail/bounding_box3_d__rosidl_typesupport_introspection_c.h
[4.836s] -- Symlinking: /home/euntaek/ws_mobile/install/interfaces_pkg/include/interfaces_pkg/interfaces_pkg/msg/detail/detection__rosidl_typesupport_introspection_c.h
[4.841s] -- Symlinking: /home/euntaek/ws_mobile/install/interfaces_pkg/include/interfaces_pkg/interfaces_pkg/msg/detail/detection_array__rosidl_typesupport_introspection_c.h
[4.846s] -- Symlinking: /home/euntaek/ws_mobile/install/interfaces_pkg/include/interfaces_pkg/interfaces_pkg/msg/detail/key_point2_d__rosidl_typesupport_introspection_c.h
[4.851s] -- Symlinking: /home/euntaek/ws_mobile/install/interfaces_pkg/include/interfaces_pkg/interfaces_pkg/msg/detail/key_point2_d_array__rosidl_typesupport_introspection_c.h
[4.856s] -- Symlinking: /home/euntaek/ws_mobile/install/interfaces_pkg/include/interfaces_pkg/interfaces_pkg/msg/detail/key_point3_d__rosidl_typesupport_introspection_c.h
[4.861s] -- Symlinking: /home/euntaek/ws_mobile/install/interfaces_pkg/include/interfaces_pkg/interfaces_pkg/msg/detail/key_point3_d_array__rosidl_typesupport_introspection_c.h
[4.867s] -- Symlinking: /home/euntaek/ws_mobile/install/interfaces_pkg/include/interfaces_pkg/interfaces_pkg/msg/detail/lane_info__rosidl_typesupport_introspection_c.h
[4.871s] -- Symlinking: /home/euntaek/ws_mobile/install/interfaces_pkg/include/interfaces_pkg/interfaces_pkg/msg/detail/mask__rosidl_typesupport_introspection_c.h
[4.876s] -- Symlinking: /home/euntaek/ws_mobile/install/interfaces_pkg/include/interfaces_pkg/interfaces_pkg/msg/detail/motion_command__rosidl_typesupport_introspection_c.h
[4.881s] -- Symlinking: /home/euntaek/ws_mobile/install/interfaces_pkg/include/interfaces_pkg/interfaces_pkg/msg/detail/path_planning_result__rosidl_typesupport_introspection_c.h
[4.886s] -- Symlinking: /home/euntaek/ws_mobile/install/interfaces_pkg/include/interfaces_pkg/interfaces_pkg/msg/detail/point2_d__rosidl_typesupport_introspection_c.h
[4.891s] -- Symlinking: /home/euntaek/ws_mobile/install/interfaces_pkg/include/interfaces_pkg/interfaces_pkg/msg/detail/pose2_d__rosidl_typesupport_introspection_c.h
[4.896s] -- Symlinking: /home/euntaek/ws_mobile/install/interfaces_pkg/include/interfaces_pkg/interfaces_pkg/msg/detail/target_point__rosidl_typesupport_introspection_c.h
[4.901s] -- Symlinking: /home/euntaek/ws_mobile/install/interfaces_pkg/include/interfaces_pkg/interfaces_pkg/msg/detail/vector2__rosidl_typesupport_introspection_c.h
[4.906s] -- Symlinking: /home/euntaek/ws_mobile/install/interfaces_pkg/include/interfaces_pkg/interfaces_pkg/msg/rosidl_typesupport_introspection_c__visibility_control.h
[4.911s] -- Symlinking: /home/euntaek/ws_mobile/install/interfaces_pkg/include/interfaces_pkg/interfaces_pkg/msg/bounding_box2_d.hpp
[4.916s] -- Symlinking: /home/euntaek/ws_mobile/install/interfaces_pkg/include/interfaces_pkg/interfaces_pkg/msg/bounding_box3_d.hpp
[4.921s] -- Symlinking: /home/euntaek/ws_mobile/install/interfaces_pkg/include/interfaces_pkg/interfaces_pkg/msg/detail/bounding_box2_d__builder.hpp
[4.926s] -- Symlinking: /home/euntaek/ws_mobile/install/interfaces_pkg/include/interfaces_pkg/interfaces_pkg/msg/detail/bounding_box2_d__struct.hpp
[4.931s] -- Symlinking: /home/euntaek/ws_mobile/install/interfaces_pkg/include/interfaces_pkg/interfaces_pkg/msg/detail/bounding_box2_d__traits.hpp
[4.936s] -- Symlinking: /home/euntaek/ws_mobile/install/interfaces_pkg/include/interfaces_pkg/interfaces_pkg/msg/detail/bounding_box2_d__type_support.hpp
[4.940s] -- Symlinking: /home/euntaek/ws_mobile/install/interfaces_pkg/include/interfaces_pkg/interfaces_pkg/msg/detail/bounding_box3_d__builder.hpp
[4.945s] -- Symlinking: /home/euntaek/ws_mobile/install/interfaces_pkg/include/interfaces_pkg/interfaces_pkg/msg/detail/bounding_box3_d__struct.hpp
[4.950s] -- Symlinking: /home/euntaek/ws_mobile/install/interfaces_pkg/include/interfaces_pkg/interfaces_pkg/msg/detail/bounding_box3_d__traits.hpp
[4.955s] -- Symlinking: /home/euntaek/ws_mobile/install/interfaces_pkg/include/interfaces_pkg/interfaces_pkg/msg/detail/bounding_box3_d__type_support.hpp
[4.960s] -- Symlinking: /home/euntaek/ws_mobile/install/interfaces_pkg/include/interfaces_pkg/interfaces_pkg/msg/detail/detection__builder.hpp
[4.964s] -- Symlinking: /home/euntaek/ws_mobile/install/interfaces_pkg/include/interfaces_pkg/interfaces_pkg/msg/detail/detection__struct.hpp
[4.970s] -- Symlinking: /home/euntaek/ws_mobile/install/interfaces_pkg/include/interfaces_pkg/interfaces_pkg/msg/detail/detection__traits.hpp
[4.975s] -- Symlinking: /home/euntaek/ws_mobile/install/interfaces_pkg/include/interfaces_pkg/interfaces_pkg/msg/detail/detection__type_support.hpp
[4.980s] -- Symlinking: /home/euntaek/ws_mobile/install/interfaces_pkg/include/interfaces_pkg/interfaces_pkg/msg/detail/detection_array__builder.hpp
[4.985s] -- Symlinking: /home/euntaek/ws_mobile/install/interfaces_pkg/include/interfaces_pkg/interfaces_pkg/msg/detail/detection_array__struct.hpp
[4.990s] -- Symlinking: /home/euntaek/ws_mobile/install/interfaces_pkg/include/interfaces_pkg/interfaces_pkg/msg/detail/detection_array__traits.hpp
[4.995s] -- Symlinking: /home/euntaek/ws_mobile/install/interfaces_pkg/include/interfaces_pkg/interfaces_pkg/msg/detail/detection_array__type_support.hpp
[5.000s] -- Symlinking: /home/euntaek/ws_mobile/install/interfaces_pkg/include/interfaces_pkg/interfaces_pkg/msg/detail/key_point2_d__builder.hpp
[5.005s] -- Symlinking: /home/euntaek/ws_mobile/install/interfaces_pkg/include/interfaces_pkg/interfaces_pkg/msg/detail/key_point2_d__struct.hpp
[5.010s] -- Symlinking: /home/euntaek/ws_mobile/install/interfaces_pkg/include/interfaces_pkg/interfaces_pkg/msg/detail/key_point2_d__traits.hpp
[5.015s] -- Symlinking: /home/euntaek/ws_mobile/install/interfaces_pkg/include/interfaces_pkg/interfaces_pkg/msg/detail/key_point2_d__type_support.hpp
[5.020s] -- Symlinking: /home/euntaek/ws_mobile/install/interfaces_pkg/include/interfaces_pkg/interfaces_pkg/msg/detail/key_point2_d_array__builder.hpp
[5.025s] -- Symlinking: /home/euntaek/ws_mobile/install/interfaces_pkg/include/interfaces_pkg/interfaces_pkg/msg/detail/key_point2_d_array__struct.hpp
[5.029s] -- Symlinking: /home/euntaek/ws_mobile/install/interfaces_pkg/include/interfaces_pkg/interfaces_pkg/msg/detail/key_point2_d_array__traits.hpp
[5.035s] -- Symlinking: /home/euntaek/ws_mobile/install/interfaces_pkg/include/interfaces_pkg/interfaces_pkg/msg/detail/key_point2_d_array__type_support.hpp
[5.040s] -- Symlinking: /home/euntaek/ws_mobile/install/interfaces_pkg/include/interfaces_pkg/interfaces_pkg/msg/detail/key_point3_d__builder.hpp
[5.045s] -- Symlinking: /home/euntaek/ws_mobile/install/interfaces_pkg/include/interfaces_pkg/interfaces_pkg/msg/detail/key_point3_d__struct.hpp
[5.050s] -- Symlinking: /home/euntaek/ws_mobile/install/interfaces_pkg/include/interfaces_pkg/interfaces_pkg/msg/detail/key_point3_d__traits.hpp
[5.055s] -- Symlinking: /home/euntaek/ws_mobile/install/interfaces_pkg/include/interfaces_pkg/interfaces_pkg/msg/detail/key_point3_d__type_support.hpp
[5.060s] -- Symlinking: /home/euntaek/ws_mobile/install/interfaces_pkg/include/interfaces_pkg/interfaces_pkg/msg/detail/key_point3_d_array__builder.hpp
[5.065s] -- Symlinking: /home/euntaek/ws_mobile/install/interfaces_pkg/include/interfaces_pkg/interfaces_pkg/msg/detail/key_point3_d_array__struct.hpp
[5.069s] -- Symlinking: /home/euntaek/ws_mobile/install/interfaces_pkg/include/interfaces_pkg/interfaces_pkg/msg/detail/key_point3_d_array__traits.hpp
[5.074s] -- Symlinking: /home/euntaek/ws_mobile/install/interfaces_pkg/include/interfaces_pkg/interfaces_pkg/msg/detail/key_point3_d_array__type_support.hpp
[5.079s] -- Symlinking: /home/euntaek/ws_mobile/install/interfaces_pkg/include/interfaces_pkg/interfaces_pkg/msg/detail/lane_info__builder.hpp
[5.084s] -- Symlinking: /home/euntaek/ws_mobile/install/interfaces_pkg/include/interfaces_pkg/interfaces_pkg/msg/detail/lane_info__struct.hpp
[5.089s] -- Symlinking: /home/euntaek/ws_mobile/install/interfaces_pkg/include/interfaces_pkg/interfaces_pkg/msg/detail/lane_info__traits.hpp
[5.094s] -- Symlinking: /home/euntaek/ws_mobile/install/interfaces_pkg/include/interfaces_pkg/interfaces_pkg/msg/detail/lane_info__type_support.hpp
[5.099s] -- Symlinking: /home/euntaek/ws_mobile/install/interfaces_pkg/include/interfaces_pkg/interfaces_pkg/msg/detail/mask__builder.hpp
[5.104s] -- Symlinking: /home/euntaek/ws_mobile/install/interfaces_pkg/include/interfaces_pkg/interfaces_pkg/msg/detail/mask__struct.hpp
[5.110s] -- Symlinking: /home/euntaek/ws_mobile/install/interfaces_pkg/include/interfaces_pkg/interfaces_pkg/msg/detail/mask__traits.hpp
[5.115s] -- Symlinking: /home/euntaek/ws_mobile/install/interfaces_pkg/include/interfaces_pkg/interfaces_pkg/msg/detail/mask__type_support.hpp
[5.119s] -- Symlinking: /home/euntaek/ws_mobile/install/interfaces_pkg/include/interfaces_pkg/interfaces_pkg/msg/detail/motion_command__builder.hpp
[5.125s] -- Symlinking: /home/euntaek/ws_mobile/install/interfaces_pkg/include/interfaces_pkg/interfaces_pkg/msg/detail/motion_command__struct.hpp
[5.130s] -- Symlinking: /home/euntaek/ws_mobile/install/interfaces_pkg/include/interfaces_pkg/interfaces_pkg/msg/detail/motion_command__traits.hpp
[5.135s] -- Symlinking: /home/euntaek/ws_mobile/install/interfaces_pkg/include/interfaces_pkg/interfaces_pkg/msg/detail/motion_command__type_support.hpp
[5.140s] -- Symlinking: /home/euntaek/ws_mobile/install/interfaces_pkg/include/interfaces_pkg/interfaces_pkg/msg/detail/path_planning_result__builder.hpp
[5.145s] -- Symlinking: /home/euntaek/ws_mobile/install/interfaces_pkg/include/interfaces_pkg/interfaces_pkg/msg/detail/path_planning_result__struct.hpp
[5.150s] -- Symlinking: /home/euntaek/ws_mobile/install/interfaces_pkg/include/interfaces_pkg/interfaces_pkg/msg/detail/path_planning_result__traits.hpp
[5.155s] -- Symlinking: /home/euntaek/ws_mobile/install/interfaces_pkg/include/interfaces_pkg/interfaces_pkg/msg/detail/path_planning_result__type_support.hpp
[5.160s] -- Symlinking: /home/euntaek/ws_mobile/install/interfaces_pkg/include/interfaces_pkg/interfaces_pkg/msg/detail/point2_d__builder.hpp
[5.165s] -- Symlinking: /home/euntaek/ws_mobile/install/interfaces_pkg/include/interfaces_pkg/interfaces_pkg/msg/detail/point2_d__struct.hpp
[5.170s] -- Symlinking: /home/euntaek/ws_mobile/install/interfaces_pkg/include/interfaces_pkg/interfaces_pkg/msg/detail/point2_d__traits.hpp
[5.176s] -- Symlinking: /home/euntaek/ws_mobile/install/interfaces_pkg/include/interfaces_pkg/interfaces_pkg/msg/detail/point2_d__type_support.hpp
[5.181s] -- Symlinking: /home/euntaek/ws_mobile/install/interfaces_pkg/include/interfaces_pkg/interfaces_pkg/msg/detail/pose2_d__builder.hpp
[5.186s] -- Symlinking: /home/euntaek/ws_mobile/install/interfaces_pkg/include/interfaces_pkg/interfaces_pkg/msg/detail/pose2_d__struct.hpp
[5.190s] -- Symlinking: /home/euntaek/ws_mobile/install/interfaces_pkg/include/interfaces_pkg/interfaces_pkg/msg/detail/pose2_d__traits.hpp
[5.196s] -- Symlinking: /home/euntaek/ws_mobile/install/interfaces_pkg/include/interfaces_pkg/interfaces_pkg/msg/detail/pose2_d__type_support.hpp
[5.201s] -- Symlinking: /home/euntaek/ws_mobile/install/interfaces_pkg/include/interfaces_pkg/interfaces_pkg/msg/detail/target_point__builder.hpp
[5.206s] -- Symlinking: /home/euntaek/ws_mobile/install/interfaces_pkg/include/interfaces_pkg/interfaces_pkg/msg/detail/target_point__struct.hpp
[5.211s] -- Symlinking: /home/euntaek/ws_mobile/install/interfaces_pkg/include/interfaces_pkg/interfaces_pkg/msg/detail/target_point__traits.hpp
[5.215s] -- Symlinking: /home/euntaek/ws_mobile/install/interfaces_pkg/include/interfaces_pkg/interfaces_pkg/msg/detail/target_point__type_support.hpp
[5.221s] -- Symlinking: /home/euntaek/ws_mobile/install/interfaces_pkg/include/interfaces_pkg/interfaces_pkg/msg/detail/vector2__builder.hpp
[5.226s] -- Symlinking: /home/euntaek/ws_mobile/install/interfaces_pkg/include/interfaces_pkg/interfaces_pkg/msg/detail/vector2__struct.hpp
[5.231s] -- Symlinking: /home/euntaek/ws_mobile/install/interfaces_pkg/include/interfaces_pkg/interfaces_pkg/msg/detail/vector2__traits.hpp
[5.237s] -- Symlinking: /home/euntaek/ws_mobile/install/interfaces_pkg/include/interfaces_pkg/interfaces_pkg/msg/detail/vector2__type_support.hpp
[5.242s] -- Symlinking: /home/euntaek/ws_mobile/install/interfaces_pkg/include/interfaces_pkg/interfaces_pkg/msg/detection.hpp
[5.246s] -- Symlinking: /home/euntaek/ws_mobile/install/interfaces_pkg/include/interfaces_pkg/interfaces_pkg/msg/detection_array.hpp
[5.251s] -- Symlinking: /home/euntaek/ws_mobile/install/interfaces_pkg/include/interfaces_pkg/interfaces_pkg/msg/key_point2_d.hpp
[5.256s] -- Symlinking: /home/euntaek/ws_mobile/install/interfaces_pkg/include/interfaces_pkg/interfaces_pkg/msg/key_point2_d_array.hpp
[5.260s] -- Symlinking: /home/euntaek/ws_mobile/install/interfaces_pkg/include/interfaces_pkg/interfaces_pkg/msg/key_point3_d.hpp
[5.265s] -- Symlinking: /home/euntaek/ws_mobile/install/interfaces_pkg/include/interfaces_pkg/interfaces_pkg/msg/key_point3_d_array.hpp
[5.270s] -- Symlinking: /home/euntaek/ws_mobile/install/interfaces_pkg/include/interfaces_pkg/interfaces_pkg/msg/lane_info.hpp
[5.275s] -- Symlinking: /home/euntaek/ws_mobile/install/interfaces_pkg/include/interfaces_pkg/interfaces_pkg/msg/mask.hpp
[5.279s] -- Symlinking: /home/euntaek/ws_mobile/install/interfaces_pkg/include/interfaces_pkg/interfaces_pkg/msg/motion_command.hpp
[5.284s] -- Symlinking: /home/euntaek/ws_mobile/install/interfaces_pkg/include/interfaces_pkg/interfaces_pkg/msg/path_planning_result.hpp
[5.289s] -- Symlinking: /home/euntaek/ws_mobile/install/interfaces_pkg/include/interfaces_pkg/interfaces_pkg/msg/point2_d.hpp
[5.294s] -- Symlinking: /home/euntaek/ws_mobile/install/interfaces_pkg/include/interfaces_pkg/interfaces_pkg/msg/pose2_d.hpp
[5.299s] -- Symlinking: /home/euntaek/ws_mobile/install/interfaces_pkg/include/interfaces_pkg/interfaces_pkg/msg/rosidl_generator_cpp__visibility_control.hpp
[5.303s] -- Symlinking: /home/euntaek/ws_mobile/install/interfaces_pkg/include/interfaces_pkg/interfaces_pkg/msg/target_point.hpp
[5.308s] -- Symlinking: /home/euntaek/ws_mobile/install/interfaces_pkg/include/interfaces_pkg/interfaces_pkg/msg/vector2.hpp
[5.314s] -- Symlinking: /home/euntaek/ws_mobile/install/interfaces_pkg/include/interfaces_pkg/interfaces_pkg/msg/detail/bounding_box2_d__rosidl_typesupport_fastrtps_cpp.hpp
[5.319s] -- Symlinking: /home/euntaek/ws_mobile/install/interfaces_pkg/include/interfaces_pkg/interfaces_pkg/msg/detail/bounding_box3_d__rosidl_typesupport_fastrtps_cpp.hpp
[5.324s] -- Symlinking: /home/euntaek/ws_mobile/install/interfaces_pkg/include/interfaces_pkg/interfaces_pkg/msg/detail/detection__rosidl_typesupport_fastrtps_cpp.hpp
[5.329s] -- Symlinking: /home/euntaek/ws_mobile/install/interfaces_pkg/include/interfaces_pkg/interfaces_pkg/msg/detail/detection_array__rosidl_typesupport_fastrtps_cpp.hpp
[5.335s] -- Symlinking: /home/euntaek/ws_mobile/install/interfaces_pkg/include/interfaces_pkg/interfaces_pkg/msg/detail/key_point2_d__rosidl_typesupport_fastrtps_cpp.hpp
[5.340s] -- Symlinking: /home/euntaek/ws_mobile/install/interfaces_pkg/include/interfaces_pkg/interfaces_pkg/msg/detail/key_point2_d_array__rosidl_typesupport_fastrtps_cpp.hpp
[5.345s] -- Symlinking: /home/euntaek/ws_mobile/install/interfaces_pkg/include/interfaces_pkg/interfaces_pkg/msg/detail/key_point3_d__rosidl_typesupport_fastrtps_cpp.hpp
[5.351s] -- Symlinking: /home/euntaek/ws_mobile/install/interfaces_pkg/include/interfaces_pkg/interfaces_pkg/msg/detail/key_point3_d_array__rosidl_typesupport_fastrtps_cpp.hpp
[5.356s] -- Symlinking: /home/euntaek/ws_mobile/install/interfaces_pkg/include/interfaces_pkg/interfaces_pkg/msg/detail/lane_info__rosidl_typesupport_fastrtps_cpp.hpp
[5.360s] -- Symlinking: /home/euntaek/ws_mobile/install/interfaces_pkg/include/interfaces_pkg/interfaces_pkg/msg/detail/mask__rosidl_typesupport_fastrtps_cpp.hpp
[5.366s] -- Symlinking: /home/euntaek/ws_mobile/install/interfaces_pkg/include/interfaces_pkg/interfaces_pkg/msg/detail/motion_command__rosidl_typesupport_fastrtps_cpp.hpp
[5.371s] -- Symlinking: /home/euntaek/ws_mobile/install/interfaces_pkg/include/interfaces_pkg/interfaces_pkg/msg/detail/path_planning_result__rosidl_typesupport_fastrtps_cpp.hpp
[5.376s] -- Symlinking: /home/euntaek/ws_mobile/install/interfaces_pkg/include/interfaces_pkg/interfaces_pkg/msg/detail/point2_d__rosidl_typesupport_fastrtps_cpp.hpp
[5.381s] -- Symlinking: /home/euntaek/ws_mobile/install/interfaces_pkg/include/interfaces_pkg/interfaces_pkg/msg/detail/pose2_d__rosidl_typesupport_fastrtps_cpp.hpp
[5.386s] -- Symlinking: /home/euntaek/ws_mobile/install/interfaces_pkg/include/interfaces_pkg/interfaces_pkg/msg/detail/target_point__rosidl_typesupport_fastrtps_cpp.hpp
[5.391s] -- Symlinking: /home/euntaek/ws_mobile/install/interfaces_pkg/include/interfaces_pkg/interfaces_pkg/msg/detail/vector2__rosidl_typesupport_fastrtps_cpp.hpp
[5.395s] -- Symlinking: /home/euntaek/ws_mobile/install/interfaces_pkg/include/interfaces_pkg/interfaces_pkg/msg/rosidl_typesupport_fastrtps_cpp__visibility_control.h
[5.400s] -- Symlinking: /home/euntaek/ws_mobile/install/interfaces_pkg/include/interfaces_pkg/interfaces_pkg/msg/detail/bounding_box2_d__rosidl_typesupport_introspection_cpp.hpp
[5.405s] -- Symlinking: /home/euntaek/ws_mobile/install/interfaces_pkg/include/interfaces_pkg/interfaces_pkg/msg/detail/bounding_box3_d__rosidl_typesupport_introspection_cpp.hpp
[5.410s] -- Symlinking: /home/euntaek/ws_mobile/install/interfaces_pkg/include/interfaces_pkg/interfaces_pkg/msg/detail/detection__rosidl_typesupport_introspection_cpp.hpp
[5.415s] -- Symlinking: /home/euntaek/ws_mobile/install/interfaces_pkg/include/interfaces_pkg/interfaces_pkg/msg/detail/detection_array__rosidl_typesupport_introspection_cpp.hpp
[5.420s] -- Symlinking: /home/euntaek/ws_mobile/install/interfaces_pkg/include/interfaces_pkg/interfaces_pkg/msg/detail/key_point2_d__rosidl_typesupport_introspection_cpp.hpp
[5.425s] -- Symlinking: /home/euntaek/ws_mobile/install/interfaces_pkg/include/interfaces_pkg/interfaces_pkg/msg/detail/key_point2_d_array__rosidl_typesupport_introspection_cpp.hpp
[5.431s] -- Symlinking: /home/euntaek/ws_mobile/install/interfaces_pkg/include/interfaces_pkg/interfaces_pkg/msg/detail/key_point3_d__rosidl_typesupport_introspection_cpp.hpp
[5.436s] -- Symlinking: /home/euntaek/ws_mobile/install/interfaces_pkg/include/interfaces_pkg/interfaces_pkg/msg/detail/key_point3_d_array__rosidl_typesupport_introspection_cpp.hpp
[5.441s] -- Symlinking: /home/euntaek/ws_mobile/install/interfaces_pkg/include/interfaces_pkg/interfaces_pkg/msg/detail/lane_info__rosidl_typesupport_introspection_cpp.hpp
[5.447s] -- Symlinking: /home/euntaek/ws_mobile/install/interfaces_pkg/include/interfaces_pkg/interfaces_pkg/msg/detail/mask__rosidl_typesupport_introspection_cpp.hpp
[5.452s] -- Symlinking: /home/euntaek/ws_mobile/install/interfaces_pkg/include/interfaces_pkg/interfaces_pkg/msg/detail/motion_command__rosidl_typesupport_introspection_cpp.hpp
[5.458s] -- Symlinking: /home/euntaek/ws_mobile/install/interfaces_pkg/include/interfaces_pkg/interfaces_pkg/msg/detail/path_planning_result__rosidl_typesupport_introspection_cpp.hpp
[5.463s] -- Symlinking: /home/euntaek/ws_mobile/install/interfaces_pkg/include/interfaces_pkg/interfaces_pkg/msg/detail/point2_d__rosidl_typesupport_introspection_cpp.hpp
[5.468s] -- Symlinking: /home/euntaek/ws_mobile/install/interfaces_pkg/include/interfaces_pkg/interfaces_pkg/msg/detail/pose2_d__rosidl_typesupport_introspection_cpp.hpp
[5.473s] -- Symlinking: /home/euntaek/ws_mobile/install/interfaces_pkg/include/interfaces_pkg/interfaces_pkg/msg/detail/target_point__rosidl_typesupport_introspection_cpp.hpp
[5.479s] -- Symlinking: /home/euntaek/ws_mobile/install/interfaces_pkg/include/interfaces_pkg/interfaces_pkg/msg/detail/vector2__rosidl_typesupport_introspection_cpp.hpp
[5.484s] -- Symlinking: /home/euntaek/ws_mobile/install/interfaces_pkg/share/interfaces_pkg/environment/pythonpath.sh
[5.489s] -- Symlinking: /home/euntaek/ws_mobile/install/interfaces_pkg/share/interfaces_pkg/environment/pythonpath.dsv
[5.495s] -- Symlinking: /home/euntaek/ws_mobile/install/interfaces_pkg/local/lib/python3.10/dist-packages/interfaces_pkg-0.0.0-py3.10.egg-info/PKG-INFO
[5.500s] -- Symlinking: /home/euntaek/ws_mobile/install/interfaces_pkg/local/lib/python3.10/dist-packages/interfaces_pkg-0.0.0-py3.10.egg-info/SOURCES.txt
[5.505s] -- Symlinking: /home/euntaek/ws_mobile/install/interfaces_pkg/local/lib/python3.10/dist-packages/interfaces_pkg-0.0.0-py3.10.egg-info/dependency_links.txt
[5.510s] -- Symlinking: /home/euntaek/ws_mobile/install/interfaces_pkg/local/lib/python3.10/dist-packages/interfaces_pkg-0.0.0-py3.10.egg-info/top_level.txt
[5.516s] -- Symlinking: /home/euntaek/ws_mobile/install/interfaces_pkg/local/lib/python3.10/dist-packages/interfaces_pkg/__init__.py
[5.521s] -- Symlinking: /home/euntaek/ws_mobile/install/interfaces_pkg/local/lib/python3.10/dist-packages/interfaces_pkg/_interfaces_pkg_s.ep.rosidl_typesupport_c.c
[5.526s] -- Symlinking: /home/euntaek/ws_mobile/install/interfaces_pkg/local/lib/python3.10/dist-packages/interfaces_pkg/_interfaces_pkg_s.ep.rosidl_typesupport_fastrtps_c.c
[5.530s] -- Symlinking: /home/euntaek/ws_mobile/install/interfaces_pkg/local/lib/python3.10/dist-packages/interfaces_pkg/_interfaces_pkg_s.ep.rosidl_typesupport_introspection_c.c
[5.535s] -- Symlinking: /home/euntaek/ws_mobile/install/interfaces_pkg/local/lib/python3.10/dist-packages/interfaces_pkg/interfaces_pkg_s__rosidl_typesupport_c.cpython-310-x86_64-linux-gnu.so
[5.540s] -- Symlinking: /home/euntaek/ws_mobile/install/interfaces_pkg/local/lib/python3.10/dist-packages/interfaces_pkg/interfaces_pkg_s__rosidl_typesupport_fastrtps_c.cpython-310-x86_64-linux-gnu.so
[5.545s] -- Symlinking: /home/euntaek/ws_mobile/install/interfaces_pkg/local/lib/python3.10/dist-packages/interfaces_pkg/interfaces_pkg_s__rosidl_typesupport_introspection_c.cpython-310-x86_64-linux-gnu.so
[5.551s] -- Symlinking: /home/euntaek/ws_mobile/install/interfaces_pkg/local/lib/python3.10/dist-packages/interfaces_pkg/libinterfaces_pkg__rosidl_generator_py.so
[5.556s] -- Symlinking: /home/euntaek/ws_mobile/install/interfaces_pkg/local/lib/python3.10/dist-packages/interfaces_pkg/msg/__init__.py
[5.561s] -- Symlinking: /home/euntaek/ws_mobile/install/interfaces_pkg/local/lib/python3.10/dist-packages/interfaces_pkg/msg/_bounding_box2_d.py
[5.566s] -- Symlinking: /home/euntaek/ws_mobile/install/interfaces_pkg/local/lib/python3.10/dist-packages/interfaces_pkg/msg/_bounding_box2_d_s.c
[5.571s] -- Symlinking: /home/euntaek/ws_mobile/install/interfaces_pkg/local/lib/python3.10/dist-packages/interfaces_pkg/msg/_bounding_box3_d.py
[5.576s] -- Symlinking: /home/euntaek/ws_mobile/install/interfaces_pkg/local/lib/python3.10/dist-packages/interfaces_pkg/msg/_bounding_box3_d_s.c
[5.581s] -- Symlinking: /home/euntaek/ws_mobile/install/interfaces_pkg/local/lib/python3.10/dist-packages/interfaces_pkg/msg/_detection.py
[5.586s] -- Symlinking: /home/euntaek/ws_mobile/install/interfaces_pkg/local/lib/python3.10/dist-packages/interfaces_pkg/msg/_detection_array.py
[5.591s] -- Symlinking: /home/euntaek/ws_mobile/install/interfaces_pkg/local/lib/python3.10/dist-packages/interfaces_pkg/msg/_detection_array_s.c
[5.596s] -- Symlinking: /home/euntaek/ws_mobile/install/interfaces_pkg/local/lib/python3.10/dist-packages/interfaces_pkg/msg/_detection_s.c
[5.601s] -- Symlinking: /home/euntaek/ws_mobile/install/interfaces_pkg/local/lib/python3.10/dist-packages/interfaces_pkg/msg/_key_point2_d.py
[5.606s] -- Symlinking: /home/euntaek/ws_mobile/install/interfaces_pkg/local/lib/python3.10/dist-packages/interfaces_pkg/msg/_key_point2_d_array.py
[5.612s] -- Symlinking: /home/euntaek/ws_mobile/install/interfaces_pkg/local/lib/python3.10/dist-packages/interfaces_pkg/msg/_key_point2_d_array_s.c
[5.616s] -- Symlinking: /home/euntaek/ws_mobile/install/interfaces_pkg/local/lib/python3.10/dist-packages/interfaces_pkg/msg/_key_point2_d_s.c
[5.621s] -- Symlinking: /home/euntaek/ws_mobile/install/interfaces_pkg/local/lib/python3.10/dist-packages/interfaces_pkg/msg/_key_point3_d.py
[5.626s] -- Symlinking: /home/euntaek/ws_mobile/install/interfaces_pkg/local/lib/python3.10/dist-packages/interfaces_pkg/msg/_key_point3_d_array.py
[5.631s] -- Symlinking: /home/euntaek/ws_mobile/install/interfaces_pkg/local/lib/python3.10/dist-packages/interfaces_pkg/msg/_key_point3_d_array_s.c
[5.636s] -- Symlinking: /home/euntaek/ws_mobile/install/interfaces_pkg/local/lib/python3.10/dist-packages/interfaces_pkg/msg/_key_point3_d_s.c
[5.641s] -- Symlinking: /home/euntaek/ws_mobile/install/interfaces_pkg/local/lib/python3.10/dist-packages/interfaces_pkg/msg/_lane_info.py
[5.646s] -- Symlinking: /home/euntaek/ws_mobile/install/interfaces_pkg/local/lib/python3.10/dist-packages/interfaces_pkg/msg/_lane_info_s.c
[5.650s] -- Symlinking: /home/euntaek/ws_mobile/install/interfaces_pkg/local/lib/python3.10/dist-packages/interfaces_pkg/msg/_mask.py
[5.655s] -- Symlinking: /home/euntaek/ws_mobile/install/interfaces_pkg/local/lib/python3.10/dist-packages/interfaces_pkg/msg/_mask_s.c
[5.660s] -- Symlinking: /home/euntaek/ws_mobile/install/interfaces_pkg/local/lib/python3.10/dist-packages/interfaces_pkg/msg/_motion_command.py
[5.665s] -- Symlinking: /home/euntaek/ws_mobile/install/interfaces_pkg/local/lib/python3.10/dist-packages/interfaces_pkg/msg/_motion_command_s.c
[5.670s] -- Symlinking: /home/euntaek/ws_mobile/install/interfaces_pkg/local/lib/python3.10/dist-packages/interfaces_pkg/msg/_path_planning_result.py
[5.674s] -- Symlinking: /home/euntaek/ws_mobile/install/interfaces_pkg/local/lib/python3.10/dist-packages/interfaces_pkg/msg/_path_planning_result_s.c
[5.679s] -- Symlinking: /home/euntaek/ws_mobile/install/interfaces_pkg/local/lib/python3.10/dist-packages/interfaces_pkg/msg/_point2_d.py
[5.684s] -- Symlinking: /home/euntaek/ws_mobile/install/interfaces_pkg/local/lib/python3.10/dist-packages/interfaces_pkg/msg/_point2_d_s.c
[5.689s] -- Symlinking: /home/euntaek/ws_mobile/install/interfaces_pkg/local/lib/python3.10/dist-packages/interfaces_pkg/msg/_pose2_d.py
[5.695s] -- Symlinking: /home/euntaek/ws_mobile/install/interfaces_pkg/local/lib/python3.10/dist-packages/interfaces_pkg/msg/_pose2_d_s.c
[5.699s] -- Symlinking: /home/euntaek/ws_mobile/install/interfaces_pkg/local/lib/python3.10/dist-packages/interfaces_pkg/msg/_target_point.py
[5.704s] -- Symlinking: /home/euntaek/ws_mobile/install/interfaces_pkg/local/lib/python3.10/dist-packages/interfaces_pkg/msg/_target_point_s.c
[5.710s] -- Symlinking: /home/euntaek/ws_mobile/install/interfaces_pkg/local/lib/python3.10/dist-packages/interfaces_pkg/msg/_vector2.py
[5.715s] -- Symlinking: /home/euntaek/ws_mobile/install/interfaces_pkg/local/lib/python3.10/dist-packages/interfaces_pkg/msg/_vector2_s.c
[5.720s] -- Up-to-date symlink: /home/euntaek/ws_mobile/install/interfaces_pkg/local/lib/python3.10/dist-packages/interfaces_pkg/interfaces_pkg_s__rosidl_typesupport_fastrtps_c.cpython-310-x86_64-linux-gnu.so
[5.720s] -- Up-to-date symlink: /home/euntaek/ws_mobile/install/interfaces_pkg/local/lib/python3.10/dist-packages/interfaces_pkg/interfaces_pkg_s__rosidl_typesupport_introspection_c.cpython-310-x86_64-linux-gnu.so
[5.720s] -- Up-to-date symlink: /home/euntaek/ws_mobile/install/interfaces_pkg/local/lib/python3.10/dist-packages/interfaces_pkg/interfaces_pkg_s__rosidl_typesupport_c.cpython-310-x86_64-linux-gnu.so
[5.720s] -- Symlinking: /home/euntaek/ws_mobile/install/interfaces_pkg/share/interfaces_pkg/msg/Point2D.idl
[5.726s] -- Symlinking: /home/euntaek/ws_mobile/install/interfaces_pkg/share/interfaces_pkg/msg/Vector2.idl
[5.731s] -- Symlinking: /home/euntaek/ws_mobile/install/interfaces_pkg/share/interfaces_pkg/msg/Pose2D.idl
[5.736s] -- Symlinking: /home/euntaek/ws_mobile/install/interfaces_pkg/share/interfaces_pkg/msg/BoundingBox2D.idl
[5.741s] -- Symlinking: /home/euntaek/ws_mobile/install/interfaces_pkg/share/interfaces_pkg/msg/BoundingBox3D.idl
[5.746s] -- Symlinking: /home/euntaek/ws_mobile/install/interfaces_pkg/share/interfaces_pkg/msg/Mask.idl
[5.751s] -- Symlinking: /home/euntaek/ws_mobile/install/interfaces_pkg/share/interfaces_pkg/msg/KeyPoint2D.idl
[5.757s] -- Symlinking: /home/euntaek/ws_mobile/install/interfaces_pkg/share/interfaces_pkg/msg/KeyPoint2DArray.idl
[5.762s] -- Symlinking: /home/euntaek/ws_mobile/install/interfaces_pkg/share/interfaces_pkg/msg/KeyPoint3D.idl
[5.767s] -- Symlinking: /home/euntaek/ws_mobile/install/interfaces_pkg/share/interfaces_pkg/msg/KeyPoint3DArray.idl
[5.771s] -- Symlinking: /home/euntaek/ws_mobile/install/interfaces_pkg/share/interfaces_pkg/msg/Detection.idl
[5.776s] -- Symlinking: /home/euntaek/ws_mobile/install/interfaces_pkg/share/interfaces_pkg/msg/DetectionArray.idl
[5.782s] -- Symlinking: /home/euntaek/ws_mobile/install/interfaces_pkg/share/interfaces_pkg/msg/LaneInfo.idl
[5.787s] -- Symlinking: /home/euntaek/ws_mobile/install/interfaces_pkg/share/interfaces_pkg/msg/MotionCommand.idl
[5.792s] -- Symlinking: /home/euntaek/ws_mobile/install/interfaces_pkg/share/interfaces_pkg/msg/TargetPoint.idl
[5.797s] -- Symlinking: /home/euntaek/ws_mobile/install/interfaces_pkg/share/interfaces_pkg/msg/PathPlanningResult.idl
[5.803s] -- Symlinking: /home/euntaek/ws_mobile/install/interfaces_pkg/share/interfaces_pkg/msg/Point2D.msg
[5.807s] -- Symlinking: /home/euntaek/ws_mobile/install/interfaces_pkg/share/interfaces_pkg/msg/Vector2.msg
[5.812s] -- Symlinking: /home/euntaek/ws_mobile/install/interfaces_pkg/share/interfaces_pkg/msg/Pose2D.msg
[5.817s] -- Symlinking: /home/euntaek/ws_mobile/install/interfaces_pkg/share/interfaces_pkg/msg/BoundingBox2D.msg
[5.822s] -- Symlinking: /home/euntaek/ws_mobile/install/interfaces_pkg/share/interfaces_pkg/msg/BoundingBox3D.msg
[5.827s] -- Symlinking: /home/euntaek/ws_mobile/install/interfaces_pkg/share/interfaces_pkg/msg/Mask.msg
[5.832s] -- Symlinking: /home/euntaek/ws_mobile/install/interfaces_pkg/share/interfaces_pkg/msg/KeyPoint2D.msg
[5.837s] -- Symlinking: /home/euntaek/ws_mobile/install/interfaces_pkg/share/interfaces_pkg/msg/KeyPoint2DArray.msg
[5.842s] -- Symlinking: /home/euntaek/ws_mobile/install/interfaces_pkg/share/interfaces_pkg/msg/KeyPoint3D.msg
[5.848s] -- Symlinking: /home/euntaek/ws_mobile/install/interfaces_pkg/share/interfaces_pkg/msg/KeyPoint3DArray.msg
[5.853s] -- Symlinking: /home/euntaek/ws_mobile/install/interfaces_pkg/share/interfaces_pkg/msg/Detection.msg
[5.858s] -- Symlinking: /home/euntaek/ws_mobile/install/interfaces_pkg/share/interfaces_pkg/msg/DetectionArray.msg
[5.863s] -- Symlinking: /home/euntaek/ws_mobile/install/interfaces_pkg/share/interfaces_pkg/msg/LaneInfo.msg
[5.868s] -- Symlinking: /home/euntaek/ws_mobile/install/interfaces_pkg/share/interfaces_pkg/msg/MotionCommand.msg
[5.873s] -- Symlinking: /home/euntaek/ws_mobile/install/interfaces_pkg/share/interfaces_pkg/msg/TargetPoint.msg
[5.879s] -- Symlinking: /home/euntaek/ws_mobile/install/interfaces_pkg/share/interfaces_pkg/msg/PathPlanningResult.msg
[5.884s] -- Symlinking: /home/euntaek/ws_mobile/install/interfaces_pkg/share/ament_index/resource_index/package_run_dependencies/interfaces_pkg
[5.889s] -- Symlinking: /home/euntaek/ws_mobile/install/interfaces_pkg/share/ament_index/resource_index/parent_prefix_path/interfaces_pkg
[5.894s] -- Symlinking: /home/euntaek/ws_mobile/install/interfaces_pkg/share/interfaces_pkg/environment/ament_prefix_path.sh
[5.899s] -- Symlinking: /home/euntaek/ws_mobile/install/interfaces_pkg/share/interfaces_pkg/environment/ament_prefix_path.dsv
[5.904s] -- Symlinking: /home/euntaek/ws_mobile/install/interfaces_pkg/share/interfaces_pkg/environment/path.sh
[5.910s] -- Symlinking: /home/euntaek/ws_mobile/install/interfaces_pkg/share/interfaces_pkg/environment/path.dsv
[5.915s] -- Symlinking: /home/euntaek/ws_mobile/install/interfaces_pkg/share/interfaces_pkg/local_setup.bash
[5.919s] -- Symlinking: /home/euntaek/ws_mobile/install/interfaces_pkg/share/interfaces_pkg/local_setup.sh
[5.924s] -- Symlinking: /home/euntaek/ws_mobile/install/interfaces_pkg/share/interfaces_pkg/local_setup.zsh
[5.929s] -- Symlinking: /home/euntaek/ws_mobile/install/interfaces_pkg/share/interfaces_pkg/local_setup.dsv
[5.935s] -- Symlinking: /home/euntaek/ws_mobile/install/interfaces_pkg/share/interfaces_pkg/package.dsv
[5.939s] -- Symlinking: /home/euntaek/ws_mobile/install/interfaces_pkg/share/ament_index/resource_index/packages/interfaces_pkg
[5.944s] -- Symlinking: /home/euntaek/ws_mobile/install/interfaces_pkg/share/interfaces_pkg/cmake/rosidl_cmake-extras.cmake
[5.949s] -- Symlinking: /home/euntaek/ws_mobile/install/interfaces_pkg/share/interfaces_pkg/cmake/ament_cmake_export_dependencies-extras.cmake
[5.955s] -- Symlinking: /home/euntaek/ws_mobile/install/interfaces_pkg/share/interfaces_pkg/cmake/ament_cmake_export_include_directories-extras.cmake
[5.959s] -- Symlinking: /home/euntaek/ws_mobile/install/interfaces_pkg/share/interfaces_pkg/cmake/ament_cmake_export_libraries-extras.cmake
[5.964s] -- Symlinking: /home/euntaek/ws_mobile/install/interfaces_pkg/share/interfaces_pkg/cmake/ament_cmake_export_targets-extras.cmake
[5.969s] -- Symlinking: /home/euntaek/ws_mobile/install/interfaces_pkg/share/interfaces_pkg/cmake/rosidl_cmake_export_typesupport_targets-extras.cmake
[5.974s] -- Symlinking: /home/euntaek/ws_mobile/install/interfaces_pkg/share/interfaces_pkg/cmake/rosidl_cmake_export_typesupport_libraries-extras.cmake
[5.979s] -- Symlinking: /home/euntaek/ws_mobile/install/interfaces_pkg/share/interfaces_pkg/cmake/interfaces_pkgConfig.cmake
[5.984s] -- Symlinking: /home/euntaek/ws_mobile/install/interfaces_pkg/share/interfaces_pkg/cmake/interfaces_pkgConfig-version.cmake
[5.989s] -- Symlinking: /home/euntaek/ws_mobile/install/interfaces_pkg/share/interfaces_pkg/package.xml
[5.994s] -- Installing: /home/euntaek/ws_mobile/install/interfaces_pkg/lib/libinterfaces_pkg__rosidl_generator_c.so
[5.994s] -- Set runtime path of "/home/euntaek/ws_mobile/install/interfaces_pkg/lib/libinterfaces_pkg__rosidl_generator_c.so" to ""
[5.994s] -- Installing: /home/euntaek/ws_mobile/install/interfaces_pkg/lib/libinterfaces_pkg__rosidl_typesupport_fastrtps_c.so
[5.995s] -- Set runtime path of "/home/euntaek/ws_mobile/install/interfaces_pkg/lib/libinterfaces_pkg__rosidl_typesupport_fastrtps_c.so" to ""
[5.995s] -- Installing: /home/euntaek/ws_mobile/install/interfaces_pkg/lib/libinterfaces_pkg__rosidl_typesupport_introspection_c.so
[5.995s] -- Set runtime path of "/home/euntaek/ws_mobile/install/interfaces_pkg/lib/libinterfaces_pkg__rosidl_typesupport_introspection_c.so" to ""
[5.995s] -- Installing: /home/euntaek/ws_mobile/install/interfaces_pkg/lib/libinterfaces_pkg__rosidl_typesupport_c.so
[5.995s] -- Set runtime path of "/home/euntaek/ws_mobile/install/interfaces_pkg/lib/libinterfaces_pkg__rosidl_typesupport_c.so" to ""
[5.995s] -- Installing: /home/euntaek/ws_mobile/install/interfaces_pkg/lib/libinterfaces_pkg__rosidl_typesupport_fastrtps_cpp.so
[5.996s] -- Set runtime path of "/home/euntaek/ws_mobile/install/interfaces_pkg/lib/libinterfaces_pkg__rosidl_typesupport_fastrtps_cpp.so" to ""
[5.996s] -- Installing: /home/euntaek/ws_mobile/install/interfaces_pkg/lib/libinterfaces_pkg__rosidl_typesupport_introspection_cpp.so
[5.996s] -- Set runtime path of "/home/euntaek/ws_mobile/install/interfaces_pkg/lib/libinterfaces_pkg__rosidl_typesupport_introspection_cpp.so" to ""
[5.996s] -- Installing: /home/euntaek/ws_mobile/install/interfaces_pkg/lib/libinterfaces_pkg__rosidl_typesupport_cpp.so
[5.996s] -- Set runtime path of "/home/euntaek/ws_mobile/install/interfaces_pkg/lib/libinterfaces_pkg__rosidl_typesupport_cpp.so" to ""
[6.022s] Listing '/home/euntaek/ws_mobile/install/interfaces_pkg/local/lib/python3.10/dist-packages/interfaces_pkg'...
[6.022s] Compiling '/home/euntaek/ws_mobile/install/interfaces_pkg/local/lib/python3.10/dist-packages/interfaces_pkg/__init__.py'...
[6.022s] Listing '/home/euntaek/ws_mobile/install/interfaces_pkg/local/lib/python3.10/dist-packages/interfaces_pkg/msg'...
[6.022s] Compiling '/home/euntaek/ws_mobile/install/interfaces_pkg/local/lib/python3.10/dist-packages/interfaces_pkg/msg/__init__.py'...
[6.022s] Compiling '/home/euntaek/ws_mobile/install/interfaces_pkg/local/lib/python3.10/dist-packages/interfaces_pkg/msg/_bounding_box2_d.py'...
[6.022s] Compiling '/home/euntaek/ws_mobile/install/interfaces_pkg/local/lib/python3.10/dist-packages/interfaces_pkg/msg/_bounding_box3_d.py'...
[6.022s] Compiling '/home/euntaek/ws_mobile/install/interfaces_pkg/local/lib/python3.10/dist-packages/interfaces_pkg/msg/_detection.py'...
[6.022s] Compiling '/home/euntaek/ws_mobile/install/interfaces_pkg/local/lib/python3.10/dist-packages/interfaces_pkg/msg/_detection_array.py'...
[6.022s] Compiling '/home/euntaek/ws_mobile/install/interfaces_pkg/local/lib/python3.10/dist-packages/interfaces_pkg/msg/_key_point2_d.py'...
[6.022s] Compiling '/home/euntaek/ws_mobile/install/interfaces_pkg/local/lib/python3.10/dist-packages/interfaces_pkg/msg/_key_point2_d_array.py'...
[6.022s] Compiling '/home/euntaek/ws_mobile/install/interfaces_pkg/local/lib/python3.10/dist-packages/interfaces_pkg/msg/_key_point3_d.py'...
[6.022s] Compiling '/home/euntaek/ws_mobile/install/interfaces_pkg/local/lib/python3.10/dist-packages/interfaces_pkg/msg/_key_point3_d_array.py'...
[6.022s] Compiling '/home/euntaek/ws_mobile/install/interfaces_pkg/local/lib/python3.10/dist-packages/interfaces_pkg/msg/_lane_info.py'...
[6.022s] Compiling '/home/euntaek/ws_mobile/install/interfaces_pkg/local/lib/python3.10/dist-packages/interfaces_pkg/msg/_mask.py'...
[6.022s] Compiling '/home/euntaek/ws_mobile/install/interfaces_pkg/local/lib/python3.10/dist-packages/interfaces_pkg/msg/_motion_command.py'...
[6.022s] Compiling '/home/euntaek/ws_mobile/install/interfaces_pkg/local/lib/python3.10/dist-packages/interfaces_pkg/msg/_path_planning_result.py'...
[6.022s] Compiling '/home/euntaek/ws_mobile/install/interfaces_pkg/local/lib/python3.10/dist-packages/interfaces_pkg/msg/_point2_d.py'...
[6.022s] Compiling '/home/euntaek/ws_mobile/install/interfaces_pkg/local/lib/python3.10/dist-packages/interfaces_pkg/msg/_pose2_d.py'...
[6.022s] Compiling '/home/euntaek/ws_mobile/install/interfaces_pkg/local/lib/python3.10/dist-packages/interfaces_pkg/msg/_target_point.py'...
[6.022s] Compiling '/home/euntaek/ws_mobile/install/interfaces_pkg/local/lib/python3.10/dist-packages/interfaces_pkg/msg/_vector2.py'...
[6.024s] -- Installing: /home/euntaek/ws_mobile/install/interfaces_pkg/lib/libinterfaces_pkg__rosidl_generator_py.so
[6.024s] -- Set runtime path of "/home/euntaek/ws_mobile/install/interfaces_pkg/lib/libinterfaces_pkg__rosidl_generator_py.so" to ""
[6.024s] -- Installing: /home/euntaek/ws_mobile/install/interfaces_pkg/share/interfaces_pkg/cmake/export_interfaces_pkg__rosidl_generator_cExport.cmake
[6.024s] -- Installing: /home/euntaek/ws_mobile/install/interfaces_pkg/share/interfaces_pkg/cmake/export_interfaces_pkg__rosidl_generator_cExport-noconfig.cmake
[6.025s] -- Installing: /home/euntaek/ws_mobile/install/interfaces_pkg/share/interfaces_pkg/cmake/export_interfaces_pkg__rosidl_typesupport_fastrtps_cExport.cmake
[6.025s] -- Installing: /home/euntaek/ws_mobile/install/interfaces_pkg/share/interfaces_pkg/cmake/export_interfaces_pkg__rosidl_typesupport_fastrtps_cExport-noconfig.cmake
[6.025s] -- Installing: /home/euntaek/ws_mobile/install/interfaces_pkg/share/interfaces_pkg/cmake/interfaces_pkg__rosidl_typesupport_introspection_cExport.cmake
[6.025s] -- Installing: /home/euntaek/ws_mobile/install/interfaces_pkg/share/interfaces_pkg/cmake/interfaces_pkg__rosidl_typesupport_introspection_cExport-noconfig.cmake
[6.025s] -- Installing: /home/euntaek/ws_mobile/install/interfaces_pkg/share/interfaces_pkg/cmake/interfaces_pkg__rosidl_typesupport_cExport.cmake
[6.025s] -- Installing: /home/euntaek/ws_mobile/install/interfaces_pkg/share/interfaces_pkg/cmake/interfaces_pkg__rosidl_typesupport_cExport-noconfig.cmake
[6.025s] -- Installing: /home/euntaek/ws_mobile/install/interfaces_pkg/share/interfaces_pkg/cmake/export_interfaces_pkg__rosidl_generator_cppExport.cmake
[6.025s] -- Installing: /home/euntaek/ws_mobile/install/interfaces_pkg/share/interfaces_pkg/cmake/export_interfaces_pkg__rosidl_typesupport_fastrtps_cppExport.cmake
[6.025s] -- Installing: /home/euntaek/ws_mobile/install/interfaces_pkg/share/interfaces_pkg/cmake/export_interfaces_pkg__rosidl_typesupport_fastrtps_cppExport-noconfig.cmake
[6.025s] -- Installing: /home/euntaek/ws_mobile/install/interfaces_pkg/share/interfaces_pkg/cmake/interfaces_pkg__rosidl_typesupport_introspection_cppExport.cmake
[6.025s] -- Installing: /home/euntaek/ws_mobile/install/interfaces_pkg/share/interfaces_pkg/cmake/interfaces_pkg__rosidl_typesupport_introspection_cppExport-noconfig.cmake
[6.026s] -- Installing: /home/euntaek/ws_mobile/install/interfaces_pkg/share/interfaces_pkg/cmake/interfaces_pkg__rosidl_typesupport_cppExport.cmake
[6.026s] -- Installing: /home/euntaek/ws_mobile/install/interfaces_pkg/share/interfaces_pkg/cmake/interfaces_pkg__rosidl_typesupport_cppExport-noconfig.cmake
[6.026s] -- Installing: /home/euntaek/ws_mobile/install/interfaces_pkg/share/interfaces_pkg/cmake/export_interfaces_pkg__rosidl_generator_pyExport.cmake
[6.026s] -- Installing: /home/euntaek/ws_mobile/install/interfaces_pkg/share/interfaces_pkg/cmake/export_interfaces_pkg__rosidl_generator_pyExport-noconfig.cmake
[6.028s] Invoked command in '/home/euntaek/ws_mobile/build/interfaces_pkg' returned '0': CMAKE_PREFIX_PATH=${CMAKE_PREFIX_PATH}:/home/euntaek/ws_mobile/install/decision_making_pkg:/home/euntaek/ws_mobile/install/debug_pkg:/opt/ros/humble /usr/bin/cmake --install /home/euntaek/ws_mobile/build/interfaces_pkg
