running develop
Removing /home/euntaek/ws_mobile/install/debug_pkg/lib/python3.10/site-packages/debug-pkg.egg-link (link to .)
running egg_info
writing ../../build/debug_pkg/debug_pkg.egg-info/PKG-INFO
writing dependency_links to ../../build/debug_pkg/debug_pkg.egg-info/dependency_links.txt
writing entry points to ../../build/debug_pkg/debug_pkg.egg-info/entry_points.txt
writing requirements to ../../build/debug_pkg/debug_pkg.egg-info/requires.txt
writing top-level names to ../../build/debug_pkg/debug_pkg.egg-info/top_level.txt
reading manifest file '../../build/debug_pkg/debug_pkg.egg-info/SOURCES.txt'
writing manifest file '../../build/debug_pkg/debug_pkg.egg-info/SOURCES.txt'
running build
running build_py
creating /home/euntaek/ws_mobile/build/debug_pkg/build
creating /home/euntaek/ws_mobile/build/debug_pkg/build/lib
creating /home/euntaek/ws_mobile/build/debug_pkg/build/lib/debug_pkg
copying debug_pkg/gps_path_visualizer_node.py -> /home/euntaek/ws_mobile/build/debug_pkg/build/lib/debug_pkg
copying debug_pkg/yolo_visualizer_node.py -> /home/euntaek/ws_mobile/build/debug_pkg/build/lib/debug_pkg
copying debug_pkg/__init__.py -> /home/euntaek/ws_mobile/build/debug_pkg/build/lib/debug_pkg
copying debug_pkg/path_visualizer_node.py -> /home/euntaek/ws_mobile/build/debug_pkg/build/lib/debug_pkg
creating /home/euntaek/ws_mobile/build/debug_pkg/build/lib/debug_pkg/lib
copying debug_pkg/lib/__init__.py -> /home/euntaek/ws_mobile/build/debug_pkg/build/lib/debug_pkg/lib
running install
running install_lib
creating /home/euntaek/ws_mobile/install/debug_pkg/lib/python3.10/site-packages/debug_pkg
copying /home/euntaek/ws_mobile/build/debug_pkg/build/lib/debug_pkg/gps_path_visualizer_node.py -> /home/euntaek/ws_mobile/install/debug_pkg/lib/python3.10/site-packages/debug_pkg
copying /home/euntaek/ws_mobile/build/debug_pkg/build/lib/debug_pkg/yolo_visualizer_node.py -> /home/euntaek/ws_mobile/install/debug_pkg/lib/python3.10/site-packages/debug_pkg
copying /home/euntaek/ws_mobile/build/debug_pkg/build/lib/debug_pkg/__init__.py -> /home/euntaek/ws_mobile/install/debug_pkg/lib/python3.10/site-packages/debug_pkg
copying /home/euntaek/ws_mobile/build/debug_pkg/build/lib/debug_pkg/path_visualizer_node.py -> /home/euntaek/ws_mobile/install/debug_pkg/lib/python3.10/site-packages/debug_pkg
creating /home/euntaek/ws_mobile/install/debug_pkg/lib/python3.10/site-packages/debug_pkg/lib
copying /home/euntaek/ws_mobile/build/debug_pkg/build/lib/debug_pkg/lib/__init__.py -> /home/euntaek/ws_mobile/install/debug_pkg/lib/python3.10/site-packages/debug_pkg/lib
byte-compiling /home/euntaek/ws_mobile/install/debug_pkg/lib/python3.10/site-packages/debug_pkg/gps_path_visualizer_node.py to gps_path_visualizer_node.cpython-310.pyc
byte-compiling /home/euntaek/ws_mobile/install/debug_pkg/lib/python3.10/site-packages/debug_pkg/yolo_visualizer_node.py to yolo_visualizer_node.cpython-310.pyc
byte-compiling /home/euntaek/ws_mobile/install/debug_pkg/lib/python3.10/site-packages/debug_pkg/__init__.py to __init__.cpython-310.pyc
byte-compiling /home/euntaek/ws_mobile/install/debug_pkg/lib/python3.10/site-packages/debug_pkg/path_visualizer_node.py to path_visualizer_node.cpython-310.pyc
byte-compiling /home/euntaek/ws_mobile/install/debug_pkg/lib/python3.10/site-packages/debug_pkg/lib/__init__.py to __init__.cpython-310.pyc
running install_data
copying resource/debug_pkg -> /home/euntaek/ws_mobile/install/debug_pkg/share/ament_index/resource_index/packages
copying package.xml -> /home/euntaek/ws_mobile/install/debug_pkg/share/debug_pkg
running install_egg_info
Copying ../../build/debug_pkg/debug_pkg.egg-info to /home/euntaek/ws_mobile/install/debug_pkg/lib/python3.10/site-packages/debug_pkg-0.0.0-py3.10.egg-info
running install_scripts
Installing gps_path_visualizer_node script to /home/euntaek/ws_mobile/install/debug_pkg/lib/debug_pkg
Installing path_visualizer_node script to /home/euntaek/ws_mobile/install/debug_pkg/lib/debug_pkg
Installing yolo_visualizer_node script to /home/euntaek/ws_mobile/install/debug_pkg/lib/debug_pkg
writing list of installed files to '/home/euntaek/ws_mobile/build/debug_pkg/install.log'
